[ 2017-03-10T16:46:33+08:00 ] 127.0.0.1 /index.php?m=&c=Checkout&a=addCar&
ERR: 无法加载控制器:Checkout

[ 2017-03-10T16:48:37+08:00 ] 127.0.0.1 /Application/Home/View/Public/css/bootstrap.css.map
ERR: 无法加载控制器:Application

[ 2017-03-10T16:51:18+08:00 ] 127.0.0.1 /index.php?m=&c=Single&a=index&pid=9
ERR: 无法加载控制器:Single

[ 2017-03-10T17:01:49+08:00 ] 127.0.0.1 /Application/Home/View/Public/css/bootstrap.css.map
ERR: 无法加载控制器:Application

[ 2017-03-10T17:12:52+08:00 ] 127.0.0.1 /Application/Home/View/Public/css/bootstrap.css.map
ERR: 无法加载控制器:Application

[ 2017-03-10T17:13:20+08:00 ] 127.0.0.1 /Application/Home/View/Public/css/bootstrap.css.map
ERR: 无法加载控制器:Application

[ 2017-03-10T17:15:11+08:00 ] 127.0.0.1 /Application/Home/View/Public/css/bootstrap.css.map
ERR: 无法加载控制器:Application

[ 2017-03-10T17:15:14+08:00 ] 127.0.0.1 /Controller/ProductController.class.php?action=ajax
INFO: [ app_begin ] --START--
INFO: Run Behavior\ReadHtmlCache [ RunTime:0.001026s ]
INFO: [ app_begin ] --END-- [ RunTime:0.001894s ]
ERR: 无法加载控制器:Controller

[ 2017-03-10T17:18:37+08:00 ] 127.0.0.1 /Application/Home/View/Public/css/bootstrap.css.map
ERR: 无法加载控制器:Application

[ 2017-03-10T17:18:40+08:00 ] 127.0.0.1 /Home/Product/add_car?action=ajax
INFO: [ app_begin ] --START--
INFO: Run Behavior\ReadHtmlCache [ RunTime:0.000948s ]
INFO: [ app_begin ] --END-- [ RunTime:0.001634s ]
NOTIC: [8] A session had already been started - ignoring session_start() D:\phpStudy\WWW\internship_tp\Application\Home\Controller\ProductController.class.php 第 25 行.
INFO: [ app_end ] --START--
INFO: Run Behavior\ShowPageTrace [ RunTime:0.000864s ]
INFO: [ app_end ] --END-- [ RunTime:0.000951s ]

[ 2017-03-10T17:19:25+08:00 ] 127.0.0.1 /index.php?m=&c=Single&a=index&pid=9
ERR: 无法加载控制器:Single

[ 2017-03-10T17:19:35+08:00 ] 127.0.0.1 /Home/Product/add_car?action=ajax
INFO: [ app_begin ] --START--
INFO: Run Behavior\ReadHtmlCache [ RunTime:0.001067s ]
INFO: [ app_begin ] --END-- [ RunTime:0.001996s ]
NOTIC: [8] A session had already been started - ignoring session_start() D:\phpStudy\WWW\internship_tp\Application\Home\Controller\ProductController.class.php 第 25 行.
INFO: [ app_end ] --START--
INFO: Run Behavior\ShowPageTrace [ RunTime:0.001302s ]
INFO: [ app_end ] --END-- [ RunTime:0.001449s ]

[ 2017-03-10T17:19:37+08:00 ] 127.0.0.1 /Home/Product/add_car?action=ajax
INFO: [ app_begin ] --START--
INFO: Run Behavior\ReadHtmlCache [ RunTime:0.001074s ]
INFO: [ app_begin ] --END-- [ RunTime:0.003432s ]
NOTIC: [8] A session had already been started - ignoring session_start() D:\phpStudy\WWW\internship_tp\Application\Home\Controller\ProductController.class.php 第 25 行.
INFO: [ app_end ] --START--
INFO: Run Behavior\ShowPageTrace [ RunTime:0.001247s ]
INFO: [ app_end ] --END-- [ RunTime:0.001401s ]

[ 2017-03-10T17:19:37+08:00 ] 127.0.0.1 /Home/Product/add_car?action=ajax
INFO: [ app_begin ] --START--
INFO: Run Behavior\ReadHtmlCache [ RunTime:0.011191s ]
INFO: [ app_begin ] --END-- [ RunTime:0.013831s ]
NOTIC: [8] A session had already been started - ignoring session_start() D:\phpStudy\WWW\internship_tp\Application\Home\Controller\ProductController.class.php 第 25 行.
INFO: [ app_end ] --START--
INFO: Run Behavior\ShowPageTrace [ RunTime:0.002267s ]
INFO: [ app_end ] --END-- [ RunTime:0.002386s ]

[ 2017-03-10T17:19:41+08:00 ] 127.0.0.1 /index.php?m=&c=Single&a=index&pid=8
ERR: 无法加载控制器:Single

[ 2017-03-10T17:19:45+08:00 ] 127.0.0.1 /Home/Product/add_car?action=ajax
INFO: [ app_begin ] --START--
INFO: Run Behavior\ReadHtmlCache [ RunTime:0.002713s ]
INFO: [ app_begin ] --END-- [ RunTime:0.005026s ]
NOTIC: [8] A session had already been started - ignoring session_start() D:\phpStudy\WWW\internship_tp\Application\Home\Controller\ProductController.class.php 第 25 行.
INFO: [ app_end ] --START--
INFO: Run Behavior\ShowPageTrace [ RunTime:0.001264s ]
INFO: [ app_end ] --END-- [ RunTime:0.001353s ]

[ 2017-03-10T17:19:48+08:00 ] 127.0.0.1 /Home/Product/add_car?action=ajax
INFO: [ app_begin ] --START--
INFO: Run Behavior\ReadHtmlCache [ RunTime:0.001324s ]
INFO: [ app_begin ] --END-- [ RunTime:0.002566s ]
NOTIC: [8] A session had already been started - ignoring session_start() D:\phpStudy\WWW\internship_tp\Application\Home\Controller\ProductController.class.php 第 25 行.
INFO: [ app_end ] --START--
INFO: Run Behavior\ShowPageTrace [ RunTime:0.018896s ]
INFO: [ app_end ] --END-- [ RunTime:0.019225s ]

[ 2017-03-10T17:19:48+08:00 ] 127.0.0.1 /Home/Product/add_car?action=ajax
INFO: [ app_begin ] --START--
INFO: Run Behavior\ReadHtmlCache [ RunTime:0.005229s ]
INFO: [ app_begin ] --END-- [ RunTime:0.008738s ]
NOTIC: [8] A session had already been started - ignoring session_start() D:\phpStudy\WWW\internship_tp\Application\Home\Controller\ProductController.class.php 第 25 行.
INFO: [ app_end ] --START--
INFO: Run Behavior\ShowPageTrace [ RunTime:0.001688s ]
INFO: [ app_end ] --END-- [ RunTime:0.001820s ]

[ 2017-03-10T17:21:20+08:00 ] 127.0.0.1 /index.php?m=&c=Single&a=index&pid=12
ERR: 无法加载控制器:Single

[ 2017-03-10T17:21:24+08:00 ] 127.0.0.1 /Home/Product/add_car?action=ajax
INFO: [ app_begin ] --START--
INFO: Run Behavior\ReadHtmlCache [ RunTime:0.005783s ]
INFO: [ app_begin ] --END-- [ RunTime:0.007634s ]
NOTIC: [8] A session had already been started - ignoring session_start() D:\phpStudy\WWW\internship_tp\Application\Home\Controller\ProductController.class.php 第 22 行.
INFO: [ app_end ] --START--
INFO: Run Behavior\ShowPageTrace [ RunTime:0.001400s ]
INFO: [ app_end ] --END-- [ RunTime:0.001489s ]

[ 2017-03-10T17:22:08+08:00 ] 127.0.0.1 /Home/Product/add_car?action=ajax
INFO: [ app_begin ] --START--
INFO: Run Behavior\ReadHtmlCache [ RunTime:0.002400s ]
INFO: [ app_begin ] --END-- [ RunTime:0.003607s ]
NOTIC: [8] A session had already been started - ignoring session_start() D:\phpStudy\WWW\internship_tp\Application\Home\Controller\ProductController.class.php 第 22 行.
INFO: [ app_end ] --START--
INFO: Run Behavior\ShowPageTrace [ RunTime:0.008410s ]
INFO: [ app_end ] --END-- [ RunTime:0.008548s ]

[ 2017-03-10T17:22:11+08:00 ] 127.0.0.1 /Home/Product/add_car?action=ajax
INFO: [ app_begin ] --START--
INFO: Run Behavior\ReadHtmlCache [ RunTime:0.002204s ]
INFO: [ app_begin ] --END-- [ RunTime:0.003305s ]
NOTIC: [8] A session had already been started - ignoring session_start() D:\phpStudy\WWW\internship_tp\Application\Home\Controller\ProductController.class.php 第 22 行.
INFO: [ app_end ] --START--
INFO: Run Behavior\ShowPageTrace [ RunTime:0.001449s ]
INFO: [ app_end ] --END-- [ RunTime:0.001539s ]

[ 2017-03-10T17:22:11+08:00 ] 127.0.0.1 /Home/Product/add_car?action=ajax
INFO: [ app_begin ] --START--
INFO: Run Behavior\ReadHtmlCache [ RunTime:0.001904s ]
INFO: [ app_begin ] --END-- [ RunTime:0.003234s ]
NOTIC: [8] A session had already been started - ignoring session_start() D:\phpStudy\WWW\internship_tp\Application\Home\Controller\ProductController.class.php 第 22 行.
INFO: [ app_end ] --START--
INFO: Run Behavior\ShowPageTrace [ RunTime:0.002155s ]
INFO: [ app_end ] --END-- [ RunTime:0.002367s ]

[ 2017-03-10T17:22:14+08:00 ] 127.0.0.1 /Home/Product/add_car?action=ajax
INFO: [ app_begin ] --START--
INFO: Run Behavior\ReadHtmlCache [ RunTime:0.001087s ]
INFO: [ app_begin ] --END-- [ RunTime:0.001973s ]
NOTIC: [8] A session had already been started - ignoring session_start() D:\phpStudy\WWW\internship_tp\Application\Home\Controller\ProductController.class.php 第 22 行.
INFO: [ app_end ] --START--
INFO: Run Behavior\ShowPageTrace [ RunTime:0.000971s ]
INFO: [ app_end ] --END-- [ RunTime:0.001072s ]

[ 2017-03-10T17:22:14+08:00 ] 127.0.0.1 /Home/Product/add_car?action=ajax
INFO: [ app_begin ] --START--
INFO: Run Behavior\ReadHtmlCache [ RunTime:0.002312s ]
INFO: [ app_begin ] --END-- [ RunTime:0.003677s ]
NOTIC: [8] A session had already been started - ignoring session_start() D:\phpStudy\WWW\internship_tp\Application\Home\Controller\ProductController.class.php 第 22 行.
INFO: [ app_end ] --START--
INFO: Run Behavior\ShowPageTrace [ RunTime:0.002005s ]
INFO: [ app_end ] --END-- [ RunTime:0.002149s ]

[ 2017-03-10T17:22:14+08:00 ] 127.0.0.1 /Home/Product/add_car?action=ajax
INFO: [ app_begin ] --START--
INFO: Run Behavior\ReadHtmlCache [ RunTime:0.001446s ]
INFO: [ app_begin ] --END-- [ RunTime:0.002051s ]
NOTIC: [8] A session had already been started - ignoring session_start() D:\phpStudy\WWW\internship_tp\Application\Home\Controller\ProductController.class.php 第 22 行.
INFO: [ app_end ] --START--
INFO: Run Behavior\ShowPageTrace [ RunTime:0.002472s ]
INFO: [ app_end ] --END-- [ RunTime:0.002585s ]

[ 2017-03-10T17:22:21+08:00 ] 127.0.0.1 /index.php?m=&c=Single&a=index&pid=9
ERR: 无法加载控制器:Single

[ 2017-03-10T17:22:27+08:00 ] 127.0.0.1 /Home/Product/add_car?action=ajax
INFO: [ app_begin ] --START--
INFO: Run Behavior\ReadHtmlCache [ RunTime:0.000650s ]
INFO: [ app_begin ] --END-- [ RunTime:0.001257s ]
NOTIC: [8] A session had already been started - ignoring session_start() D:\phpStudy\WWW\internship_tp\Application\Home\Controller\ProductController.class.php 第 22 行.
INFO: [ app_end ] --START--
INFO: Run Behavior\ShowPageTrace [ RunTime:0.000616s ]
INFO: [ app_end ] --END-- [ RunTime:0.000675s ]

[ 2017-03-10T17:22:40+08:00 ] 127.0.0.1 /Application/Home/View/Public/css/bootstrap.css.map
ERR: 无法加载控制器:Application

[ 2017-03-10T17:22:40+08:00 ] 127.0.0.1 /Application/Home/View/Public/css/bootstrap.css.map
ERR: 无法加载控制器:Application

[ 2017-03-10T17:22:43+08:00 ] 127.0.0.1 /Home/Product/add_car?action=ajax
INFO: [ app_begin ] --START--
INFO: Run Behavior\ReadHtmlCache [ RunTime:0.001281s ]
INFO: [ app_begin ] --END-- [ RunTime:0.002029s ]
NOTIC: [8] A session had already been started - ignoring session_start() D:\phpStudy\WWW\internship_tp\Application\Home\Controller\ProductController.class.php 第 22 行.
INFO: [ app_end ] --START--
INFO: Run Behavior\ShowPageTrace [ RunTime:0.002527s ]
INFO: [ app_end ] --END-- [ RunTime:0.002699s ]

[ 2017-03-10T17:23:52+08:00 ] 127.0.0.1 /Application/Home/View/Public/css/bootstrap.css.map
ERR: 无法加载控制器:Application

[ 2017-03-10T17:23:55+08:00 ] 127.0.0.1 /Home/Product/add_car?action=ajax
INFO: [ app_begin ] --START--
INFO: Run Behavior\ReadHtmlCache [ RunTime:0.001355s ]
INFO: [ app_begin ] --END-- [ RunTime:0.002198s ]
NOTIC: [8] A session had already been started - ignoring session_start() D:\phpStudy\WWW\internship_tp\Application\Home\Controller\ProductController.class.php 第 22 行.
INFO: [ app_end ] --START--
INFO: Run Behavior\ShowPageTrace [ RunTime:0.002033s ]
INFO: [ app_end ] --END-- [ RunTime:0.002184s ]

[ 2017-03-10T17:24:01+08:00 ] 127.0.0.1 /Home/Product/add_car?action=ajax
INFO: [ app_begin ] --START--
INFO: Run Behavior\ReadHtmlCache [ RunTime:0.007014s ]
INFO: [ app_begin ] --END-- [ RunTime:0.007963s ]
NOTIC: [8] A session had already been started - ignoring session_start() D:\phpStudy\WWW\internship_tp\Application\Home\Controller\ProductController.class.php 第 22 行.
INFO: [ app_end ] --START--
INFO: Run Behavior\ShowPageTrace [ RunTime:0.001031s ]
INFO: [ app_end ] --END-- [ RunTime:0.001101s ]

[ 2017-03-10T17:24:04+08:00 ] 127.0.0.1 /Home/Product/add_car?action=ajax
INFO: [ app_begin ] --START--
INFO: Run Behavior\ReadHtmlCache [ RunTime:0.001011s ]
INFO: [ app_begin ] --END-- [ RunTime:0.001753s ]
NOTIC: [8] A session had already been started - ignoring session_start() D:\phpStudy\WWW\internship_tp\Application\Home\Controller\ProductController.class.php 第 22 行.
INFO: [ app_end ] --START--
INFO: Run Behavior\ShowPageTrace [ RunTime:0.000787s ]
INFO: [ app_end ] --END-- [ RunTime:0.000846s ]

[ 2017-03-10T17:24:04+08:00 ] 127.0.0.1 /Home/Product/add_car?action=ajax
INFO: [ app_begin ] --START--
INFO: Run Behavior\ReadHtmlCache [ RunTime:0.002129s ]
INFO: [ app_begin ] --END-- [ RunTime:0.005553s ]
NOTIC: [8] A session had already been started - ignoring session_start() D:\phpStudy\WWW\internship_tp\Application\Home\Controller\ProductController.class.php 第 22 行.
INFO: [ app_end ] --START--
INFO: Run Behavior\ShowPageTrace [ RunTime:0.002458s ]
INFO: [ app_end ] --END-- [ RunTime:0.002617s ]

[ 2017-03-10T17:24:06+08:00 ] 127.0.0.1 /Home/Product/add_car?action=ajax
INFO: [ app_begin ] --START--
INFO: Run Behavior\ReadHtmlCache [ RunTime:0.002242s ]
INFO: [ app_begin ] --END-- [ RunTime:0.003299s ]
NOTIC: [8] A session had already been started - ignoring session_start() D:\phpStudy\WWW\internship_tp\Application\Home\Controller\ProductController.class.php 第 22 行.
INFO: [ app_end ] --START--
INFO: Run Behavior\ShowPageTrace [ RunTime:0.000978s ]
INFO: [ app_end ] --END-- [ RunTime:0.001075s ]

[ 2017-03-10T17:24:06+08:00 ] 127.0.0.1 /Home/Product/add_car?action=ajax
INFO: [ app_begin ] --START--
INFO: Run Behavior\ReadHtmlCache [ RunTime:0.003258s ]
INFO: [ app_begin ] --END-- [ RunTime:0.004665s ]
NOTIC: [8] A session had already been started - ignoring session_start() D:\phpStudy\WWW\internship_tp\Application\Home\Controller\ProductController.class.php 第 22 行.
INFO: [ app_end ] --START--
INFO: Run Behavior\ShowPageTrace [ RunTime:0.001826s ]
INFO: [ app_end ] --END-- [ RunTime:0.001924s ]

[ 2017-03-10T17:24:07+08:00 ] 127.0.0.1 /Home/Product/add_car?action=ajax
INFO: [ app_begin ] --START--
INFO: Run Behavior\ReadHtmlCache [ RunTime:0.001198s ]
INFO: [ app_begin ] --END-- [ RunTime:0.005932s ]
NOTIC: [8] A session had already been started - ignoring session_start() D:\phpStudy\WWW\internship_tp\Application\Home\Controller\ProductController.class.php 第 22 行.
INFO: [ app_end ] --START--
INFO: Run Behavior\ShowPageTrace [ RunTime:0.001176s ]
INFO: [ app_end ] --END-- [ RunTime:0.001297s ]

[ 2017-03-10T17:24:10+08:00 ] 127.0.0.1 /Home/Product/add_car?action=ajax
INFO: [ app_begin ] --START--
INFO: Run Behavior\ReadHtmlCache [ RunTime:0.003560s ]
INFO: [ app_begin ] --END-- [ RunTime:0.004275s ]
NOTIC: [8] A session had already been started - ignoring session_start() D:\phpStudy\WWW\internship_tp\Application\Home\Controller\ProductController.class.php 第 22 行.
INFO: [ app_end ] --START--
INFO: Run Behavior\ShowPageTrace [ RunTime:0.001002s ]
INFO: [ app_end ] --END-- [ RunTime:0.001092s ]

[ 2017-03-10T17:24:10+08:00 ] 127.0.0.1 /Home/Product/add_car?action=ajax
INFO: [ app_begin ] --START--
INFO: Run Behavior\ReadHtmlCache [ RunTime:0.000980s ]
INFO: [ app_begin ] --END-- [ RunTime:0.001676s ]
NOTIC: [8] A session had already been started - ignoring session_start() D:\phpStudy\WWW\internship_tp\Application\Home\Controller\ProductController.class.php 第 22 行.
INFO: [ app_end ] --START--
INFO: Run Behavior\ShowPageTrace [ RunTime:0.001138s ]
INFO: [ app_end ] --END-- [ RunTime:0.001251s ]

[ 2017-03-10T17:24:11+08:00 ] 127.0.0.1 /Home/Product/add_car?action=ajax
INFO: [ app_begin ] --START--
INFO: Run Behavior\ReadHtmlCache [ RunTime:0.002397s ]
INFO: [ app_begin ] --END-- [ RunTime:0.004258s ]
NOTIC: [8] A session had already been started - ignoring session_start() D:\phpStudy\WWW\internship_tp\Application\Home\Controller\ProductController.class.php 第 22 行.
INFO: [ app_end ] --START--
INFO: Run Behavior\ShowPageTrace [ RunTime:0.002633s ]
INFO: [ app_end ] --END-- [ RunTime:0.002795s ]

[ 2017-03-10T17:24:11+08:00 ] 127.0.0.1 /Home/Product/add_car?action=ajax
INFO: [ app_begin ] --START--
INFO: Run Behavior\ReadHtmlCache [ RunTime:0.006861s ]
INFO: [ app_begin ] --END-- [ RunTime:0.011076s ]
NOTIC: [8] A session had already been started - ignoring session_start() D:\phpStudy\WWW\internship_tp\Application\Home\Controller\ProductController.class.php 第 22 行.
INFO: [ app_end ] --START--
INFO: Run Behavior\ShowPageTrace [ RunTime:0.004471s ]
INFO: [ app_end ] --END-- [ RunTime:0.004594s ]

[ 2017-03-10T17:24:33+08:00 ] 127.0.0.1 /Home/Product/add_car?action=ajax
INFO: [ app_begin ] --START--
INFO: Run Behavior\ReadHtmlCache [ RunTime:0.001669s ]
INFO: [ app_begin ] --END-- [ RunTime:0.002425s ]
NOTIC: [8] A session had already been started - ignoring session_start() D:\phpStudy\WWW\internship_tp\Application\Home\Controller\ProductController.class.php 第 22 行.
INFO: [ app_end ] --START--
INFO: Run Behavior\ShowPageTrace [ RunTime:0.002064s ]
INFO: [ app_end ] --END-- [ RunTime:0.002170s ]

[ 2017-03-10T17:24:35+08:00 ] 127.0.0.1 /Home/Product/add_car?action=ajax
INFO: [ app_begin ] --START--
INFO: Run Behavior\ReadHtmlCache [ RunTime:0.001986s ]
INFO: [ app_begin ] --END-- [ RunTime:0.003336s ]
NOTIC: [8] A session had already been started - ignoring session_start() D:\phpStudy\WWW\internship_tp\Application\Home\Controller\ProductController.class.php 第 22 行.
INFO: [ app_end ] --START--
INFO: Run Behavior\ShowPageTrace [ RunTime:0.003014s ]
INFO: [ app_end ] --END-- [ RunTime:0.003166s ]

[ 2017-03-10T17:24:35+08:00 ] 127.0.0.1 /Home/Product/add_car?action=ajax
INFO: [ app_begin ] --START--
INFO: Run Behavior\ReadHtmlCache [ RunTime:0.001930s ]
INFO: [ app_begin ] --END-- [ RunTime:0.003008s ]
NOTIC: [8] A session had already been started - ignoring session_start() D:\phpStudy\WWW\internship_tp\Application\Home\Controller\ProductController.class.php 第 22 行.
INFO: [ app_end ] --START--
INFO: Run Behavior\ShowPageTrace [ RunTime:0.002644s ]
INFO: [ app_end ] --END-- [ RunTime:0.002838s ]

[ 2017-03-10T17:30:06+08:00 ] 127.0.0.1 /Home/Product/add_car?action=ajax&time=1489138206000
INFO: [ app_begin ] --START--
INFO: Run Behavior\ReadHtmlCache [ RunTime:0.003222s ]
INFO: [ app_begin ] --END-- [ RunTime:0.007153s ]
NOTIC: [8] A session had already been started - ignoring session_start() D:\phpStudy\WWW\internship_tp\Application\Home\Controller\ProductController.class.php 第 22 行.
INFO: [ app_end ] --START--
INFO: Run Behavior\ShowPageTrace [ RunTime:0.002267s ]
INFO: [ app_end ] --END-- [ RunTime:0.002340s ]

[ 2017-03-10T17:30:09+08:00 ] 127.0.0.1 /index.php?m=&c=Single&a=index&pid=8
ERR: 无法加载控制器:Single

[ 2017-03-10T17:30:13+08:00 ] 127.0.0.1 /Home/Product/add_car?action=ajax&time=1489138213000
INFO: [ app_begin ] --START--
INFO: Run Behavior\ReadHtmlCache [ RunTime:0.004153s ]
INFO: [ app_begin ] --END-- [ RunTime:0.006593s ]
NOTIC: [8] A session had already been started - ignoring session_start() D:\phpStudy\WWW\internship_tp\Application\Home\Controller\ProductController.class.php 第 22 行.
INFO: [ app_end ] --START--
INFO: Run Behavior\ShowPageTrace [ RunTime:0.001978s ]
INFO: [ app_end ] --END-- [ RunTime:0.002067s ]

[ 2017-03-10T17:30:15+08:00 ] 127.0.0.1 /Home/Product/add_car?action=ajax&time=1489138215000
INFO: [ app_begin ] --START--
INFO: Run Behavior\ReadHtmlCache [ RunTime:0.001775s ]
INFO: [ app_begin ] --END-- [ RunTime:0.002947s ]
NOTIC: [8] A session had already been started - ignoring session_start() D:\phpStudy\WWW\internship_tp\Application\Home\Controller\ProductController.class.php 第 22 行.
INFO: [ app_end ] --START--
INFO: Run Behavior\ShowPageTrace [ RunTime:0.001950s ]
INFO: [ app_end ] --END-- [ RunTime:0.002064s ]

[ 2017-03-10T17:30:15+08:00 ] 127.0.0.1 /Home/Product/add_car?action=ajax&time=1489138215000
INFO: [ app_begin ] --START--
INFO: Run Behavior\ReadHtmlCache [ RunTime:0.004251s ]
INFO: [ app_begin ] --END-- [ RunTime:0.006172s ]
NOTIC: [8] A session had already been started - ignoring session_start() D:\phpStudy\WWW\internship_tp\Application\Home\Controller\ProductController.class.php 第 22 行.
INFO: [ app_end ] --START--
INFO: Run Behavior\ShowPageTrace [ RunTime:0.004560s ]
INFO: [ app_end ] --END-- [ RunTime:0.004957s ]

[ 2017-03-10T17:31:17+08:00 ] 127.0.0.1 /Home/Product/add_car?action=ajax&time=1489138277000
INFO: [ app_begin ] --START--
INFO: Run Behavior\ReadHtmlCache [ RunTime:0.002143s ]
INFO: [ app_begin ] --END-- [ RunTime:0.003265s ]
NOTIC: [8] A session had already been started - ignoring session_start() D:\phpStudy\WWW\internship_tp\Application\Home\Controller\ProductController.class.php 第 22 行.
INFO: [ app_end ] --START--
INFO: Run Behavior\ShowPageTrace [ RunTime:0.001750s ]
INFO: [ app_end ] --END-- [ RunTime:0.001842s ]

[ 2017-03-10T17:31:17+08:00 ] 127.0.0.1 /Home/Product/add_car?action=ajax&time=1489138277000
INFO: [ app_begin ] --START--
INFO: Run Behavior\ReadHtmlCache [ RunTime:0.001752s ]
INFO: [ app_begin ] --END-- [ RunTime:0.002953s ]
NOTIC: [8] A session had already been started - ignoring session_start() D:\phpStudy\WWW\internship_tp\Application\Home\Controller\ProductController.class.php 第 22 行.
INFO: [ app_end ] --START--
INFO: Run Behavior\ShowPageTrace [ RunTime:0.002284s ]
INFO: [ app_end ] --END-- [ RunTime:0.002464s ]

[ 2017-03-10T17:31:17+08:00 ] 127.0.0.1 /Home/Product/add_car?action=ajax&time=1489138277000
INFO: [ app_begin ] --START--
INFO: Run Behavior\ReadHtmlCache [ RunTime:0.004227s ]
INFO: [ app_begin ] --END-- [ RunTime:0.009482s ]
NOTIC: [8] A session had already been started - ignoring session_start() D:\phpStudy\WWW\internship_tp\Application\Home\Controller\ProductController.class.php 第 22 行.
INFO: [ app_end ] --START--
INFO: Run Behavior\ShowPageTrace [ RunTime:0.002611s ]
INFO: [ app_end ] --END-- [ RunTime:0.002933s ]

[ 2017-03-10T17:36:21+08:00 ] 127.0.0.1 /Home/Product/add_car?action=ajax&time=1489138580000
INFO: [ app_begin ] --START--
INFO: Run Behavior\ReadHtmlCache [ RunTime:0.001300s ]
INFO: [ app_begin ] --END-- [ RunTime:0.002300s ]
NOTIC: [8] A session had already been started - ignoring session_start() D:\phpStudy\WWW\internship_tp\Application\Home\Controller\ProductController.class.php 第 22 行.
INFO: [ app_end ] --START--
INFO: Run Behavior\ShowPageTrace [ RunTime:0.001223s ]
INFO: [ app_end ] --END-- [ RunTime:0.001356s ]

[ 2017-03-10T17:36:25+08:00 ] 127.0.0.1 /Home/Product/add_car?action=ajax&time=1489138585000
INFO: [ app_begin ] --START--
INFO: Run Behavior\ReadHtmlCache [ RunTime:0.003331s ]
INFO: [ app_begin ] --END-- [ RunTime:0.034020s ]
NOTIC: [8] A session had already been started - ignoring session_start() D:\phpStudy\WWW\internship_tp\Application\Home\Controller\ProductController.class.php 第 22 行.
INFO: [ app_end ] --START--
INFO: Run Behavior\ShowPageTrace [ RunTime:0.001083s ]
INFO: [ app_end ] --END-- [ RunTime:0.001176s ]

[ 2017-03-10T17:36:25+08:00 ] 127.0.0.1 /Home/Product/add_car?action=ajax&time=1489138585000
INFO: [ app_begin ] --START--
INFO: Run Behavior\ReadHtmlCache [ RunTime:0.003184s ]
INFO: [ app_begin ] --END-- [ RunTime:0.005160s ]
NOTIC: [8] A session had already been started - ignoring session_start() D:\phpStudy\WWW\internship_tp\Application\Home\Controller\ProductController.class.php 第 22 行.
INFO: [ app_end ] --START--
INFO: Run Behavior\ShowPageTrace [ RunTime:0.001678s ]
INFO: [ app_end ] --END-- [ RunTime:0.001749s ]

[ 2017-03-10T17:36:30+08:00 ] 127.0.0.1 /Home/Product/add_car?action=ajax&time=1489138590000
INFO: [ app_begin ] --START--
INFO: Run Behavior\ReadHtmlCache [ RunTime:0.001007s ]
INFO: [ app_begin ] --END-- [ RunTime:0.001776s ]
NOTIC: [8] A session had already been started - ignoring session_start() D:\phpStudy\WWW\internship_tp\Application\Home\Controller\ProductController.class.php 第 22 行.
INFO: [ app_end ] --START--
INFO: Run Behavior\ShowPageTrace [ RunTime:0.001628s ]
INFO: [ app_end ] --END-- [ RunTime:0.001751s ]

[ 2017-03-10T17:36:30+08:00 ] 127.0.0.1 /Home/Product/add_car?action=ajax&time=1489138590000
INFO: [ app_begin ] --START--
INFO: Run Behavior\ReadHtmlCache [ RunTime:0.002141s ]
INFO: [ app_begin ] --END-- [ RunTime:0.003546s ]
NOTIC: [8] A session had already been started - ignoring session_start() D:\phpStudy\WWW\internship_tp\Application\Home\Controller\ProductController.class.php 第 22 行.
INFO: [ app_end ] --START--
INFO: Run Behavior\ShowPageTrace [ RunTime:0.001660s ]
INFO: [ app_end ] --END-- [ RunTime:0.001759s ]

[ 2017-03-10T17:36:30+08:00 ] 127.0.0.1 /Home/Product/add_car?action=ajax&time=1489138590000
INFO: [ app_begin ] --START--
INFO: Run Behavior\ReadHtmlCache [ RunTime:0.005856s ]
INFO: [ app_begin ] --END-- [ RunTime:0.015795s ]
NOTIC: [8] A session had already been started - ignoring session_start() D:\phpStudy\WWW\internship_tp\Application\Home\Controller\ProductController.class.php 第 22 行.
INFO: [ app_end ] --START--
INFO: Run Behavior\ShowPageTrace [ RunTime:0.002232s ]
INFO: [ app_end ] --END-- [ RunTime:0.002349s ]

[ 2017-03-10T17:36:59+08:00 ] 127.0.0.1 /index.php?m=&c=Single&a=index&pid=9
ERR: 无法加载控制器:Single

[ 2017-03-10T17:37:16+08:00 ] 127.0.0.1 /Application/Home/View/Public/css/bootstrap.css.map
ERR: 无法加载控制器:Application

[ 2017-03-10T17:37:19+08:00 ] 127.0.0.1 /Application/Home/View/Public/css/bootstrap.css.map
ERR: 无法加载控制器:Application

[ 2017-03-10T17:37:31+08:00 ] 127.0.0.1 /Application/Home/View/Public/css/bootstrap.css.map
ERR: 无法加载控制器:Application

[ 2017-03-10T17:42:18+08:00 ] 127.0.0.1 /index.php?m=&c=Single&a=index&pid=9
ERR: 无法加载控制器:Single

[ 2017-03-10T17:42:21+08:00 ] 127.0.0.1 /Home/Product/add_car?action=ajax&time=1489138941000
INFO: [ app_begin ] --START--
INFO: Run Behavior\ReadHtmlCache [ RunTime:0.001491s ]
INFO: [ app_begin ] --END-- [ RunTime:0.002601s ]
NOTIC: [8] A session had already been started - ignoring session_start() D:\phpStudy\WWW\internship_tp\Application\Home\Controller\ProductController.class.php 第 22 行.
INFO: [ app_end ] --START--
INFO: Run Behavior\ShowPageTrace [ RunTime:0.004674s ]
INFO: [ app_end ] --END-- [ RunTime:0.004838s ]

[ 2017-03-10T17:42:24+08:00 ] 127.0.0.1 /Home/Product/add_car?action=ajax&time=1489138944000
INFO: [ app_begin ] --START--
INFO: Run Behavior\ReadHtmlCache [ RunTime:0.001465s ]
INFO: [ app_begin ] --END-- [ RunTime:0.002133s ]
NOTIC: [8] A session had already been started - ignoring session_start() D:\phpStudy\WWW\internship_tp\Application\Home\Controller\ProductController.class.php 第 22 行.
INFO: [ app_end ] --START--
INFO: Run Behavior\ShowPageTrace [ RunTime:0.002200s ]
INFO: [ app_end ] --END-- [ RunTime:0.002310s ]

[ 2017-03-10T17:42:27+08:00 ] 127.0.0.1 /Home/Product/add_car?action=ajax&time=1489138947000
INFO: [ app_begin ] --START--
INFO: Run Behavior\ReadHtmlCache [ RunTime:0.002767s ]
INFO: [ app_begin ] --END-- [ RunTime:0.004750s ]
NOTIC: [8] A session had already been started - ignoring session_start() D:\phpStudy\WWW\internship_tp\Application\Home\Controller\ProductController.class.php 第 22 行.
INFO: [ app_end ] --START--
INFO: Run Behavior\ShowPageTrace [ RunTime:0.002015s ]
INFO: [ app_end ] --END-- [ RunTime:0.002109s ]

[ 2017-03-10T17:42:30+08:00 ] 127.0.0.1 /Home/Product/add_car?action=ajax&time=1489138949000
INFO: [ app_begin ] --START--
INFO: Run Behavior\ReadHtmlCache [ RunTime:0.002390s ]
INFO: [ app_begin ] --END-- [ RunTime:0.003768s ]
NOTIC: [8] A session had already been started - ignoring session_start() D:\phpStudy\WWW\internship_tp\Application\Home\Controller\ProductController.class.php 第 22 行.
INFO: [ app_end ] --START--
INFO: Run Behavior\ShowPageTrace [ RunTime:0.004251s ]
INFO: [ app_end ] --END-- [ RunTime:0.005262s ]

[ 2017-03-10T17:46:34+08:00 ] 127.0.0.1 /Home/Product/add_car?action=ajax&time=1489139186000
INFO: [ app_begin ] --START--
INFO: Run Behavior\ReadHtmlCache [ RunTime:0.147002s ]
INFO: [ app_begin ] --END-- [ RunTime:0.624155s ]
NOTIC: [8] A session had already been started - ignoring session_start() D:\phpStudy\WWW\internship_tp\Application\Home\Controller\ProductController.class.php 第 22 行.
INFO: [ app_end ] --START--
INFO: Run Behavior\ShowPageTrace [ RunTime:0.250851s ]
INFO: [ app_end ] --END-- [ RunTime:0.250965s ]

[ 2017-03-10T17:46:42+08:00 ] 127.0.0.1 /index.php?m=&c=Single&a=index&pid=9
ERR: 无法加载控制器:Single

[ 2017-03-10T17:46:48+08:00 ] 127.0.0.1 /Home/Product/add_car?action=ajax&time=1489139208000
INFO: [ app_begin ] --START--
INFO: Run Behavior\ReadHtmlCache [ RunTime:0.005708s ]
INFO: [ app_begin ] --END-- [ RunTime:0.007085s ]
NOTIC: [8] A session had already been started - ignoring session_start() D:\phpStudy\WWW\internship_tp\Application\Home\Controller\ProductController.class.php 第 22 行.
INFO: [ app_end ] --START--
INFO: Run Behavior\ShowPageTrace [ RunTime:0.002323s ]
INFO: [ app_end ] --END-- [ RunTime:0.002428s ]

[ 2017-03-10T17:46:56+08:00 ] 127.0.0.1 /Home/Product/add_car?action=ajax&time=1489139216000
INFO: [ app_begin ] --START--
INFO: Run Behavior\ReadHtmlCache [ RunTime:0.002365s ]
INFO: [ app_begin ] --END-- [ RunTime:0.004241s ]
NOTIC: [8] A session had already been started - ignoring session_start() D:\phpStudy\WWW\internship_tp\Application\Home\Controller\ProductController.class.php 第 22 行.
INFO: [ app_end ] --START--
INFO: Run Behavior\ShowPageTrace [ RunTime:0.002146s ]
INFO: [ app_end ] --END-- [ RunTime:0.002923s ]

[ 2017-03-10T17:47:21+08:00 ] 127.0.0.1 /Home/Product/add_car?action=ajax&time=1489139241000
INFO: [ app_begin ] --START--
INFO: Run Behavior\ReadHtmlCache [ RunTime:0.006165s ]
INFO: [ app_begin ] --END-- [ RunTime:0.010700s ]
NOTIC: [8] A session had already been started - ignoring session_start() D:\phpStudy\WWW\internship_tp\Application\Home\Controller\ProductController.class.php 第 22 行.
INFO: [ app_end ] --START--
INFO: Run Behavior\ShowPageTrace [ RunTime:0.003311s ]
INFO: [ app_end ] --END-- [ RunTime:0.003484s ]

[ 2017-03-10T17:47:27+08:00 ] 127.0.0.1 /Home/Product/add_car?action=ajax&time=1489139246000
INFO: [ app_begin ] --START--
INFO: Run Behavior\ReadHtmlCache [ RunTime:0.001758s ]
INFO: [ app_begin ] --END-- [ RunTime:0.003455s ]
NOTIC: [8] A session had already been started - ignoring session_start() D:\phpStudy\WWW\internship_tp\Application\Home\Controller\ProductController.class.php 第 22 行.
INFO: [ app_end ] --START--
INFO: Run Behavior\ShowPageTrace [ RunTime:0.001635s ]
INFO: [ app_end ] --END-- [ RunTime:0.001732s ]

[ 2017-03-10T17:47:39+08:00 ] 127.0.0.1 /Home/Product/add_car?action=ajax&time=1489139259000
INFO: [ app_begin ] --START--
INFO: Run Behavior\ReadHtmlCache [ RunTime:0.001887s ]
INFO: [ app_begin ] --END-- [ RunTime:0.003139s ]
NOTIC: [8] A session had already been started - ignoring session_start() D:\phpStudy\WWW\internship_tp\Application\Home\Controller\ProductController.class.php 第 22 行.
INFO: [ app_end ] --START--
INFO: Run Behavior\ShowPageTrace [ RunTime:0.001976s ]
INFO: [ app_end ] --END-- [ RunTime:0.002077s ]

[ 2017-03-10T18:28:31+08:00 ] 127.0.0.1 /Home/Product/add_car?action=ajax&time=1489141710000
INFO: [ app_begin ] --START--
INFO: Run Behavior\ReadHtmlCache [ RunTime:0.002501s ]
INFO: [ app_begin ] --END-- [ RunTime:0.003947s ]
NOTIC: [8] A session had already been started - ignoring session_start() D:\phpStudy\WWW\internship_tp\Application\Home\Controller\ProductController.class.php 第 22 行.
SQL: SHOW COLUMNS FROM `car` [ RunTime:0.039376s ]
SQL: SELECT * FROM `car` WHERE ( pid=12 )  [ RunTime:0.016602s ]
SQL: INSERT INTO `car` (`username`,`pid`,`count`) VALUES ('admin',12,1) [ RunTime:0.088780s ]
INFO: [ app_end ] --START--
INFO: Run Behavior\ShowPageTrace [ RunTime:0.001282s ]
INFO: [ app_end ] --END-- [ RunTime:0.001332s ]

[ 2017-03-10T18:28:53+08:00 ] 127.0.0.1 /Home/Product/add_car?action=ajax&time=1489141732000
INFO: [ app_begin ] --START--
INFO: Run Behavior\ReadHtmlCache [ RunTime:0.003217s ]
INFO: [ app_begin ] --END-- [ RunTime:0.004662s ]
NOTIC: [8] A session had already been started - ignoring session_start() D:\phpStudy\WWW\internship_tp\Application\Home\Controller\ProductController.class.php 第 22 行.
NOTIC: [8192] mysql_escape_string(): This function is deprecated; use mysql_real_escape_string() instead. D:\phpStudy\WWW\internship_tp\ThinkPHP\Library\Think\Db\Driver\Mysql.class.php 第 330 行.
SQL: SELECT * FROM `car` WHERE ( pid=12 )  [ RunTime:0.000296s ]
SQL: UPDATE `car` SET `count`=count+1 WHERE ( pid=12 ) [ RunTime:0.050027s ]
INFO: [ app_end ] --START--
INFO: Run Behavior\ShowPageTrace [ RunTime:0.001381s ]
INFO: [ app_end ] --END-- [ RunTime:0.001453s ]

[ 2017-03-10T18:29:22+08:00 ] 127.0.0.1 /Home/Product/add_car?action=ajax&time=1489141761000
INFO: [ app_begin ] --START--
INFO: Run Behavior\ReadHtmlCache [ RunTime:0.001840s ]
INFO: [ app_begin ] --END-- [ RunTime:0.003630s ]
NOTIC: [8] A session had already been started - ignoring session_start() D:\phpStudy\WWW\internship_tp\Application\Home\Controller\ProductController.class.php 第 22 行.
NOTIC: [8192] mysql_escape_string(): This function is deprecated; use mysql_real_escape_string() instead. D:\phpStudy\WWW\internship_tp\ThinkPHP\Library\Think\Db\Driver\Mysql.class.php 第 330 行.
SQL: SELECT * FROM `car` WHERE ( pid=12 )  [ RunTime:0.000607s ]
SQL: UPDATE `car` SET `count`=count+1 WHERE ( pid=12 ) [ RunTime:0.000315s ]
INFO: [ app_end ] --START--
INFO: Run Behavior\ShowPageTrace [ RunTime:0.001957s ]
INFO: [ app_end ] --END-- [ RunTime:0.002069s ]

[ 2017-03-10T18:29:37+08:00 ] 127.0.0.1 /Home/Product/add_car?action=ajax&time=1489141776000
INFO: [ app_begin ] --START--
INFO: Run Behavior\ReadHtmlCache [ RunTime:0.003593s ]
INFO: [ app_begin ] --END-- [ RunTime:0.005118s ]
NOTIC: [8] A session had already been started - ignoring session_start() D:\phpStudy\WWW\internship_tp\Application\Home\Controller\ProductController.class.php 第 22 行.
NOTIC: [8192] mysql_escape_string(): This function is deprecated; use mysql_real_escape_string() instead. D:\phpStudy\WWW\internship_tp\ThinkPHP\Library\Think\Db\Driver\Mysql.class.php 第 330 行.
SQL: SELECT * FROM `car` WHERE ( pid=12 )  [ RunTime:0.000478s ]
SQL: UPDATE `car` SET `count`=count+1 WHERE ( pid=12 ) [ RunTime:0.000370s ]
INFO: [ app_end ] --START--
INFO: Run Behavior\ShowPageTrace [ RunTime:0.001842s ]
INFO: [ app_end ] --END-- [ RunTime:0.001954s ]

[ 2017-03-10T18:29:52+08:00 ] 127.0.0.1 /Application/Home/View/Public/css/bootstrap.css.map
ERR: 无法加载控制器:Application

[ 2017-03-10T18:30:58+08:00 ] 127.0.0.1 /Application/Home/View/Public/css/bootstrap.css.map
ERR: 无法加载控制器:Application

[ 2017-03-10T18:31:01+08:00 ] 127.0.0.1 /Home/Product/add_car?action=ajax&time=1489141861000
INFO: [ app_begin ] --START--
INFO: Run Behavior\ReadHtmlCache [ RunTime:0.006186s ]
INFO: [ app_begin ] --END-- [ RunTime:0.007026s ]
NOTIC: [8] A session had already been started - ignoring session_start() D:\phpStudy\WWW\internship_tp\Application\Home\Controller\ProductController.class.php 第 22 行.

[ 2017-03-10T18:32:41+08:00 ] 127.0.0.1 /Home/Product/add_car?action=ajax&time=1489141961000
INFO: [ app_begin ] --START--
INFO: Run Behavior\ReadHtmlCache [ RunTime:0.005964s ]
INFO: [ app_begin ] --END-- [ RunTime:0.007110s ]
NOTIC: [8] A session had already been started - ignoring session_start() D:\phpStudy\WWW\internship_tp\Application\Home\Controller\ProductController.class.php 第 22 行.
NOTIC: [8] Undefined index: id D:\phpStudy\WWW\internship_tp\Application\Home\Controller\ProductController.class.php 第 24 行.

[ 2017-03-10T18:32:49+08:00 ] 127.0.0.1 /Home/Product/add_car?action=ajax&time=1489141969000
INFO: [ app_begin ] --START--
INFO: Run Behavior\ReadHtmlCache [ RunTime:0.003571s ]
INFO: [ app_begin ] --END-- [ RunTime:0.004703s ]
NOTIC: [8] A session had already been started - ignoring session_start() D:\phpStudy\WWW\internship_tp\Application\Home\Controller\ProductController.class.php 第 22 行.
NOTIC: [8] Undefined index: id D:\phpStudy\WWW\internship_tp\Application\Home\Controller\ProductController.class.php 第 24 行.

[ 2017-03-10T18:32:52+08:00 ] 127.0.0.1 /index.php?m=&c=Single&a=index&pid=8
ERR: 无法加载控制器:Single

[ 2017-03-10T18:32:55+08:00 ] 127.0.0.1 /Home/Product/add_car?action=ajax&time=1489141975000
INFO: [ app_begin ] --START--
INFO: Run Behavior\ReadHtmlCache [ RunTime:0.001052s ]
INFO: [ app_begin ] --END-- [ RunTime:0.001665s ]
NOTIC: [8] A session had already been started - ignoring session_start() D:\phpStudy\WWW\internship_tp\Application\Home\Controller\ProductController.class.php 第 22 行.
NOTIC: [8] Undefined index: id D:\phpStudy\WWW\internship_tp\Application\Home\Controller\ProductController.class.php 第 24 行.

[ 2017-03-10T18:33:13+08:00 ] 127.0.0.1 /Home/Product/add_car?action=ajax
INFO: [ app_begin ] --START--
INFO: Run Behavior\ReadHtmlCache [ RunTime:0.002748s ]
INFO: [ app_begin ] --END-- [ RunTime:0.003788s ]
NOTIC: [8] A session had already been started - ignoring session_start() D:\phpStudy\WWW\internship_tp\Application\Home\Controller\ProductController.class.php 第 22 行.
NOTIC: [8] Undefined index: id D:\phpStudy\WWW\internship_tp\Application\Home\Controller\ProductController.class.php 第 24 行.

[ 2017-03-10T18:33:25+08:00 ] 127.0.0.1 /Home/Product/add_car?action=ajax
INFO: [ app_begin ] --START--
INFO: Run Behavior\ReadHtmlCache [ RunTime:0.002782s ]
INFO: [ app_begin ] --END-- [ RunTime:0.004064s ]
NOTIC: [8] A session had already been started - ignoring session_start() D:\phpStudy\WWW\internship_tp\Application\Home\Controller\ProductController.class.php 第 22 行.
NOTIC: [8] Undefined index: id D:\phpStudy\WWW\internship_tp\Application\Home\Controller\ProductController.class.php 第 24 行.

[ 2017-03-10T18:33:34+08:00 ] 127.0.0.1 /Home/Product/add_car?action=ajax
INFO: [ app_begin ] --START--
INFO: Run Behavior\ReadHtmlCache [ RunTime:0.001262s ]
INFO: [ app_begin ] --END-- [ RunTime:0.002595s ]
NOTIC: [8] A session had already been started - ignoring session_start() D:\phpStudy\WWW\internship_tp\Application\Home\Controller\ProductController.class.php 第 22 行.
NOTIC: [8] Undefined index: id D:\phpStudy\WWW\internship_tp\Application\Home\Controller\ProductController.class.php 第 24 行.

[ 2017-03-10T18:33:59+08:00 ] 127.0.0.1 /index.php?m=&c=Single&a=index&pid=9
ERR: 无法加载控制器:Single

[ 2017-03-10T18:34:03+08:00 ] 127.0.0.1 /Home/Product/add_car?action=ajax
INFO: [ app_begin ] --START--
INFO: Run Behavior\ReadHtmlCache [ RunTime:0.001480s ]
INFO: [ app_begin ] --END-- [ RunTime:0.002415s ]
NOTIC: [8] A session had already been started - ignoring session_start() D:\phpStudy\WWW\internship_tp\Application\Home\Controller\ProductController.class.php 第 22 行.
NOTIC: [8] Undefined index: id D:\phpStudy\WWW\internship_tp\Application\Home\Controller\ProductController.class.php 第 24 行.

[ 2017-03-10T18:34:07+08:00 ] 127.0.0.1 /Home/Product/add_car?action=ajax
INFO: [ app_begin ] --START--
INFO: Run Behavior\ReadHtmlCache [ RunTime:0.001652s ]
INFO: [ app_begin ] --END-- [ RunTime:0.002847s ]
NOTIC: [8] A session had already been started - ignoring session_start() D:\phpStudy\WWW\internship_tp\Application\Home\Controller\ProductController.class.php 第 22 行.
NOTIC: [8] Undefined index: id D:\phpStudy\WWW\internship_tp\Application\Home\Controller\ProductController.class.php 第 24 行.

[ 2017-03-10T18:55:04+08:00 ] 127.0.0.1 /index.php?m=&c=Single&a=index&pid=3
ERR: 无法加载控制器:Single

[ 2017-03-10T18:55:08+08:00 ] 127.0.0.1 /Home/Product/add_car?action=ajax
INFO: [ app_begin ] --START--
INFO: Run Behavior\ReadHtmlCache [ RunTime:0.002252s ]
INFO: [ app_begin ] --END-- [ RunTime:0.003528s ]
NOTIC: [8] A session had already been started - ignoring session_start() D:\phpStudy\WWW\internship_tp\Application\Home\Controller\ProductController.class.php 第 22 行.
NOTIC: [8] Undefined index: id D:\phpStudy\WWW\internship_tp\Application\Home\Controller\ProductController.class.php 第 24 行.

[ 2017-03-10T20:32:00+08:00 ] 127.0.0.1 /page/parameter.html
ERR: 无法加载控制器:Page

[ 2017-03-10T20:49:47+08:00 ] 127.0.0.1 /index.php?m=Admin&c=Product&a=index
ERR: 模板不存在:./Application/Admin/View/Product/index.html

[ 2017-03-10T20:57:51+08:00 ] 127.0.0.1 /index.php?m=Admin&c=category&a=index
ERR: 无法加载控制器:Category

[ 2017-03-10T20:57:56+08:00 ] 127.0.0.1 /index.php?m=Admin&c=category&a=index
ERR: 无法加载控制器:Category

