[ 2017-03-18T16:52:28+08:00 ] 127.0.0.1 /Home/Product/add_car?action=ajax
INFO: [ app_begin ] --START--
INFO: Run Behavior\ReadHtmlCache [ RunTime:0.001200s ]
INFO: [ app_begin ] --END-- [ RunTime:0.002249s ]
NOTIC: [8] A session had already been started - ignoring session_start() D:\phpStudy\WWW\internship_tp\Application\Home\Controller\InitializeController.class.php 第 6 行.
SQL: SHOW COLUMNS FROM `Menu` [ RunTime:0.015233s ]
SQL: SELECT * FROM `Menu`  [ RunTime:0.000264s ]
SQL: SHOW COLUMNS FROM `prod_user` [ RunTime:0.013395s ]
SQL: SELECT * FROM `prod_user` WHERE ( pid=45 and user_id=18 )  [ RunTime:0.000300s ]
SQL: INSERT INTO `prod_user` (`user_id`,`pid`,`count`) VALUES (18,45,1) [ RunTime:0.055820s ]
INFO: [ app_end ] --START--
INFO: Run Behavior\ShowPageTrace [ RunTime:0.000989s ]
INFO: [ app_end ] --END-- [ RunTime:0.001060s ]

[ 2017-03-18T16:52:37+08:00 ] 127.0.0.1 /Home/Product/add_car?action=ajax
INFO: [ app_begin ] --START--
INFO: Run Behavior\ReadHtmlCache [ RunTime:0.001673s ]
INFO: [ app_begin ] --END-- [ RunTime:0.002828s ]
NOTIC: [8] A session had already been started - ignoring session_start() D:\phpStudy\WWW\internship_tp\Application\Home\Controller\InitializeController.class.php 第 6 行.
SQL: SHOW COLUMNS FROM `Menu` [ RunTime:0.122384s ]
SQL: SELECT * FROM `Menu`  [ RunTime:0.000288s ]
SQL: SELECT * FROM `prod_user` WHERE ( pid=46 and user_id=18 )  [ RunTime:0.000229s ]
SQL: INSERT INTO `prod_user` (`user_id`,`pid`,`count`) VALUES (18,46,1) [ RunTime:0.000160s ]
INFO: [ app_end ] --START--
INFO: Run Behavior\ShowPageTrace [ RunTime:0.001015s ]
INFO: [ app_end ] --END-- [ RunTime:0.001095s ]

[ 2017-03-18T16:52:55+08:00 ] 127.0.0.1 /Home/Product/add_car?action=ajax
INFO: [ app_begin ] --START--
INFO: Run Behavior\ReadHtmlCache [ RunTime:0.001020s ]
INFO: [ app_begin ] --END-- [ RunTime:0.001632s ]
NOTIC: [8] A session had already been started - ignoring session_start() D:\phpStudy\WWW\internship_tp\Application\Home\Controller\InitializeController.class.php 第 6 行.
SQL: SHOW COLUMNS FROM `Menu` [ RunTime:0.053171s ]
SQL: SELECT * FROM `Menu`  [ RunTime:0.000574s ]
SQL: SELECT * FROM `prod_user` WHERE ( pid=46 and user_id=18 )  [ RunTime:0.000510s ]
SQL: UPDATE `prod_user` SET `count`=count+3 WHERE ( pid=46 ) [ RunTime:0.000292s ]
INFO: [ app_end ] --START--
INFO: Run Behavior\ShowPageTrace [ RunTime:0.000789s ]
INFO: [ app_end ] --END-- [ RunTime:0.000854s ]

[ 2017-03-18T16:53:02+08:00 ] 127.0.0.1 /Home/Product/checkout?action=ajax
INFO: [ app_begin ] --START--
INFO: Run Behavior\ReadHtmlCache [ RunTime:0.001280s ]
INFO: [ app_begin ] --END-- [ RunTime:0.002260s ]
NOTIC: [8] A session had already been started - ignoring session_start() D:\phpStudy\WWW\internship_tp\Application\Home\Controller\InitializeController.class.php 第 6 行.
SQL: SHOW COLUMNS FROM `Menu` [ RunTime:0.018039s ]
SQL: SELECT * FROM `Menu`  [ RunTime:0.000360s ]
SQL: SELECT * FROM `prod_user` WHERE ( user_id=18 )  [ RunTime:0.000400s ]
SQL: SELECT * FROM `checkout`  [ RunTime:0.000319s ]
NOTIC: [2] Invalid argument supplied for foreach() D:\phpStudy\WWW\internship_tp\Application\Home\Controller\ProductController.class.php 第 116 行.
SQL: INSERT INTO `checkout` (`id`,`user_id`,`pid`,`count`) VALUES (34,18,46,4) [ RunTime:0.000258s ]
NOTIC: [2] Invalid argument supplied for foreach() D:\phpStudy\WWW\internship_tp\Application\Home\Controller\ProductController.class.php 第 116 行.
SQL: INSERT INTO `checkout` (`id`,`user_id`,`pid`,`count`) VALUES (33,18,45,1) [ RunTime:0.000178s ]
SQL: DELETE FROM `prod_user` WHERE ( user_id=18 ) [ RunTime:0.000176s ]
INFO: [ app_end ] --START--
INFO: Run Behavior\ShowPageTrace [ RunTime:0.001123s ]
INFO: [ app_end ] --END-- [ RunTime:0.001202s ]

[ 2017-03-18T16:57:00+08:00 ] 127.0.0.1 /Home/Product/add_car?action=ajax
INFO: [ app_begin ] --START--
INFO: Run Behavior\ReadHtmlCache [ RunTime:0.001403s ]
INFO: [ app_begin ] --END-- [ RunTime:0.002750s ]
NOTIC: [8] A session had already been started - ignoring session_start() D:\phpStudy\WWW\internship_tp\Application\Home\Controller\InitializeController.class.php 第 6 行.
SQL: SHOW COLUMNS FROM `Menu` [ RunTime:0.015391s ]
SQL: SELECT * FROM `Menu`  [ RunTime:0.000279s ]
SQL: SELECT * FROM `prod_user` WHERE ( pid=45 and user_id=18 )  [ RunTime:0.000357s ]
SQL: INSERT INTO `prod_user` (`user_id`,`pid`,`count`) VALUES (18,45,1) [ RunTime:0.000209s ]
INFO: [ app_end ] --START--
INFO: Run Behavior\ShowPageTrace [ RunTime:0.001352s ]
INFO: [ app_end ] --END-- [ RunTime:0.001448s ]

[ 2017-03-18T16:57:11+08:00 ] 127.0.0.1 /Home/Product/add_car?action=ajax
INFO: [ app_begin ] --START--
INFO: Run Behavior\ReadHtmlCache [ RunTime:0.000584s ]
INFO: [ app_begin ] --END-- [ RunTime:0.001130s ]
NOTIC: [8] A session had already been started - ignoring session_start() D:\phpStudy\WWW\internship_tp\Application\Home\Controller\InitializeController.class.php 第 6 行.
SQL: SHOW COLUMNS FROM `Menu` [ RunTime:0.050271s ]
SQL: SELECT * FROM `Menu`  [ RunTime:0.000213s ]
SQL: SELECT * FROM `prod_user` WHERE ( pid=46 and user_id=18 )  [ RunTime:0.000316s ]
SQL: INSERT INTO `prod_user` (`user_id`,`pid`,`count`) VALUES (18,46,1) [ RunTime:0.000229s ]
INFO: [ app_end ] --START--
INFO: Run Behavior\ShowPageTrace [ RunTime:0.001116s ]
INFO: [ app_end ] --END-- [ RunTime:0.001171s ]

[ 2017-03-18T16:57:15+08:00 ] 127.0.0.1 /Home/Product/add_car?action=ajax
INFO: [ app_begin ] --START--
INFO: Run Behavior\ReadHtmlCache [ RunTime:0.000708s ]
INFO: [ app_begin ] --END-- [ RunTime:0.001634s ]
NOTIC: [8] A session had already been started - ignoring session_start() D:\phpStudy\WWW\internship_tp\Application\Home\Controller\InitializeController.class.php 第 6 行.
SQL: SHOW COLUMNS FROM `Menu` [ RunTime:0.033909s ]
SQL: SELECT * FROM `Menu`  [ RunTime:0.000312s ]
SQL: SELECT * FROM `prod_user` WHERE ( pid=46 and user_id=18 )  [ RunTime:0.000305s ]
SQL: UPDATE `prod_user` SET `count`=count+3 WHERE ( pid=46 ) [ RunTime:0.000273s ]
INFO: [ app_end ] --START--
INFO: Run Behavior\ShowPageTrace [ RunTime:0.001651s ]
INFO: [ app_end ] --END-- [ RunTime:0.001727s ]

[ 2017-03-18T17:02:04+08:00 ] 127.0.0.1 /Home/Product/checkout?action=ajax
INFO: [ app_begin ] --START--
INFO: Run Behavior\ReadHtmlCache [ RunTime:0.001541s ]
INFO: [ app_begin ] --END-- [ RunTime:0.002396s ]
NOTIC: [8] A session had already been started - ignoring session_start() D:\phpStudy\WWW\internship_tp\Application\Home\Controller\InitializeController.class.php 第 6 行.
SQL: SHOW COLUMNS FROM `Menu` [ RunTime:0.017898s ]
SQL: SELECT * FROM `Menu`  [ RunTime:0.000236s ]
SQL: SELECT * FROM `prod_user` WHERE ( user_id=18 )  [ RunTime:0.000568s ]
SQL: SELECT * FROM `checkout`  [ RunTime:0.000284s ]
NOTIC: [2] Invalid argument supplied for foreach() D:\phpStudy\WWW\internship_tp\Application\Home\Controller\ProductController.class.php 第 118 行.
SQL: INSERT INTO `checkout` (`id`,`user_id`,`pid`,`count`,`time`) VALUES (36,18,46,4,'2017-03-18 17:02:04') [ RunTime:0.000198s ]
NOTIC: [2] Invalid argument supplied for foreach() D:\phpStudy\WWW\internship_tp\Application\Home\Controller\ProductController.class.php 第 118 行.
SQL: INSERT INTO `checkout` (`id`,`user_id`,`pid`,`count`,`time`) VALUES (35,18,45,1,'2017-03-18 17:02:04') [ RunTime:0.000192s ]
SQL: DELETE FROM `prod_user` WHERE ( user_id=18 ) [ RunTime:0.000174s ]
INFO: [ app_end ] --START--
INFO: Run Behavior\ShowPageTrace [ RunTime:0.001404s ]
INFO: [ app_end ] --END-- [ RunTime:0.001484s ]

[ 2017-03-18T17:24:19+08:00 ] 127.0.0.1 /Home/Product/add_car?action=ajax
INFO: [ app_begin ] --START--
INFO: Run Behavior\ReadHtmlCache [ RunTime:0.001495s ]
INFO: [ app_begin ] --END-- [ RunTime:0.002389s ]
NOTIC: [8] A session had already been started - ignoring session_start() D:\phpStudy\WWW\internship_tp\Application\Home\Controller\InitializeController.class.php 第 6 行.
SQL: SHOW COLUMNS FROM `Menu` [ RunTime:0.016886s ]
SQL: SELECT * FROM `Menu`  [ RunTime:0.000292s ]
SQL: SELECT * FROM `prod_user` WHERE ( pid=47 and user_id=19 )  [ RunTime:0.001087s ]
SQL: INSERT INTO `prod_user` (`user_id`,`pid`,`count`) VALUES (19,47,1) [ RunTime:0.000223s ]
INFO: [ app_end ] --START--
INFO: Run Behavior\ShowPageTrace [ RunTime:0.000873s ]
INFO: [ app_end ] --END-- [ RunTime:0.000944s ]

[ 2017-03-18T17:24:29+08:00 ] 127.0.0.1 /Home/Product/add_car?action=ajax
INFO: [ app_begin ] --START--
INFO: Run Behavior\ReadHtmlCache [ RunTime:0.000979s ]
INFO: [ app_begin ] --END-- [ RunTime:0.001736s ]
NOTIC: [8] A session had already been started - ignoring session_start() D:\phpStudy\WWW\internship_tp\Application\Home\Controller\InitializeController.class.php 第 6 行.
SQL: SHOW COLUMNS FROM `Menu` [ RunTime:0.024045s ]
SQL: SELECT * FROM `Menu`  [ RunTime:0.000343s ]
SQL: SELECT * FROM `prod_user` WHERE ( pid=48 and user_id=19 )  [ RunTime:0.000288s ]
SQL: INSERT INTO `prod_user` (`user_id`,`pid`,`count`) VALUES (19,48,3) [ RunTime:0.000198s ]
INFO: [ app_end ] --START--
INFO: Run Behavior\ShowPageTrace [ RunTime:0.000839s ]
INFO: [ app_end ] --END-- [ RunTime:0.000898s ]

[ 2017-03-18T17:24:53+08:00 ] 127.0.0.1 /Home/Product/checkout?action=ajax
INFO: [ app_begin ] --START--
INFO: Run Behavior\ReadHtmlCache [ RunTime:0.002022s ]
INFO: [ app_begin ] --END-- [ RunTime:0.003225s ]
NOTIC: [8] A session had already been started - ignoring session_start() D:\phpStudy\WWW\internship_tp\Application\Home\Controller\InitializeController.class.php 第 6 行.
SQL: SHOW COLUMNS FROM `Menu` [ RunTime:0.081367s ]
SQL: SELECT * FROM `Menu`  [ RunTime:0.000577s ]
SQL: SELECT * FROM `prod_user` WHERE ( user_id=19 )  [ RunTime:0.000633s ]
SQL: SELECT * FROM `checkout`  [ RunTime:0.002481s ]
SQL: INSERT INTO `checkout` (`id`,`user_id`,`pid`,`count`,`time`) VALUES (38,19,48,3,'2017-03-18 17:24:53') [ RunTime:0.000994s ]
SQL: INSERT INTO `checkout` (`id`,`user_id`,`pid`,`count`,`time`) VALUES (37,19,47,1,'2017-03-18 17:24:53') [ RunTime:0.000355s ]
SQL: DELETE FROM `prod_user` WHERE ( user_id=19 ) [ RunTime:0.000360s ]
INFO: [ app_end ] --START--
INFO: Run Behavior\ShowPageTrace [ RunTime:0.001426s ]
INFO: [ app_end ] --END-- [ RunTime:0.001535s ]

[ 2017-03-18T17:26:00+08:00 ] 127.0.0.1 /Home/Product/add_car?action=ajax
INFO: [ app_begin ] --START--
INFO: Run Behavior\ReadHtmlCache [ RunTime:0.000610s ]
INFO: [ app_begin ] --END-- [ RunTime:0.001059s ]
NOTIC: [8] A session had already been started - ignoring session_start() D:\phpStudy\WWW\internship_tp\Application\Home\Controller\InitializeController.class.php 第 6 行.
SQL: SHOW COLUMNS FROM `Menu` [ RunTime:0.013103s ]
SQL: SELECT * FROM `Menu`  [ RunTime:0.000257s ]
SQL: SELECT * FROM `prod_user` WHERE ( pid=47 and user_id=19 )  [ RunTime:0.000294s ]
SQL: INSERT INTO `prod_user` (`user_id`,`pid`,`count`) VALUES (19,47,1) [ RunTime:0.000194s ]
INFO: [ app_end ] --START--
INFO: Run Behavior\ShowPageTrace [ RunTime:0.000700s ]
INFO: [ app_end ] --END-- [ RunTime:0.000750s ]

[ 2017-03-18T17:26:10+08:00 ] 127.0.0.1 /Home/Product/add_car?action=ajax
INFO: [ app_begin ] --START--
INFO: Run Behavior\ReadHtmlCache [ RunTime:0.001452s ]
INFO: [ app_begin ] --END-- [ RunTime:0.001972s ]
NOTIC: [8] A session had already been started - ignoring session_start() D:\phpStudy\WWW\internship_tp\Application\Home\Controller\InitializeController.class.php 第 6 行.
SQL: SHOW COLUMNS FROM `Menu` [ RunTime:0.035302s ]
SQL: SELECT * FROM `Menu`  [ RunTime:0.000582s ]
SQL: SELECT * FROM `prod_user` WHERE ( pid=48 and user_id=19 )  [ RunTime:0.000725s ]
SQL: INSERT INTO `prod_user` (`user_id`,`pid`,`count`) VALUES (19,48,2) [ RunTime:0.000447s ]
INFO: [ app_end ] --START--
INFO: Run Behavior\ShowPageTrace [ RunTime:0.002278s ]
INFO: [ app_end ] --END-- [ RunTime:0.002453s ]

[ 2017-03-18T17:26:20+08:00 ] 127.0.0.1 /Home/Product/checkout?action=ajax
INFO: [ app_begin ] --START--
INFO: Run Behavior\ReadHtmlCache [ RunTime:0.000650s ]
INFO: [ app_begin ] --END-- [ RunTime:0.001238s ]
NOTIC: [8] A session had already been started - ignoring session_start() D:\phpStudy\WWW\internship_tp\Application\Home\Controller\InitializeController.class.php 第 6 行.
SQL: SHOW COLUMNS FROM `Menu` [ RunTime:0.027596s ]
SQL: SELECT * FROM `Menu`  [ RunTime:0.000248s ]
SQL: SELECT * FROM `prod_user` WHERE ( user_id=19 )  [ RunTime:0.000235s ]
SQL: SELECT * FROM `checkout`  [ RunTime:0.000215s ]
SQL: INSERT INTO `checkout` (`id`,`user_id`,`pid`,`count`,`time`) VALUES (40,19,48,2,'2017-03-18 17:26:20') [ RunTime:0.000199s ]
SQL: INSERT INTO `checkout` (`id`,`user_id`,`pid`,`count`,`time`) VALUES (39,19,47,1,'2017-03-18 17:26:20') [ RunTime:0.000172s ]
SQL: DELETE FROM `prod_user` WHERE ( user_id=19 ) [ RunTime:0.000193s ]
INFO: [ app_end ] --START--
INFO: Run Behavior\ShowPageTrace [ RunTime:0.000717s ]
INFO: [ app_end ] --END-- [ RunTime:0.000770s ]

[ 2017-03-18T18:44:54+08:00 ] 127.0.0.1 /Application/Home/View/Public/css/bootstrap.css.map
ERR: 无法加载控制器:Application

[ 2017-03-18T18:45:56+08:00 ] 127.0.0.1 /Application/Home/View/Public/css/bootstrap.css.map
ERR: 无法加载控制器:Application

[ 2017-03-18T18:48:03+08:00 ] 127.0.0.1 /Application/Home/View/Public/css/bootstrap.css.map
ERR: 无法加载控制器:Application

[ 2017-03-18T18:48:53+08:00 ] 127.0.0.1 /Application/Home/View/Public/css/bootstrap.css.map
ERR: 无法加载控制器:Application

[ 2017-03-18T19:05:12+08:00 ] 127.0.0.1 /index.php?m=&c=register&a=index
ERR: 无法加载控制器:Register

[ 2017-03-18T20:07:42+08:00 ] 127.0.0.1 /page/products.html
ERR: 无法加载控制器:Page

[ 2017-03-18T20:08:05+08:00 ] 127.0.0.1 /Home/Product/add_car?action=ajax
INFO: [ app_begin ] --START--
INFO: Run Behavior\ReadHtmlCache [ RunTime:0.001702s ]
INFO: [ app_begin ] --END-- [ RunTime:0.002794s ]
NOTIC: [8] A session had already been started - ignoring session_start() D:\phpStudy\WWW\internship_tp\Application\Home\Controller\InitializeController.class.php 第 6 行.
SQL: SHOW COLUMNS FROM `Menu` [ RunTime:0.014352s ]
SQL: SELECT * FROM `Menu`  [ RunTime:0.000276s ]
SQL: SELECT `username` FROM `user` WHERE ( user_id=18 )  [ RunTime:0.000206s ]
SQL: SELECT * FROM `prod_user` WHERE ( pid=54 and user_id=18 )  [ RunTime:0.000325s ]
SQL: INSERT INTO `prod_user` (`user_id`,`pid`,`count`) VALUES (18,54,1) [ RunTime:0.000197s ]
INFO: [ app_end ] --START--
INFO: Run Behavior\ShowPageTrace [ RunTime:0.002211s ]
INFO: [ app_end ] --END-- [ RunTime:0.002343s ]

[ 2017-03-18T20:20:12+08:00 ] 127.0.0.1 /Home/Product/add_car?action=ajax
INFO: [ app_begin ] --START--
INFO: Run Behavior\ReadHtmlCache [ RunTime:0.001217s ]
INFO: [ app_begin ] --END-- [ RunTime:0.002227s ]
NOTIC: [8] A session had already been started - ignoring session_start() D:\phpStudy\WWW\internship_tp\Application\Home\Controller\InitializeController.class.php 第 6 行.
SQL: SHOW COLUMNS FROM `Menu` [ RunTime:0.014026s ]
SQL: SELECT * FROM `Menu`  [ RunTime:0.000279s ]
SQL: SELECT `username` FROM `user` WHERE ( user_id=18 )  [ RunTime:0.000221s ]
SQL: SELECT * FROM `prod_user` WHERE ( pid=46 and user_id=18 )  [ RunTime:0.000217s ]
SQL: INSERT INTO `prod_user` (`user_id`,`pid`,`count`) VALUES (18,46,1) [ RunTime:0.000194s ]
INFO: [ app_end ] --START--
INFO: Run Behavior\ShowPageTrace [ RunTime:0.001187s ]
INFO: [ app_end ] --END-- [ RunTime:0.001238s ]

[ 2017-03-18T20:20:21+08:00 ] 127.0.0.1 /Home/Product/add_car?action=ajax
INFO: [ app_begin ] --START--
INFO: Run Behavior\ReadHtmlCache [ RunTime:0.001546s ]
INFO: [ app_begin ] --END-- [ RunTime:0.002291s ]
NOTIC: [8] A session had already been started - ignoring session_start() D:\phpStudy\WWW\internship_tp\Application\Home\Controller\InitializeController.class.php 第 6 行.
SQL: SHOW COLUMNS FROM `Menu` [ RunTime:0.013152s ]
SQL: SELECT * FROM `Menu`  [ RunTime:0.000274s ]
SQL: SELECT `username` FROM `user` WHERE ( user_id=18 )  [ RunTime:0.000232s ]
SQL: SELECT * FROM `prod_user` WHERE ( pid=48 and user_id=18 )  [ RunTime:0.000253s ]
SQL: INSERT INTO `prod_user` (`user_id`,`pid`,`count`) VALUES (18,48,1) [ RunTime:0.000174s ]
INFO: [ app_end ] --START--
INFO: Run Behavior\ShowPageTrace [ RunTime:0.001288s ]
INFO: [ app_end ] --END-- [ RunTime:0.001351s ]

[ 2017-03-18T20:33:26+08:00 ] 127.0.0.1 /Home/Product/add_car?action=ajax
INFO: [ app_begin ] --START--
INFO: Run Behavior\ReadHtmlCache [ RunTime:0.003266s ]
INFO: [ app_begin ] --END-- [ RunTime:0.004430s ]
NOTIC: [8] A session had already been started - ignoring session_start() D:\phpStudy\WWW\internship_tp\Application\Home\Controller\InitializeController.class.php 第 6 行.
SQL: SHOW COLUMNS FROM `Menu` [ RunTime:0.016626s ]
SQL: SELECT * FROM `Menu`  [ RunTime:0.000267s ]
SQL: SELECT `username` FROM `user` WHERE ( user_id=18 )  [ RunTime:0.000215s ]
SQL: SELECT * FROM `prod_user` WHERE ( pid=46 and user_id=18 )  [ RunTime:0.000305s ]
SQL: UPDATE `prod_user` SET `count`=count+1 WHERE ( pid=46 ) [ RunTime:0.000282s ]
INFO: [ app_end ] --START--
INFO: Run Behavior\ShowPageTrace [ RunTime:0.002754s ]
INFO: [ app_end ] --END-- [ RunTime:0.002854s ]

[ 2017-03-18T20:47:16+08:00 ] 127.0.0.1 /Home/Product/ajaxChange?action=ajax
INFO: [ app_begin ] --START--
INFO: Run Behavior\ReadHtmlCache [ RunTime:0.001988s ]
INFO: [ app_begin ] --END-- [ RunTime:0.002905s ]
NOTIC: [8] A session had already been started - ignoring session_start() D:\phpStudy\WWW\internship_tp\Application\Home\Controller\InitializeController.class.php 第 6 行.
SQL: SHOW COLUMNS FROM `Menu` [ RunTime:0.091970s ]
SQL: SELECT * FROM `Menu`  [ RunTime:0.002990s ]
SQL: SELECT `username` FROM `user` WHERE ( user_id=18 )  [ RunTime:0.000203s ]
INFO: [ app_end ] --START--
INFO: Run Behavior\ShowPageTrace [ RunTime:0.001704s ]
INFO: [ app_end ] --END-- [ RunTime:0.001762s ]

[ 2017-03-18T20:47:44+08:00 ] 127.0.0.1 /Home/Product/ajaxChange?action=ajax
INFO: [ app_begin ] --START--
INFO: Run Behavior\ReadHtmlCache [ RunTime:0.000975s ]
INFO: [ app_begin ] --END-- [ RunTime:0.001587s ]
NOTIC: [8] A session had already been started - ignoring session_start() D:\phpStudy\WWW\internship_tp\Application\Home\Controller\InitializeController.class.php 第 6 行.
SQL: SHOW COLUMNS FROM `Menu` [ RunTime:0.013940s ]
SQL: SELECT * FROM `Menu`  [ RunTime:0.000287s ]
SQL: SELECT `username` FROM `user` WHERE ( user_id=18 )  [ RunTime:0.000195s ]
INFO: [ app_end ] --START--
INFO: Run Behavior\ShowPageTrace [ RunTime:0.001293s ]
INFO: [ app_end ] --END-- [ RunTime:0.001350s ]

[ 2017-03-18T20:48:17+08:00 ] 127.0.0.1 /Home/Product/ajaxChange?action=ajax
INFO: [ app_begin ] --START--
INFO: Run Behavior\ReadHtmlCache [ RunTime:0.000803s ]
INFO: [ app_begin ] --END-- [ RunTime:0.001515s ]
NOTIC: [8] A session had already been started - ignoring session_start() D:\phpStudy\WWW\internship_tp\Application\Home\Controller\InitializeController.class.php 第 6 行.
SQL: SHOW COLUMNS FROM `Menu` [ RunTime:0.018182s ]
SQL: SELECT * FROM `Menu`  [ RunTime:0.000249s ]
SQL: SELECT `username` FROM `user` WHERE ( user_id=18 )  [ RunTime:0.000207s ]
INFO: [ app_end ] --START--
INFO: Run Behavior\ShowPageTrace [ RunTime:0.001362s ]
INFO: [ app_end ] --END-- [ RunTime:0.001465s ]

[ 2017-03-18T20:48:21+08:00 ] 127.0.0.1 /Home/Product/ajaxChange?action=ajax
INFO: [ app_begin ] --START--
INFO: Run Behavior\ReadHtmlCache [ RunTime:0.000896s ]
INFO: [ app_begin ] --END-- [ RunTime:0.001824s ]
NOTIC: [8] A session had already been started - ignoring session_start() D:\phpStudy\WWW\internship_tp\Application\Home\Controller\InitializeController.class.php 第 6 行.
SQL: SHOW COLUMNS FROM `Menu` [ RunTime:0.075993s ]
SQL: SELECT * FROM `Menu`  [ RunTime:0.000258s ]
SQL: SELECT `username` FROM `user` WHERE ( user_id=18 )  [ RunTime:0.000210s ]
INFO: [ app_end ] --START--
INFO: Run Behavior\ShowPageTrace [ RunTime:0.001212s ]
INFO: [ app_end ] --END-- [ RunTime:0.001263s ]

[ 2017-03-18T20:48:33+08:00 ] 127.0.0.1 /Home/Product/ajaxChange
INFO: [ app_begin ] --START--
INFO: Run Behavior\ReadHtmlCache [ RunTime:0.000804s ]
INFO: [ app_begin ] --END-- [ RunTime:0.001638s ]
NOTIC: [8] A session had already been started - ignoring session_start() D:\phpStudy\WWW\internship_tp\Application\Home\Controller\InitializeController.class.php 第 6 行.
SQL: SHOW COLUMNS FROM `Menu` [ RunTime:0.013208s ]
SQL: SELECT * FROM `Menu`  [ RunTime:0.000248s ]
SQL: SELECT `username` FROM `user` WHERE ( user_id=18 )  [ RunTime:0.000196s ]
INFO: [ app_end ] --START--
INFO: Run Behavior\ShowPageTrace [ RunTime:0.001385s ]
INFO: [ app_end ] --END-- [ RunTime:0.001445s ]

[ 2017-03-18T20:49:39+08:00 ] 127.0.0.1 /Home/Product/ajaxChange
INFO: [ app_begin ] --START--
INFO: Run Behavior\ReadHtmlCache [ RunTime:0.001590s ]
INFO: [ app_begin ] --END-- [ RunTime:0.002252s ]
NOTIC: [8] A session had already been started - ignoring session_start() D:\phpStudy\WWW\internship_tp\Application\Home\Controller\InitializeController.class.php 第 6 行.
SQL: SHOW COLUMNS FROM `Menu` [ RunTime:0.016090s ]
SQL: SELECT * FROM `Menu`  [ RunTime:0.000264s ]
SQL: SELECT `username` FROM `user` WHERE ( user_id=18 )  [ RunTime:0.000212s ]
INFO: [ app_end ] --START--
INFO: Run Behavior\ShowPageTrace [ RunTime:0.002358s ]
INFO: [ app_end ] --END-- [ RunTime:0.002426s ]

[ 2017-03-18T21:12:49+08:00 ] 127.0.0.1 /Home/Product/ajaxChange?action=ajax
INFO: [ app_begin ] --START--
INFO: Run Behavior\ReadHtmlCache [ RunTime:0.001396s ]
INFO: [ app_begin ] --END-- [ RunTime:0.007412s ]
NOTIC: [8] A session had already been started - ignoring session_start() D:\phpStudy\WWW\internship_tp\Application\Home\Controller\InitializeController.class.php 第 6 行.
SQL: SHOW COLUMNS FROM `Menu` [ RunTime:0.014187s ]
SQL: SELECT * FROM `Menu`  [ RunTime:0.000287s ]
SQL: SELECT `username` FROM `user` WHERE ( user_id=18 )  [ RunTime:0.000333s ]
SQL: SELECT `price` FROM `product` WHERE ( id=0 )  [ RunTime:0.000388s ]
INFO: [ app_end ] --START--
INFO: Run Behavior\ShowPageTrace [ RunTime:0.002281s ]
INFO: [ app_end ] --END-- [ RunTime:0.002391s ]

[ 2017-03-18T21:13:45+08:00 ] 127.0.0.1 /Home/Product/ajaxChange?action=ajax
INFO: [ app_begin ] --START--
INFO: Run Behavior\ReadHtmlCache [ RunTime:0.000970s ]
INFO: [ app_begin ] --END-- [ RunTime:0.001708s ]
NOTIC: [8] A session had already been started - ignoring session_start() D:\phpStudy\WWW\internship_tp\Application\Home\Controller\InitializeController.class.php 第 6 行.
SQL: SHOW COLUMNS FROM `Menu` [ RunTime:0.054594s ]
SQL: SELECT * FROM `Menu`  [ RunTime:0.000324s ]
SQL: SELECT `username` FROM `user` WHERE ( user_id=18 )  [ RunTime:0.000245s ]
SQL: SELECT `price` FROM `product` WHERE ( id=0 )  [ RunTime:0.000281s ]
INFO: [ app_end ] --START--
INFO: Run Behavior\ShowPageTrace [ RunTime:0.001709s ]
INFO: [ app_end ] --END-- [ RunTime:0.001786s ]

[ 2017-03-18T21:16:16+08:00 ] 127.0.0.1 /Home/Product/ajaxChange?action=ajax
INFO: [ app_begin ] --START--
INFO: Run Behavior\ReadHtmlCache [ RunTime:0.002879s ]
INFO: [ app_begin ] --END-- [ RunTime:0.004147s ]
NOTIC: [8] A session had already been started - ignoring session_start() D:\phpStudy\WWW\internship_tp\Application\Home\Controller\InitializeController.class.php 第 6 行.
SQL: SHOW COLUMNS FROM `Menu` [ RunTime:0.053012s ]
SQL: SELECT * FROM `Menu`  [ RunTime:0.000419s ]
SQL: SELECT `username` FROM `user` WHERE ( user_id=18 )  [ RunTime:0.000372s ]
SQL: SELECT `price` FROM `product` WHERE ( id=0 )  [ RunTime:0.000520s ]
INFO: [ app_end ] --START--
INFO: Run Behavior\ShowPageTrace [ RunTime:0.003700s ]
INFO: [ app_end ] --END-- [ RunTime:0.003823s ]

[ 2017-03-18T21:16:42+08:00 ] 127.0.0.1 /Home/Product/ajaxChange?action=ajax
INFO: [ app_begin ] --START--
INFO: Run Behavior\ReadHtmlCache [ RunTime:0.002167s ]
INFO: [ app_begin ] --END-- [ RunTime:0.002912s ]
NOTIC: [8] A session had already been started - ignoring session_start() D:\phpStudy\WWW\internship_tp\Application\Home\Controller\InitializeController.class.php 第 6 行.
SQL: SHOW COLUMNS FROM `Menu` [ RunTime:0.034717s ]
SQL: SELECT * FROM `Menu`  [ RunTime:0.000623s ]
SQL: SELECT `username` FROM `user` WHERE ( user_id=18 )  [ RunTime:0.000369s ]
SQL: SELECT `price` FROM `product` WHERE ( id=0 )  [ RunTime:0.000374s ]
INFO: [ app_end ] --START--
INFO: Run Behavior\ShowPageTrace [ RunTime:0.002807s ]
INFO: [ app_end ] --END-- [ RunTime:0.002902s ]

[ 2017-03-18T21:17:26+08:00 ] 127.0.0.1 /Home/Product/ajaxChange?action=ajax
INFO: [ app_begin ] --START--
INFO: Run Behavior\ReadHtmlCache [ RunTime:0.000946s ]
INFO: [ app_begin ] --END-- [ RunTime:0.001870s ]
NOTIC: [8] A session had already been started - ignoring session_start() D:\phpStudy\WWW\internship_tp\Application\Home\Controller\InitializeController.class.php 第 6 行.
SQL: SHOW COLUMNS FROM `Menu` [ RunTime:0.112964s ]
SQL: SELECT * FROM `Menu`  [ RunTime:0.000251s ]
SQL: SELECT `username` FROM `user` WHERE ( user_id=18 )  [ RunTime:0.000217s ]
SQL: SELECT `price` FROM `product` WHERE ( id=48 )  [ RunTime:0.000252s ]
INFO: [ app_end ] --START--
INFO: Run Behavior\ShowPageTrace [ RunTime:0.001155s ]
INFO: [ app_end ] --END-- [ RunTime:0.001218s ]

[ 2017-03-18T21:17:38+08:00 ] 127.0.0.1 /Home/Product/ajaxChange?action=ajax
INFO: [ app_begin ] --START--
INFO: Run Behavior\ReadHtmlCache [ RunTime:0.001456s ]
INFO: [ app_begin ] --END-- [ RunTime:0.002001s ]
NOTIC: [8] A session had already been started - ignoring session_start() D:\phpStudy\WWW\internship_tp\Application\Home\Controller\InitializeController.class.php 第 6 行.
SQL: SHOW COLUMNS FROM `Menu` [ RunTime:0.015190s ]
SQL: SELECT * FROM `Menu`  [ RunTime:0.000281s ]
SQL: SELECT `username` FROM `user` WHERE ( user_id=18 )  [ RunTime:0.000236s ]
SQL: SELECT `price` FROM `product` WHERE ( id=48 )  [ RunTime:0.000260s ]
INFO: [ app_end ] --START--
INFO: Run Behavior\ShowPageTrace [ RunTime:0.002039s ]
INFO: [ app_end ] --END-- [ RunTime:0.002158s ]

[ 2017-03-18T21:18:28+08:00 ] 127.0.0.1 /Home/Product/ajaxChange?action=ajax
INFO: [ app_begin ] --START--
INFO: Run Behavior\ReadHtmlCache [ RunTime:0.001400s ]
INFO: [ app_begin ] --END-- [ RunTime:0.002310s ]
NOTIC: [8] A session had already been started - ignoring session_start() D:\phpStudy\WWW\internship_tp\Application\Home\Controller\InitializeController.class.php 第 6 行.
SQL: SHOW COLUMNS FROM `Menu` [ RunTime:0.021826s ]
SQL: SELECT * FROM `Menu`  [ RunTime:0.000251s ]
SQL: SELECT `username` FROM `user` WHERE ( user_id=18 )  [ RunTime:0.000212s ]
SQL: SELECT `price` FROM `product` WHERE ( id=48 )  [ RunTime:0.000287s ]
INFO: [ app_end ] --START--
INFO: Run Behavior\ShowPageTrace [ RunTime:0.001918s ]
INFO: [ app_end ] --END-- [ RunTime:0.002018s ]

[ 2017-03-18T21:20:10+08:00 ] 127.0.0.1 /Home/Product/ajaxChange?action=ajax
INFO: [ app_begin ] --START--
INFO: Run Behavior\ReadHtmlCache [ RunTime:0.002115s ]
INFO: [ app_begin ] --END-- [ RunTime:0.002877s ]
NOTIC: [8] A session had already been started - ignoring session_start() D:\phpStudy\WWW\internship_tp\Application\Home\Controller\InitializeController.class.php 第 6 行.
SQL: SHOW COLUMNS FROM `Menu` [ RunTime:0.095291s ]
SQL: SELECT * FROM `Menu`  [ RunTime:0.000250s ]
SQL: SELECT `username` FROM `user` WHERE ( user_id=18 )  [ RunTime:0.000205s ]
SQL: SELECT `price` FROM `product` WHERE ( id=48 )  [ RunTime:0.000279s ]
SQL: UPDATE `prod_user` SET `count`=2 WHERE ( pid=48 and user_id=18 ) [ RunTime:0.000291s ]
INFO: [ app_end ] --START--
INFO: Run Behavior\ShowPageTrace [ RunTime:0.001703s ]
INFO: [ app_end ] --END-- [ RunTime:0.001754s ]

[ 2017-03-18T21:20:24+08:00 ] 127.0.0.1 /Home/Product/ajaxChange?action=ajax
INFO: [ app_begin ] --START--
INFO: Run Behavior\ReadHtmlCache [ RunTime:0.001083s ]
INFO: [ app_begin ] --END-- [ RunTime:0.001868s ]
NOTIC: [8] A session had already been started - ignoring session_start() D:\phpStudy\WWW\internship_tp\Application\Home\Controller\InitializeController.class.php 第 6 行.
SQL: SHOW COLUMNS FROM `Menu` [ RunTime:0.013534s ]
SQL: SELECT * FROM `Menu`  [ RunTime:0.000264s ]
SQL: SELECT `username` FROM `user` WHERE ( user_id=18 )  [ RunTime:0.000197s ]
SQL: SELECT `price` FROM `product` WHERE ( id=46 )  [ RunTime:0.000222s ]
SQL: UPDATE `prod_user` SET `count`=3 WHERE ( pid=46 and user_id=18 ) [ RunTime:0.000217s ]
INFO: [ app_end ] --START--
INFO: Run Behavior\ShowPageTrace [ RunTime:0.001263s ]
INFO: [ app_end ] --END-- [ RunTime:0.001315s ]

[ 2017-03-18T21:20:54+08:00 ] 127.0.0.1 /Home/Product/ajaxChange?action=ajax
INFO: [ app_begin ] --START--
INFO: Run Behavior\ReadHtmlCache [ RunTime:0.000684s ]
INFO: [ app_begin ] --END-- [ RunTime:0.001482s ]
NOTIC: [8] A session had already been started - ignoring session_start() D:\phpStudy\WWW\internship_tp\Application\Home\Controller\InitializeController.class.php 第 6 行.
SQL: SHOW COLUMNS FROM `Menu` [ RunTime:0.037256s ]
SQL: SELECT * FROM `Menu`  [ RunTime:0.000450s ]
SQL: SELECT `username` FROM `user` WHERE ( user_id=18 )  [ RunTime:0.000359s ]
SQL: SELECT `price` FROM `product` WHERE ( id=46 )  [ RunTime:0.000353s ]
SQL: UPDATE `prod_user` SET `count`=4 WHERE ( pid=46 and user_id=18 ) [ RunTime:0.000337s ]
INFO: [ app_end ] --START--
INFO: Run Behavior\ShowPageTrace [ RunTime:0.001942s ]
INFO: [ app_end ] --END-- [ RunTime:0.002037s ]

[ 2017-03-18T21:21:23+08:00 ] 127.0.0.1 /Home/Product/ajaxChange?action=ajax
INFO: [ app_begin ] --START--
INFO: Run Behavior\ReadHtmlCache [ RunTime:0.000638s ]
INFO: [ app_begin ] --END-- [ RunTime:0.001233s ]
NOTIC: [8] A session had already been started - ignoring session_start() D:\phpStudy\WWW\internship_tp\Application\Home\Controller\InitializeController.class.php 第 6 行.
SQL: SHOW COLUMNS FROM `Menu` [ RunTime:0.079546s ]
SQL: SELECT * FROM `Menu`  [ RunTime:0.000347s ]
SQL: SELECT `username` FROM `user` WHERE ( user_id=18 )  [ RunTime:0.000302s ]
SQL: SELECT `price` FROM `product` WHERE ( id=46 )  [ RunTime:0.000499s ]
SQL: UPDATE `prod_user` SET `count`=5 WHERE ( pid=46 and user_id=18 ) [ RunTime:0.000409s ]
INFO: [ app_end ] --START--
INFO: Run Behavior\ShowPageTrace [ RunTime:0.002644s ]
INFO: [ app_end ] --END-- [ RunTime:0.002787s ]

[ 2017-03-18T21:21:42+08:00 ] 127.0.0.1 /Application/Home/View/Public/css/bootstrap.css.map
ERR: 无法加载控制器:Application

[ 2017-03-18T21:22:10+08:00 ] 127.0.0.1 /Home/Product/ajaxChange?action=ajax
INFO: [ app_begin ] --START--
INFO: Run Behavior\ReadHtmlCache [ RunTime:0.001355s ]
INFO: [ app_begin ] --END-- [ RunTime:0.001939s ]
NOTIC: [8] A session had already been started - ignoring session_start() D:\phpStudy\WWW\internship_tp\Application\Home\Controller\InitializeController.class.php 第 6 行.
SQL: SHOW COLUMNS FROM `Menu` [ RunTime:0.044907s ]
SQL: SELECT * FROM `Menu`  [ RunTime:0.000284s ]
SQL: SELECT `username` FROM `user` WHERE ( user_id=18 )  [ RunTime:0.000248s ]
SQL: SELECT `price` FROM `product` WHERE ( id=48 )  [ RunTime:0.000279s ]
SQL: UPDATE `prod_user` SET `count`=3 WHERE ( pid=48 and user_id=18 ) [ RunTime:0.000216s ]
INFO: [ app_end ] --START--
INFO: Run Behavior\ShowPageTrace [ RunTime:0.001539s ]
INFO: [ app_end ] --END-- [ RunTime:0.001593s ]

[ 2017-03-18T21:22:24+08:00 ] 127.0.0.1 /Home/Product/ajaxChange?action=ajax
INFO: [ app_begin ] --START--
INFO: Run Behavior\ReadHtmlCache [ RunTime:0.001571s ]
INFO: [ app_begin ] --END-- [ RunTime:0.002567s ]
NOTIC: [8] A session had already been started - ignoring session_start() D:\phpStudy\WWW\internship_tp\Application\Home\Controller\InitializeController.class.php 第 6 行.
SQL: SHOW COLUMNS FROM `Menu` [ RunTime:0.014153s ]
SQL: SELECT * FROM `Menu`  [ RunTime:0.000248s ]
SQL: SELECT `username` FROM `user` WHERE ( user_id=18 )  [ RunTime:0.000235s ]
SQL: SELECT `price` FROM `product` WHERE ( id=54 )  [ RunTime:0.000271s ]
SQL: UPDATE `prod_user` SET `count`=2 WHERE ( pid=54 and user_id=18 ) [ RunTime:0.000226s ]
INFO: [ app_end ] --START--
INFO: Run Behavior\ShowPageTrace [ RunTime:0.001263s ]
INFO: [ app_end ] --END-- [ RunTime:0.001319s ]

[ 2017-03-18T21:23:03+08:00 ] 127.0.0.1 /Home/Product/ajaxChange?action=ajax
INFO: [ app_begin ] --START--
INFO: Run Behavior\ReadHtmlCache [ RunTime:0.001594s ]
INFO: [ app_begin ] --END-- [ RunTime:0.002319s ]
NOTIC: [8] A session had already been started - ignoring session_start() D:\phpStudy\WWW\internship_tp\Application\Home\Controller\InitializeController.class.php 第 6 行.
SQL: SHOW COLUMNS FROM `Menu` [ RunTime:0.013456s ]
SQL: SELECT * FROM `Menu`  [ RunTime:0.000240s ]
SQL: SELECT `username` FROM `user` WHERE ( user_id=18 )  [ RunTime:0.000203s ]
SQL: SELECT `price` FROM `product` WHERE ( id=48 )  [ RunTime:0.000310s ]
SQL: UPDATE `prod_user` SET `count`=4 WHERE ( pid=48 and user_id=18 ) [ RunTime:0.000278s ]
INFO: [ app_end ] --START--
INFO: Run Behavior\ShowPageTrace [ RunTime:0.001913s ]
INFO: [ app_end ] --END-- [ RunTime:0.001983s ]

[ 2017-03-18T21:23:07+08:00 ] 127.0.0.1 /Home/Product/ajaxChange?action=ajax
INFO: [ app_begin ] --START--
INFO: Run Behavior\ReadHtmlCache [ RunTime:0.002449s ]
INFO: [ app_begin ] --END-- [ RunTime:0.003103s ]
NOTIC: [8] A session had already been started - ignoring session_start() D:\phpStudy\WWW\internship_tp\Application\Home\Controller\InitializeController.class.php 第 6 行.
SQL: SHOW COLUMNS FROM `Menu` [ RunTime:0.032786s ]
SQL: SELECT * FROM `Menu`  [ RunTime:0.000378s ]
SQL: SELECT `username` FROM `user` WHERE ( user_id=18 )  [ RunTime:0.000304s ]
SQL: SELECT `price` FROM `product` WHERE ( id=46 )  [ RunTime:0.000417s ]
SQL: UPDATE `prod_user` SET `count`=6 WHERE ( pid=46 and user_id=18 ) [ RunTime:0.000334s ]
INFO: [ app_end ] --START--
INFO: Run Behavior\ShowPageTrace [ RunTime:0.003002s ]
INFO: [ app_end ] --END-- [ RunTime:0.003126s ]

[ 2017-03-18T21:23:41+08:00 ] 127.0.0.1 /Home/Product/ajaxChange?action=ajax
INFO: [ app_begin ] --START--
INFO: Run Behavior\ReadHtmlCache [ RunTime:0.001334s ]
INFO: [ app_begin ] --END-- [ RunTime:0.001910s ]
NOTIC: [8] A session had already been started - ignoring session_start() D:\phpStudy\WWW\internship_tp\Application\Home\Controller\InitializeController.class.php 第 6 行.
SQL: SHOW COLUMNS FROM `Menu` [ RunTime:0.061515s ]
SQL: SELECT * FROM `Menu`  [ RunTime:0.000440s ]
SQL: SELECT `username` FROM `user` WHERE ( user_id=18 )  [ RunTime:0.000358s ]
SQL: SELECT `price` FROM `product` WHERE ( id=54 )  [ RunTime:0.000467s ]
SQL: UPDATE `prod_user` SET `count`=3 WHERE ( pid=54 and user_id=18 ) [ RunTime:0.000378s ]
INFO: [ app_end ] --START--
INFO: Run Behavior\ShowPageTrace [ RunTime:0.003545s ]
INFO: [ app_end ] --END-- [ RunTime:0.003704s ]

[ 2017-03-18T21:27:45+08:00 ] 127.0.0.1 /Home/Product/ajaxChange?action=ajax
INFO: [ app_begin ] --START--
INFO: Run Behavior\ReadHtmlCache [ RunTime:0.001535s ]
INFO: [ app_begin ] --END-- [ RunTime:0.002156s ]
NOTIC: [8] A session had already been started - ignoring session_start() D:\phpStudy\WWW\internship_tp\Application\Home\Controller\InitializeController.class.php 第 6 行.
SQL: SHOW COLUMNS FROM `Menu` [ RunTime:0.020133s ]
SQL: SELECT * FROM `Menu`  [ RunTime:0.000382s ]
SQL: SELECT `username` FROM `user` WHERE ( user_id=18 )  [ RunTime:0.001035s ]
SQL: SELECT `price` FROM `product` WHERE ( id=48 )  [ RunTime:0.000688s ]
SQL: UPDATE `prod_user` SET `count`=4 WHERE ( pid=48 and user_id=18 ) [ RunTime:0.000612s ]
INFO: [ app_end ] --START--
INFO: Run Behavior\ShowPageTrace [ RunTime:0.001690s ]
INFO: [ app_end ] --END-- [ RunTime:0.001745s ]

[ 2017-03-18T21:28:23+08:00 ] 127.0.0.1 /Home/Product/ajaxChange?action=ajax
INFO: [ app_begin ] --START--
INFO: Run Behavior\ReadHtmlCache [ RunTime:0.001355s ]
INFO: [ app_begin ] --END-- [ RunTime:0.001924s ]
NOTIC: [8] A session had already been started - ignoring session_start() D:\phpStudy\WWW\internship_tp\Application\Home\Controller\InitializeController.class.php 第 6 行.
SQL: SHOW COLUMNS FROM `Menu` [ RunTime:0.013745s ]
SQL: SELECT * FROM `Menu`  [ RunTime:0.000242s ]
SQL: SELECT `username` FROM `user` WHERE ( user_id=18 )  [ RunTime:0.000220s ]
SQL: SELECT `price` FROM `product` WHERE ( id=48 )  [ RunTime:0.000235s ]
SQL: UPDATE `prod_user` SET `count`=5 WHERE ( pid=48 and user_id=18 ) [ RunTime:0.000250s ]
INFO: [ app_end ] --START--
INFO: Run Behavior\ShowPageTrace [ RunTime:0.001625s ]
INFO: [ app_end ] --END-- [ RunTime:0.001678s ]

[ 2017-03-18T21:29:16+08:00 ] 127.0.0.1 /Application/Home/View/Public/css/bootstrap.css.map
ERR: 无法加载控制器:Application

[ 2017-03-18T21:29:23+08:00 ] 127.0.0.1 /Application/Home/View/Public/css/bootstrap.css.map
ERR: 无法加载控制器:Application

[ 2017-03-18T21:29:36+08:00 ] 127.0.0.1 /Home/Product/ajaxChange?action=ajax
INFO: [ app_begin ] --START--
INFO: Run Behavior\ReadHtmlCache [ RunTime:0.001425s ]
INFO: [ app_begin ] --END-- [ RunTime:0.002468s ]
NOTIC: [8] A session had already been started - ignoring session_start() D:\phpStudy\WWW\internship_tp\Application\Home\Controller\InitializeController.class.php 第 6 行.
SQL: SHOW COLUMNS FROM `Menu` [ RunTime:0.014455s ]
SQL: SELECT * FROM `Menu`  [ RunTime:0.000246s ]
SQL: SELECT `username` FROM `user` WHERE ( user_id=18 )  [ RunTime:0.000217s ]
SQL: SELECT `price` FROM `product` WHERE ( id=48 )  [ RunTime:0.000337s ]
SQL: UPDATE `prod_user` SET `count`=5 WHERE ( pid=48 and user_id=18 ) [ RunTime:0.000279s ]
INFO: [ app_end ] --START--
INFO: Run Behavior\ShowPageTrace [ RunTime:0.002161s ]
INFO: [ app_end ] --END-- [ RunTime:0.002260s ]

[ 2017-03-18T21:29:41+08:00 ] 127.0.0.1 /Home/Product/ajaxChange?action=ajax
INFO: [ app_begin ] --START--
INFO: Run Behavior\ReadHtmlCache [ RunTime:0.003647s ]
INFO: [ app_begin ] --END-- [ RunTime:0.004949s ]
NOTIC: [8] A session had already been started - ignoring session_start() D:\phpStudy\WWW\internship_tp\Application\Home\Controller\InitializeController.class.php 第 6 行.
SQL: SHOW COLUMNS FROM `Menu` [ RunTime:0.021431s ]
SQL: SELECT * FROM `Menu`  [ RunTime:0.000346s ]
SQL: SELECT `username` FROM `user` WHERE ( user_id=18 )  [ RunTime:0.000293s ]
SQL: SELECT `price` FROM `product` WHERE ( id=48 )  [ RunTime:0.000276s ]
SQL: UPDATE `prod_user` SET `count`=6 WHERE ( pid=48 and user_id=18 ) [ RunTime:0.000248s ]
INFO: [ app_end ] --START--
INFO: Run Behavior\ShowPageTrace [ RunTime:0.001401s ]
INFO: [ app_end ] --END-- [ RunTime:0.001459s ]

[ 2017-03-18T21:30:03+08:00 ] 127.0.0.1 /Home/Product/ajaxChange?action=ajax
INFO: [ app_begin ] --START--
INFO: Run Behavior\ReadHtmlCache [ RunTime:0.000911s ]
INFO: [ app_begin ] --END-- [ RunTime:0.001499s ]
NOTIC: [8] A session had already been started - ignoring session_start() D:\phpStudy\WWW\internship_tp\Application\Home\Controller\InitializeController.class.php 第 6 行.
SQL: SHOW COLUMNS FROM `Menu` [ RunTime:0.013342s ]
SQL: SELECT * FROM `Menu`  [ RunTime:0.000259s ]
SQL: SELECT `username` FROM `user` WHERE ( user_id=18 )  [ RunTime:0.000214s ]
SQL: SELECT `price` FROM `product` WHERE ( id=48 )  [ RunTime:0.000251s ]
SQL: UPDATE `prod_user` SET `count`=8 WHERE ( pid=48 and user_id=18 ) [ RunTime:0.000253s ]
INFO: [ app_end ] --START--
INFO: Run Behavior\ShowPageTrace [ RunTime:0.001637s ]
INFO: [ app_end ] --END-- [ RunTime:0.001723s ]

[ 2017-03-18T21:30:07+08:00 ] 127.0.0.1 /Home/Product/ajaxChange?action=ajax
INFO: [ app_begin ] --START--
INFO: Run Behavior\ReadHtmlCache [ RunTime:0.000572s ]
INFO: [ app_begin ] --END-- [ RunTime:0.001144s ]
NOTIC: [8] A session had already been started - ignoring session_start() D:\phpStudy\WWW\internship_tp\Application\Home\Controller\InitializeController.class.php 第 6 行.
SQL: SHOW COLUMNS FROM `Menu` [ RunTime:0.013259s ]
SQL: SELECT * FROM `Menu`  [ RunTime:0.000253s ]
SQL: SELECT `username` FROM `user` WHERE ( user_id=18 )  [ RunTime:0.000214s ]
SQL: SELECT `price` FROM `product` WHERE ( id=48 )  [ RunTime:0.000228s ]
SQL: UPDATE `prod_user` SET `count`=2 WHERE ( pid=48 and user_id=18 ) [ RunTime:0.000226s ]
INFO: [ app_end ] --START--
INFO: Run Behavior\ShowPageTrace [ RunTime:0.001076s ]
INFO: [ app_end ] --END-- [ RunTime:0.001136s ]

[ 2017-03-18T21:30:31+08:00 ] 127.0.0.1 /Home/Product/add_car?action=ajax
INFO: [ app_begin ] --START--
INFO: Run Behavior\ReadHtmlCache [ RunTime:0.002916s ]
INFO: [ app_begin ] --END-- [ RunTime:0.004560s ]
NOTIC: [8] A session had already been started - ignoring session_start() D:\phpStudy\WWW\internship_tp\Application\Home\Controller\InitializeController.class.php 第 6 行.
SQL: SHOW COLUMNS FROM `Menu` [ RunTime:0.033803s ]
SQL: SELECT * FROM `Menu`  [ RunTime:0.000704s ]
SQL: SELECT `username` FROM `user` WHERE ( user_id=18 )  [ RunTime:0.000565s ]
SQL: SELECT * FROM `prod_user` WHERE ( pid=47 and user_id=18 )  [ RunTime:0.000307s ]
SQL: INSERT INTO `prod_user` (`user_id`,`pid`,`count`) VALUES (18,47,1) [ RunTime:0.000199s ]
INFO: [ app_end ] --START--
INFO: Run Behavior\ShowPageTrace [ RunTime:0.001510s ]
INFO: [ app_end ] --END-- [ RunTime:0.001560s ]

[ 2017-03-18T21:30:43+08:00 ] 127.0.0.1 /Home/Product/add_car?action=ajax
INFO: [ app_begin ] --START--
INFO: Run Behavior\ReadHtmlCache [ RunTime:0.001798s ]
INFO: [ app_begin ] --END-- [ RunTime:0.002916s ]
NOTIC: [8] A session had already been started - ignoring session_start() D:\phpStudy\WWW\internship_tp\Application\Home\Controller\InitializeController.class.php 第 6 行.
SQL: SHOW COLUMNS FROM `Menu` [ RunTime:0.076637s ]
SQL: SELECT * FROM `Menu`  [ RunTime:0.000252s ]
SQL: SELECT `username` FROM `user` WHERE ( user_id=18 )  [ RunTime:0.000237s ]
SQL: SELECT * FROM `prod_user` WHERE ( pid=47 and user_id=18 )  [ RunTime:0.000237s ]
SQL: UPDATE `prod_user` SET `count`=count+3 WHERE ( pid=47 ) [ RunTime:0.000197s ]
INFO: [ app_end ] --START--
INFO: Run Behavior\ShowPageTrace [ RunTime:0.001837s ]
INFO: [ app_end ] --END-- [ RunTime:0.001910s ]

[ 2017-03-18T21:30:54+08:00 ] 127.0.0.1 /Home/Product/add_car?action=ajax
INFO: [ app_begin ] --START--
INFO: Run Behavior\ReadHtmlCache [ RunTime:0.002225s ]
INFO: [ app_begin ] --END-- [ RunTime:0.002915s ]
NOTIC: [8] A session had already been started - ignoring session_start() D:\phpStudy\WWW\internship_tp\Application\Home\Controller\InitializeController.class.php 第 6 行.
SQL: SHOW COLUMNS FROM `Menu` [ RunTime:0.013063s ]
SQL: SELECT * FROM `Menu`  [ RunTime:0.000246s ]
SQL: SELECT `username` FROM `user` WHERE ( user_id=18 )  [ RunTime:0.000246s ]
SQL: SELECT * FROM `prod_user` WHERE ( pid=47 and user_id=18 )  [ RunTime:0.000285s ]
SQL: UPDATE `prod_user` SET `count`=count+2 WHERE ( pid=47 ) [ RunTime:0.000202s ]
INFO: [ app_end ] --START--
INFO: Run Behavior\ShowPageTrace [ RunTime:0.002141s ]
INFO: [ app_end ] --END-- [ RunTime:0.002209s ]

[ 2017-03-18T21:32:38+08:00 ] 127.0.0.1 /index.php?m=&c=register&a=index
ERR: 无法加载控制器:Register

