[ 2017-03-22T14:07:49+08:00 ] 127.0.0.1 /Admin/Access/update_role?action=ajax
INFO: [ app_begin ] --START--
INFO: Run Behavior\ReadHtmlCache [ RunTime:0.000684s ]
INFO: [ app_begin ] --END-- [ RunTime:0.001564s ]
NOTIC: [8] A session had already been started - ignoring session_start() D:\phpStudy\WWW\internship_tp\Application\Admin\Controller\InitializeController.class.php 第 6 行.
NOTIC: [8192] mysql_escape_string(): This function is deprecated; use mysql_real_escape_string() instead. D:\phpStudy\WWW\internship_tp\ThinkPHP\Library\Think\Db\Driver\Mysql.class.php 第 330 行.
NOTIC: [8192] mysql_escape_string(): This function is deprecated; use mysql_real_escape_string() instead. D:\phpStudy\WWW\internship_tp\ThinkPHP\Library\Think\Db\Driver\Mysql.class.php 第 330 行.
SQL: UPDATE `role` SET `rolename`='' WHERE ( id=0 ) [ RunTime:0.070172s ]
INFO: [ app_end ] --START--
INFO: Run Behavior\ShowPageTrace [ RunTime:0.001066s ]
INFO: [ app_end ] --END-- [ RunTime:0.001157s ]

[ 2017-03-22T14:08:37+08:00 ] 127.0.0.1 /Admin/Access/update_role?action=ajax
INFO: [ app_begin ] --START--
INFO: Run Behavior\ReadHtmlCache [ RunTime:0.000940s ]
INFO: [ app_begin ] --END-- [ RunTime:0.001720s ]
NOTIC: [8] A session had already been started - ignoring session_start() D:\phpStudy\WWW\internship_tp\Application\Admin\Controller\InitializeController.class.php 第 6 行.
NOTIC: [8192] mysql_escape_string(): This function is deprecated; use mysql_real_escape_string() instead. D:\phpStudy\WWW\internship_tp\ThinkPHP\Library\Think\Db\Driver\Mysql.class.php 第 330 行.
NOTIC: [8192] mysql_escape_string(): This function is deprecated; use mysql_real_escape_string() instead. D:\phpStudy\WWW\internship_tp\ThinkPHP\Library\Think\Db\Driver\Mysql.class.php 第 330 行.
SQL: UPDATE `role` SET `rolename`='' WHERE ( id=0 ) [ RunTime:0.000234s ]
INFO: [ app_end ] --START--
INFO: Run Behavior\ShowPageTrace [ RunTime:0.000937s ]
INFO: [ app_end ] --END-- [ RunTime:0.001041s ]

[ 2017-03-22T14:08:47+08:00 ] 127.0.0.1 /Admin/Access/update_role?action=ajax
INFO: [ app_begin ] --START--
INFO: Run Behavior\ReadHtmlCache [ RunTime:0.000621s ]
INFO: [ app_begin ] --END-- [ RunTime:0.001227s ]
NOTIC: [8] A session had already been started - ignoring session_start() D:\phpStudy\WWW\internship_tp\Application\Admin\Controller\InitializeController.class.php 第 6 行.
NOTIC: [8192] mysql_escape_string(): This function is deprecated; use mysql_real_escape_string() instead. D:\phpStudy\WWW\internship_tp\ThinkPHP\Library\Think\Db\Driver\Mysql.class.php 第 330 行.
NOTIC: [8192] mysql_escape_string(): This function is deprecated; use mysql_real_escape_string() instead. D:\phpStudy\WWW\internship_tp\ThinkPHP\Library\Think\Db\Driver\Mysql.class.php 第 330 行.
SQL: UPDATE `role` SET `rolename`='' WHERE ( id=0 ) [ RunTime:0.000183s ]
INFO: [ app_end ] --START--
INFO: Run Behavior\ShowPageTrace [ RunTime:0.001115s ]
INFO: [ app_end ] --END-- [ RunTime:0.001211s ]

[ 2017-03-22T14:09:48+08:00 ] 127.0.0.1 /Admin/Access/update_role?action=ajax
INFO: [ app_begin ] --START--
INFO: Run Behavior\ReadHtmlCache [ RunTime:0.000761s ]
INFO: [ app_begin ] --END-- [ RunTime:0.001477s ]
NOTIC: [8] A session had already been started - ignoring session_start() D:\phpStudy\WWW\internship_tp\Application\Admin\Controller\InitializeController.class.php 第 6 行.
NOTIC: [8192] mysql_escape_string(): This function is deprecated; use mysql_real_escape_string() instead. D:\phpStudy\WWW\internship_tp\ThinkPHP\Library\Think\Db\Driver\Mysql.class.php 第 330 行.
NOTIC: [8192] mysql_escape_string(): This function is deprecated; use mysql_real_escape_string() instead. D:\phpStudy\WWW\internship_tp\ThinkPHP\Library\Think\Db\Driver\Mysql.class.php 第 330 行.
SQL: UPDATE `role` SET `rolename`='' WHERE ( id=0 ) [ RunTime:0.000814s ]
INFO: [ app_end ] --START--
INFO: Run Behavior\ShowPageTrace [ RunTime:0.004805s ]
INFO: [ app_end ] --END-- [ RunTime:0.005057s ]

[ 2017-03-22T14:13:06+08:00 ] 127.0.0.1 /Admin/Access/update_role?action=ajax
INFO: [ app_begin ] --START--
INFO: Run Behavior\ReadHtmlCache [ RunTime:0.001054s ]
INFO: [ app_begin ] --END-- [ RunTime:0.001955s ]
NOTIC: [8] A session had already been started - ignoring session_start() D:\phpStudy\WWW\internship_tp\Application\Admin\Controller\InitializeController.class.php 第 6 行.
NOTIC: [8192] mysql_escape_string(): This function is deprecated; use mysql_real_escape_string() instead. D:\phpStudy\WWW\internship_tp\ThinkPHP\Library\Think\Db\Driver\Mysql.class.php 第 330 行.
NOTIC: [8192] mysql_escape_string(): This function is deprecated; use mysql_real_escape_string() instead. D:\phpStudy\WWW\internship_tp\ThinkPHP\Library\Think\Db\Driver\Mysql.class.php 第 330 行.
SQL: UPDATE `role` SET `rolename`='' WHERE ( id=0 ) [ RunTime:0.000559s ]
INFO: [ app_end ] --START--
INFO: Run Behavior\ShowPageTrace [ RunTime:0.002224s ]
INFO: [ app_end ] --END-- [ RunTime:0.002391s ]

[ 2017-03-22T14:15:19+08:00 ] 127.0.0.1 /Admin/Access/update_role?action=ajax
INFO: [ app_begin ] --START--
INFO: Run Behavior\ReadHtmlCache [ RunTime:0.000610s ]
INFO: [ app_begin ] --END-- [ RunTime:0.001070s ]
NOTIC: [8] A session had already been started - ignoring session_start() D:\phpStudy\WWW\internship_tp\Application\Admin\Controller\InitializeController.class.php 第 6 行.
NOTIC: [8192] mysql_escape_string(): This function is deprecated; use mysql_real_escape_string() instead. D:\phpStudy\WWW\internship_tp\ThinkPHP\Library\Think\Db\Driver\Mysql.class.php 第 330 行.
NOTIC: [8192] mysql_escape_string(): This function is deprecated; use mysql_real_escape_string() instead. D:\phpStudy\WWW\internship_tp\ThinkPHP\Library\Think\Db\Driver\Mysql.class.php 第 330 行.
SQL: UPDATE `role` SET `rolename`='' WHERE ( id=0 ) [ RunTime:0.000635s ]
INFO: [ app_end ] --START--
INFO: Run Behavior\ShowPageTrace [ RunTime:0.003059s ]
INFO: [ app_end ] --END-- [ RunTime:0.003303s ]

[ 2017-03-22T14:15:53+08:00 ] 127.0.0.1 /Admin/Access/update_role?action=ajax
INFO: [ app_begin ] --START--
INFO: Run Behavior\ReadHtmlCache [ RunTime:0.000634s ]
INFO: [ app_begin ] --END-- [ RunTime:0.001240s ]
NOTIC: [8] A session had already been started - ignoring session_start() D:\phpStudy\WWW\internship_tp\Application\Admin\Controller\InitializeController.class.php 第 6 行.
NOTIC: [8192] mysql_escape_string(): This function is deprecated; use mysql_real_escape_string() instead. D:\phpStudy\WWW\internship_tp\ThinkPHP\Library\Think\Db\Driver\Mysql.class.php 第 330 行.
NOTIC: [8192] mysql_escape_string(): This function is deprecated; use mysql_real_escape_string() instead. D:\phpStudy\WWW\internship_tp\ThinkPHP\Library\Think\Db\Driver\Mysql.class.php 第 330 行.
SQL: UPDATE `role` SET `rolename`='' WHERE ( id=0 ) [ RunTime:0.000509s ]
INFO: [ app_end ] --START--
INFO: Run Behavior\ShowPageTrace [ RunTime:0.002577s ]
INFO: [ app_end ] --END-- [ RunTime:0.002809s ]

[ 2017-03-22T14:16:27+08:00 ] 127.0.0.1 /Admin/Access/update_role?action=ajax
INFO: [ app_begin ] --START--
INFO: Run Behavior\ReadHtmlCache [ RunTime:0.000616s ]
INFO: [ app_begin ] --END-- [ RunTime:0.001064s ]
NOTIC: [8] A session had already been started - ignoring session_start() D:\phpStudy\WWW\internship_tp\Application\Admin\Controller\InitializeController.class.php 第 6 行.
NOTIC: [8192] mysql_escape_string(): This function is deprecated; use mysql_real_escape_string() instead. D:\phpStudy\WWW\internship_tp\ThinkPHP\Library\Think\Db\Driver\Mysql.class.php 第 330 行.
NOTIC: [8192] mysql_escape_string(): This function is deprecated; use mysql_real_escape_string() instead. D:\phpStudy\WWW\internship_tp\ThinkPHP\Library\Think\Db\Driver\Mysql.class.php 第 330 行.
SQL: UPDATE `role` SET `rolename`='' WHERE ( id=0 ) [ RunTime:0.000475s ]
INFO: [ app_end ] --START--
INFO: Run Behavior\ShowPageTrace [ RunTime:0.002357s ]
INFO: [ app_end ] --END-- [ RunTime:0.002543s ]

[ 2017-03-22T14:20:50+08:00 ] 127.0.0.1 /Admin/Access/update_role?action=ajax
INFO: [ app_begin ] --START--
INFO: Run Behavior\ReadHtmlCache [ RunTime:0.001027s ]
INFO: [ app_begin ] --END-- [ RunTime:0.001998s ]
NOTIC: [8] A session had already been started - ignoring session_start() D:\phpStudy\WWW\internship_tp\Application\Admin\Controller\InitializeController.class.php 第 6 行.
NOTIC: [8192] mysql_escape_string(): This function is deprecated; use mysql_real_escape_string() instead. D:\phpStudy\WWW\internship_tp\ThinkPHP\Library\Think\Db\Driver\Mysql.class.php 第 330 行.
NOTIC: [8192] mysql_escape_string(): This function is deprecated; use mysql_real_escape_string() instead. D:\phpStudy\WWW\internship_tp\ThinkPHP\Library\Think\Db\Driver\Mysql.class.php 第 330 行.
SQL: UPDATE `role` SET `rolename`='' WHERE ( id=0 ) [ RunTime:0.000582s ]
INFO: [ app_end ] --START--
INFO: Run Behavior\ShowPageTrace [ RunTime:0.002342s ]
INFO: [ app_end ] --END-- [ RunTime:0.002520s ]

[ 2017-03-22T14:21:12+08:00 ] 127.0.0.1 /Admin/Access/update_role?action=ajax
INFO: [ app_begin ] --START--
INFO: Run Behavior\ReadHtmlCache [ RunTime:0.000575s ]
INFO: [ app_begin ] --END-- [ RunTime:0.001106s ]
NOTIC: [8] A session had already been started - ignoring session_start() D:\phpStudy\WWW\internship_tp\Application\Admin\Controller\InitializeController.class.php 第 6 行.
NOTIC: [8192] mysql_escape_string(): This function is deprecated; use mysql_real_escape_string() instead. D:\phpStudy\WWW\internship_tp\ThinkPHP\Library\Think\Db\Driver\Mysql.class.php 第 330 行.
NOTIC: [8192] mysql_escape_string(): This function is deprecated; use mysql_real_escape_string() instead. D:\phpStudy\WWW\internship_tp\ThinkPHP\Library\Think\Db\Driver\Mysql.class.php 第 330 行.
SQL: UPDATE `role` SET `rolename`='' WHERE ( id=0 ) [ RunTime:0.000520s ]
INFO: [ app_end ] --START--
INFO: Run Behavior\ShowPageTrace [ RunTime:0.002764s ]
INFO: [ app_end ] --END-- [ RunTime:0.002981s ]

[ 2017-03-22T14:22:20+08:00 ] 127.0.0.1 /Admin/Access/update_role?action=ajax
INFO: [ app_begin ] --START--
INFO: Run Behavior\ReadHtmlCache [ RunTime:0.000779s ]
INFO: [ app_begin ] --END-- [ RunTime:0.002071s ]
NOTIC: [8] A session had already been started - ignoring session_start() D:\phpStudy\WWW\internship_tp\Application\Admin\Controller\InitializeController.class.php 第 6 行.
NOTIC: [8192] mysql_escape_string(): This function is deprecated; use mysql_real_escape_string() instead. D:\phpStudy\WWW\internship_tp\ThinkPHP\Library\Think\Db\Driver\Mysql.class.php 第 330 行.
NOTIC: [8192] mysql_escape_string(): This function is deprecated; use mysql_real_escape_string() instead. D:\phpStudy\WWW\internship_tp\ThinkPHP\Library\Think\Db\Driver\Mysql.class.php 第 330 行.
SQL: UPDATE `role` SET `rolename`='' WHERE ( id=0 ) [ RunTime:0.000618s ]
INFO: [ app_end ] --START--
INFO: Run Behavior\ShowPageTrace [ RunTime:0.002769s ]
INFO: [ app_end ] --END-- [ RunTime:0.002967s ]

[ 2017-03-22T14:22:31+08:00 ] 127.0.0.1 /Admin/Access/update_role?action=ajax
INFO: [ app_begin ] --START--
INFO: Run Behavior\ReadHtmlCache [ RunTime:0.000670s ]
INFO: [ app_begin ] --END-- [ RunTime:0.001393s ]
NOTIC: [8] A session had already been started - ignoring session_start() D:\phpStudy\WWW\internship_tp\Application\Admin\Controller\InitializeController.class.php 第 6 行.
NOTIC: [8192] mysql_escape_string(): This function is deprecated; use mysql_real_escape_string() instead. D:\phpStudy\WWW\internship_tp\ThinkPHP\Library\Think\Db\Driver\Mysql.class.php 第 330 行.
NOTIC: [8192] mysql_escape_string(): This function is deprecated; use mysql_real_escape_string() instead. D:\phpStudy\WWW\internship_tp\ThinkPHP\Library\Think\Db\Driver\Mysql.class.php 第 330 行.
SQL: UPDATE `role` SET `rolename`='' WHERE ( id=0 ) [ RunTime:0.000487s ]
INFO: [ app_end ] --START--
INFO: Run Behavior\ShowPageTrace [ RunTime:0.002599s ]
INFO: [ app_end ] --END-- [ RunTime:0.002755s ]

[ 2017-03-22T14:47:32+08:00 ] 127.0.0.1 /Admin/Access/update_role?action=ajax
INFO: [ app_begin ] --START--
INFO: Run Behavior\ReadHtmlCache [ RunTime:0.001491s ]
INFO: [ app_begin ] --END-- [ RunTime:0.003624s ]
NOTIC: [8] A session had already been started - ignoring session_start() D:\phpStudy\WWW\internship_tp\Application\Admin\Controller\InitializeController.class.php 第 6 行.
NOTIC: [8192] mysql_escape_string(): This function is deprecated; use mysql_real_escape_string() instead. D:\phpStudy\WWW\internship_tp\ThinkPHP\Library\Think\Db\Driver\Mysql.class.php 第 330 行.
NOTIC: [8192] mysql_escape_string(): This function is deprecated; use mysql_real_escape_string() instead. D:\phpStudy\WWW\internship_tp\ThinkPHP\Library\Think\Db\Driver\Mysql.class.php 第 330 行.
SQL: UPDATE `role` SET `rolename`='后台管理员啊大大' WHERE ( id=1 ) [ RunTime:0.001006s ]
INFO: [ app_end ] --START--
INFO: Run Behavior\ShowPageTrace [ RunTime:0.002757s ]
INFO: [ app_end ] --END-- [ RunTime:0.002956s ]

[ 2017-03-22T14:47:43+08:00 ] 127.0.0.1 /Admin/Access/update_role?action=ajax
INFO: [ app_begin ] --START--
INFO: Run Behavior\ReadHtmlCache [ RunTime:0.001162s ]
INFO: [ app_begin ] --END-- [ RunTime:0.001731s ]
NOTIC: [8] A session had already been started - ignoring session_start() D:\phpStudy\WWW\internship_tp\Application\Admin\Controller\InitializeController.class.php 第 6 行.
NOTIC: [8192] mysql_escape_string(): This function is deprecated; use mysql_real_escape_string() instead. D:\phpStudy\WWW\internship_tp\ThinkPHP\Library\Think\Db\Driver\Mysql.class.php 第 330 行.
NOTIC: [8192] mysql_escape_string(): This function is deprecated; use mysql_real_escape_string() instead. D:\phpStudy\WWW\internship_tp\ThinkPHP\Library\Think\Db\Driver\Mysql.class.php 第 330 行.
SQL: UPDATE `role` SET `rolename`='后台管理员啊大大13' WHERE ( id=1 ) [ RunTime:0.000451s ]
INFO: [ app_end ] --START--
INFO: Run Behavior\ShowPageTrace [ RunTime:0.002180s ]
INFO: [ app_end ] --END-- [ RunTime:0.002344s ]

[ 2017-03-22T14:47:47+08:00 ] 127.0.0.1 /Admin/Access/update_role?action=ajax
INFO: [ app_begin ] --START--
INFO: Run Behavior\ReadHtmlCache [ RunTime:0.002890s ]
INFO: [ app_begin ] --END-- [ RunTime:0.003711s ]
NOTIC: [8] A session had already been started - ignoring session_start() D:\phpStudy\WWW\internship_tp\Application\Admin\Controller\InitializeController.class.php 第 6 行.
NOTIC: [8192] mysql_escape_string(): This function is deprecated; use mysql_real_escape_string() instead. D:\phpStudy\WWW\internship_tp\ThinkPHP\Library\Think\Db\Driver\Mysql.class.php 第 330 行.
NOTIC: [8192] mysql_escape_string(): This function is deprecated; use mysql_real_escape_string() instead. D:\phpStudy\WWW\internship_tp\ThinkPHP\Library\Think\Db\Driver\Mysql.class.php 第 330 行.
SQL: UPDATE `role` SET `rolename`='后台超级管理员12' WHERE ( id=2 ) [ RunTime:0.001066s ]
INFO: [ app_end ] --START--
INFO: Run Behavior\ShowPageTrace [ RunTime:0.006330s ]
INFO: [ app_end ] --END-- [ RunTime:0.006693s ]

[ 2017-03-22T14:48:14+08:00 ] 127.0.0.1 /Admin/Access/update_role?action=ajax
INFO: [ app_begin ] --START--
INFO: Run Behavior\ReadHtmlCache [ RunTime:0.001135s ]
INFO: [ app_begin ] --END-- [ RunTime:0.001757s ]
NOTIC: [8] A session had already been started - ignoring session_start() D:\phpStudy\WWW\internship_tp\Application\Admin\Controller\InitializeController.class.php 第 6 行.
NOTIC: [8192] mysql_escape_string(): This function is deprecated; use mysql_real_escape_string() instead. D:\phpStudy\WWW\internship_tp\ThinkPHP\Library\Think\Db\Driver\Mysql.class.php 第 330 行.
NOTIC: [8192] mysql_escape_string(): This function is deprecated; use mysql_real_escape_string() instead. D:\phpStudy\WWW\internship_tp\ThinkPHP\Library\Think\Db\Driver\Mysql.class.php 第 330 行.
SQL: UPDATE `role` SET `rolename`='后台管理员啊大大' WHERE ( id=1 ) [ RunTime:0.000674s ]
INFO: [ app_end ] --START--
INFO: Run Behavior\ShowPageTrace [ RunTime:0.005119s ]
INFO: [ app_end ] --END-- [ RunTime:0.005324s ]

[ 2017-03-22T14:48:21+08:00 ] 127.0.0.1 /Admin/Access/update_role?action=ajax
INFO: [ app_begin ] --START--
INFO: Run Behavior\ReadHtmlCache [ RunTime:0.001083s ]
INFO: [ app_begin ] --END-- [ RunTime:0.001778s ]
NOTIC: [8] A session had already been started - ignoring session_start() D:\phpStudy\WWW\internship_tp\Application\Admin\Controller\InitializeController.class.php 第 6 行.
NOTIC: [8192] mysql_escape_string(): This function is deprecated; use mysql_real_escape_string() instead. D:\phpStudy\WWW\internship_tp\ThinkPHP\Library\Think\Db\Driver\Mysql.class.php 第 330 行.
NOTIC: [8192] mysql_escape_string(): This function is deprecated; use mysql_real_escape_string() instead. D:\phpStudy\WWW\internship_tp\ThinkPHP\Library\Think\Db\Driver\Mysql.class.php 第 330 行.
SQL: UPDATE `role` SET `rolename`='后台超级管理员' WHERE ( id=2 ) [ RunTime:0.000337s ]
INFO: [ app_end ] --START--
INFO: Run Behavior\ShowPageTrace [ RunTime:0.001884s ]
INFO: [ app_end ] --END-- [ RunTime:0.002005s ]

[ 2017-03-22T14:51:40+08:00 ] 127.0.0.1 /Admin/Access/update_role?action=ajax
INFO: [ app_begin ] --START--
INFO: Run Behavior\ReadHtmlCache [ RunTime:0.002896s ]
INFO: [ app_begin ] --END-- [ RunTime:0.003955s ]
NOTIC: [8] A session had already been started - ignoring session_start() D:\phpStudy\WWW\internship_tp\Application\Admin\Controller\InitializeController.class.php 第 6 行.
NOTIC: [8192] mysql_escape_string(): This function is deprecated; use mysql_real_escape_string() instead. D:\phpStudy\WWW\internship_tp\ThinkPHP\Library\Think\Db\Driver\Mysql.class.php 第 330 行.
NOTIC: [8192] mysql_escape_string(): This function is deprecated; use mysql_real_escape_string() instead. D:\phpStudy\WWW\internship_tp\ThinkPHP\Library\Think\Db\Driver\Mysql.class.php 第 330 行.
SQL: UPDATE `role` SET `rolename`='后台管理员啊大大' WHERE ( id=1 ) [ RunTime:0.000713s ]
INFO: [ app_end ] --START--
INFO: Run Behavior\ShowPageTrace [ RunTime:0.004910s ]
INFO: [ app_end ] --END-- [ RunTime:0.005105s ]

[ 2017-03-22T14:51:49+08:00 ] 127.0.0.1 /Admin/Access/update_role?action=ajax
INFO: [ app_begin ] --START--
INFO: Run Behavior\ReadHtmlCache [ RunTime:0.002773s ]
INFO: [ app_begin ] --END-- [ RunTime:0.005454s ]
NOTIC: [8] A session had already been started - ignoring session_start() D:\phpStudy\WWW\internship_tp\Application\Admin\Controller\InitializeController.class.php 第 6 行.
NOTIC: [8192] mysql_escape_string(): This function is deprecated; use mysql_real_escape_string() instead. D:\phpStudy\WWW\internship_tp\ThinkPHP\Library\Think\Db\Driver\Mysql.class.php 第 330 行.
NOTIC: [8192] mysql_escape_string(): This function is deprecated; use mysql_real_escape_string() instead. D:\phpStudy\WWW\internship_tp\ThinkPHP\Library\Think\Db\Driver\Mysql.class.php 第 330 行.
SQL: UPDATE `role` SET `rolename`='后台管理员啊大大1' WHERE ( id=1 ) [ RunTime:0.000738s ]
INFO: [ app_end ] --START--
INFO: Run Behavior\ShowPageTrace [ RunTime:0.004553s ]
INFO: [ app_end ] --END-- [ RunTime:0.004718s ]

[ 2017-03-22T14:52:07+08:00 ] 127.0.0.1 /Admin/Access/update_role?action=ajax
INFO: [ app_begin ] --START--
INFO: Run Behavior\ReadHtmlCache [ RunTime:0.002990s ]
INFO: [ app_begin ] --END-- [ RunTime:0.005488s ]
NOTIC: [8] A session had already been started - ignoring session_start() D:\phpStudy\WWW\internship_tp\Application\Admin\Controller\InitializeController.class.php 第 6 行.
NOTIC: [8192] mysql_escape_string(): This function is deprecated; use mysql_real_escape_string() instead. D:\phpStudy\WWW\internship_tp\ThinkPHP\Library\Think\Db\Driver\Mysql.class.php 第 330 行.
NOTIC: [8192] mysql_escape_string(): This function is deprecated; use mysql_real_escape_string() instead. D:\phpStudy\WWW\internship_tp\ThinkPHP\Library\Think\Db\Driver\Mysql.class.php 第 330 行.
SQL: UPDATE `role` SET `rolename`='后台管理员啊大大' WHERE ( id=1 ) [ RunTime:0.001014s ]
INFO: [ app_end ] --START--
INFO: Run Behavior\ShowPageTrace [ RunTime:0.006415s ]
INFO: [ app_end ] --END-- [ RunTime:0.006732s ]

[ 2017-03-22T14:52:14+08:00 ] 127.0.0.1 /Admin/Access/update_role?action=ajax
INFO: [ app_begin ] --START--
INFO: Run Behavior\ReadHtmlCache [ RunTime:0.001047s ]
INFO: [ app_begin ] --END-- [ RunTime:0.001753s ]
NOTIC: [8] A session had already been started - ignoring session_start() D:\phpStudy\WWW\internship_tp\Application\Admin\Controller\InitializeController.class.php 第 6 行.
NOTIC: [8192] mysql_escape_string(): This function is deprecated; use mysql_real_escape_string() instead. D:\phpStudy\WWW\internship_tp\ThinkPHP\Library\Think\Db\Driver\Mysql.class.php 第 330 行.
NOTIC: [8192] mysql_escape_string(): This function is deprecated; use mysql_real_escape_string() instead. D:\phpStudy\WWW\internship_tp\ThinkPHP\Library\Think\Db\Driver\Mysql.class.php 第 330 行.
SQL: UPDATE `role` SET `rolename`='后台超级管理员123' WHERE ( id=2 ) [ RunTime:0.000817s ]
INFO: [ app_end ] --START--
INFO: Run Behavior\ShowPageTrace [ RunTime:0.004138s ]
INFO: [ app_end ] --END-- [ RunTime:0.004433s ]

[ 2017-03-22T14:52:23+08:00 ] 127.0.0.1 /Admin/Access/update_role?action=ajax
INFO: [ app_begin ] --START--
INFO: Run Behavior\ReadHtmlCache [ RunTime:0.001310s ]
INFO: [ app_begin ] --END-- [ RunTime:0.001955s ]
NOTIC: [8] A session had already been started - ignoring session_start() D:\phpStudy\WWW\internship_tp\Application\Admin\Controller\InitializeController.class.php 第 6 行.
NOTIC: [8192] mysql_escape_string(): This function is deprecated; use mysql_real_escape_string() instead. D:\phpStudy\WWW\internship_tp\ThinkPHP\Library\Think\Db\Driver\Mysql.class.php 第 330 行.
NOTIC: [8192] mysql_escape_string(): This function is deprecated; use mysql_real_escape_string() instead. D:\phpStudy\WWW\internship_tp\ThinkPHP\Library\Think\Db\Driver\Mysql.class.php 第 330 行.
SQL: UPDATE `role` SET `rolename`='后台超级管理员' WHERE ( id=2 ) [ RunTime:0.000662s ]
INFO: [ app_end ] --START--
INFO: Run Behavior\ShowPageTrace [ RunTime:0.003450s ]
INFO: [ app_end ] --END-- [ RunTime:0.003611s ]

[ 2017-03-22T14:52:26+08:00 ] 127.0.0.1 /Admin/Access/update_role?action=ajax
INFO: [ app_begin ] --START--
INFO: Run Behavior\ReadHtmlCache [ RunTime:0.001147s ]
INFO: [ app_begin ] --END-- [ RunTime:0.001833s ]
NOTIC: [8] A session had already been started - ignoring session_start() D:\phpStudy\WWW\internship_tp\Application\Admin\Controller\InitializeController.class.php 第 6 行.
NOTIC: [8192] mysql_escape_string(): This function is deprecated; use mysql_real_escape_string() instead. D:\phpStudy\WWW\internship_tp\ThinkPHP\Library\Think\Db\Driver\Mysql.class.php 第 330 行.
NOTIC: [8192] mysql_escape_string(): This function is deprecated; use mysql_real_escape_string() instead. D:\phpStudy\WWW\internship_tp\ThinkPHP\Library\Think\Db\Driver\Mysql.class.php 第 330 行.
SQL: UPDATE `role` SET `rolename`='商城用户1' WHERE ( id=3 ) [ RunTime:0.000460s ]
INFO: [ app_end ] --START--
INFO: Run Behavior\ShowPageTrace [ RunTime:0.002573s ]
INFO: [ app_end ] --END-- [ RunTime:0.002744s ]

[ 2017-03-22T14:52:31+08:00 ] 127.0.0.1 /Admin/Access/update_role?action=ajax
INFO: [ app_begin ] --START--
INFO: Run Behavior\ReadHtmlCache [ RunTime:0.001200s ]
INFO: [ app_begin ] --END-- [ RunTime:0.001929s ]
NOTIC: [8] A session had already been started - ignoring session_start() D:\phpStudy\WWW\internship_tp\Application\Admin\Controller\InitializeController.class.php 第 6 行.
NOTIC: [8192] mysql_escape_string(): This function is deprecated; use mysql_real_escape_string() instead. D:\phpStudy\WWW\internship_tp\ThinkPHP\Library\Think\Db\Driver\Mysql.class.php 第 330 行.
NOTIC: [8192] mysql_escape_string(): This function is deprecated; use mysql_real_escape_string() instead. D:\phpStudy\WWW\internship_tp\ThinkPHP\Library\Think\Db\Driver\Mysql.class.php 第 330 行.
SQL: UPDATE `role` SET `rolename`='商城用户' WHERE ( id=3 ) [ RunTime:0.000420s ]
INFO: [ app_end ] --START--
INFO: Run Behavior\ShowPageTrace [ RunTime:0.002889s ]
INFO: [ app_end ] --END-- [ RunTime:0.003037s ]

[ 2017-03-22T14:59:56+08:00 ] 127.0.0.1 /Admin/Access/update_role?action=ajax
INFO: [ app_begin ] --START--
INFO: Run Behavior\ReadHtmlCache [ RunTime:0.001331s ]
INFO: [ app_begin ] --END-- [ RunTime:0.001991s ]
NOTIC: [8] A session had already been started - ignoring session_start() D:\phpStudy\WWW\internship_tp\Application\Admin\Controller\InitializeController.class.php 第 6 行.
NOTIC: [8192] mysql_escape_string(): This function is deprecated; use mysql_real_escape_string() instead. D:\phpStudy\WWW\internship_tp\ThinkPHP\Library\Think\Db\Driver\Mysql.class.php 第 330 行.
NOTIC: [8192] mysql_escape_string(): This function is deprecated; use mysql_real_escape_string() instead. D:\phpStudy\WWW\internship_tp\ThinkPHP\Library\Think\Db\Driver\Mysql.class.php 第 330 行.
SQL: UPDATE `role` SET `rolename`='后台管理员啊大大' WHERE ( id=1 ) [ RunTime:0.002252s ]
INFO: [ app_end ] --START--
INFO: Run Behavior\ShowPageTrace [ RunTime:0.003464s ]
INFO: [ app_end ] --END-- [ RunTime:0.003622s ]

[ 2017-03-22T15:00:18+08:00 ] 127.0.0.1 /Admin/Access/update_role?action=ajax
INFO: [ app_begin ] --START--
INFO: Run Behavior\ReadHtmlCache [ RunTime:0.001046s ]
INFO: [ app_begin ] --END-- [ RunTime:0.001740s ]
NOTIC: [8] A session had already been started - ignoring session_start() D:\phpStudy\WWW\internship_tp\Application\Admin\Controller\InitializeController.class.php 第 6 行.
NOTIC: [8192] mysql_escape_string(): This function is deprecated; use mysql_real_escape_string() instead. D:\phpStudy\WWW\internship_tp\ThinkPHP\Library\Think\Db\Driver\Mysql.class.php 第 330 行.
NOTIC: [8192] mysql_escape_string(): This function is deprecated; use mysql_real_escape_string() instead. D:\phpStudy\WWW\internship_tp\ThinkPHP\Library\Think\Db\Driver\Mysql.class.php 第 330 行.
SQL: UPDATE `role` SET `rolename`='后台管理员啊大大' WHERE ( id=1 ) [ RunTime:0.000236s ]
INFO: [ app_end ] --START--
INFO: Run Behavior\ShowPageTrace [ RunTime:0.001095s ]
INFO: [ app_end ] --END-- [ RunTime:0.001146s ]

[ 2017-03-22T15:00:26+08:00 ] 127.0.0.1 /Admin/Access/update_role?action=ajax
INFO: [ app_begin ] --START--
INFO: Run Behavior\ReadHtmlCache [ RunTime:0.001377s ]
INFO: [ app_begin ] --END-- [ RunTime:0.002258s ]
NOTIC: [8] A session had already been started - ignoring session_start() D:\phpStudy\WWW\internship_tp\Application\Admin\Controller\InitializeController.class.php 第 6 行.
NOTIC: [8192] mysql_escape_string(): This function is deprecated; use mysql_real_escape_string() instead. D:\phpStudy\WWW\internship_tp\ThinkPHP\Library\Think\Db\Driver\Mysql.class.php 第 330 行.
NOTIC: [8192] mysql_escape_string(): This function is deprecated; use mysql_real_escape_string() instead. D:\phpStudy\WWW\internship_tp\ThinkPHP\Library\Think\Db\Driver\Mysql.class.php 第 330 行.
SQL: UPDATE `role` SET `rolename`='后台管理员啊大大' WHERE ( id=1 ) [ RunTime:0.000251s ]
INFO: [ app_end ] --START--
INFO: Run Behavior\ShowPageTrace [ RunTime:0.001350s ]
INFO: [ app_end ] --END-- [ RunTime:0.001443s ]

[ 2017-03-22T15:03:35+08:00 ] 127.0.0.1 /Admin/Access/update_role?action=ajax
INFO: [ app_begin ] --START--
INFO: Run Behavior\ReadHtmlCache [ RunTime:0.004056s ]
INFO: [ app_begin ] --END-- [ RunTime:0.004985s ]
NOTIC: [8] A session had already been started - ignoring session_start() D:\phpStudy\WWW\internship_tp\Application\Admin\Controller\InitializeController.class.php 第 6 行.
NOTIC: [8192] mysql_escape_string(): This function is deprecated; use mysql_real_escape_string() instead. D:\phpStudy\WWW\internship_tp\ThinkPHP\Library\Think\Db\Driver\Mysql.class.php 第 330 行.
NOTIC: [8192] mysql_escape_string(): This function is deprecated; use mysql_real_escape_string() instead. D:\phpStudy\WWW\internship_tp\ThinkPHP\Library\Think\Db\Driver\Mysql.class.php 第 330 行.
SQL: UPDATE `role` SET `rolename`='后台管理员啊大大' WHERE ( id=1 ) [ RunTime:0.000253s ]
INFO: [ app_end ] --START--
INFO: Run Behavior\ShowPageTrace [ RunTime:0.001596s ]
INFO: [ app_end ] --END-- [ RunTime:0.001695s ]

[ 2017-03-22T15:03:46+08:00 ] 127.0.0.1 /Admin/Access/update_role?action=ajax
INFO: [ app_begin ] --START--
INFO: Run Behavior\ReadHtmlCache [ RunTime:0.001015s ]
INFO: [ app_begin ] --END-- [ RunTime:0.001525s ]
NOTIC: [8] A session had already been started - ignoring session_start() D:\phpStudy\WWW\internship_tp\Application\Admin\Controller\InitializeController.class.php 第 6 行.
NOTIC: [8192] mysql_escape_string(): This function is deprecated; use mysql_real_escape_string() instead. D:\phpStudy\WWW\internship_tp\ThinkPHP\Library\Think\Db\Driver\Mysql.class.php 第 330 行.
NOTIC: [8192] mysql_escape_string(): This function is deprecated; use mysql_real_escape_string() instead. D:\phpStudy\WWW\internship_tp\ThinkPHP\Library\Think\Db\Driver\Mysql.class.php 第 330 行.
SQL: UPDATE `role` SET `rolename`='后台管理员啊大大' WHERE ( id=1 ) [ RunTime:0.000243s ]
INFO: [ app_end ] --START--
INFO: Run Behavior\ShowPageTrace [ RunTime:0.001378s ]
INFO: [ app_end ] --END-- [ RunTime:0.001434s ]

[ 2017-03-22T15:04:49+08:00 ] 127.0.0.1 /Admin/Access/update_role?action=ajax
INFO: [ app_begin ] --START--
INFO: Run Behavior\ReadHtmlCache [ RunTime:0.001849s ]
INFO: [ app_begin ] --END-- [ RunTime:0.003012s ]
NOTIC: [8] A session had already been started - ignoring session_start() D:\phpStudy\WWW\internship_tp\Application\Admin\Controller\InitializeController.class.php 第 6 行.
NOTIC: [8192] mysql_escape_string(): This function is deprecated; use mysql_real_escape_string() instead. D:\phpStudy\WWW\internship_tp\ThinkPHP\Library\Think\Db\Driver\Mysql.class.php 第 330 行.
NOTIC: [8192] mysql_escape_string(): This function is deprecated; use mysql_real_escape_string() instead. D:\phpStudy\WWW\internship_tp\ThinkPHP\Library\Think\Db\Driver\Mysql.class.php 第 330 行.
SQL: UPDATE `role` SET `rolename`='后台管理员啊大大' WHERE ( id=1 ) [ RunTime:0.000257s ]
INFO: [ app_end ] --START--
INFO: Run Behavior\ShowPageTrace [ RunTime:0.001687s ]
INFO: [ app_end ] --END-- [ RunTime:0.001777s ]

[ 2017-03-22T15:05:20+08:00 ] 127.0.0.1 /Admin/Access/update_role?action=ajax
INFO: [ app_begin ] --START--
INFO: Run Behavior\ReadHtmlCache [ RunTime:0.001754s ]
INFO: [ app_begin ] --END-- [ RunTime:0.002840s ]
NOTIC: [8] A session had already been started - ignoring session_start() D:\phpStudy\WWW\internship_tp\Application\Admin\Controller\InitializeController.class.php 第 6 行.
NOTIC: [8192] mysql_escape_string(): This function is deprecated; use mysql_real_escape_string() instead. D:\phpStudy\WWW\internship_tp\ThinkPHP\Library\Think\Db\Driver\Mysql.class.php 第 330 行.
NOTIC: [8192] mysql_escape_string(): This function is deprecated; use mysql_real_escape_string() instead. D:\phpStudy\WWW\internship_tp\ThinkPHP\Library\Think\Db\Driver\Mysql.class.php 第 330 行.
SQL: UPDATE `role` SET `rolename`='后台管理员啊大大' WHERE ( id=1 ) [ RunTime:0.001006s ]
INFO: [ app_end ] --START--
INFO: Run Behavior\ShowPageTrace [ RunTime:0.005182s ]
INFO: [ app_end ] --END-- [ RunTime:0.005663s ]

[ 2017-03-22T15:05:45+08:00 ] 127.0.0.1 /Admin/Access/update_role?action=ajax
INFO: [ app_begin ] --START--
INFO: Run Behavior\ReadHtmlCache [ RunTime:0.001022s ]
INFO: [ app_begin ] --END-- [ RunTime:0.001548s ]
NOTIC: [8] A session had already been started - ignoring session_start() D:\phpStudy\WWW\internship_tp\Application\Admin\Controller\InitializeController.class.php 第 6 行.
NOTIC: [8192] mysql_escape_string(): This function is deprecated; use mysql_real_escape_string() instead. D:\phpStudy\WWW\internship_tp\ThinkPHP\Library\Think\Db\Driver\Mysql.class.php 第 330 行.
NOTIC: [8192] mysql_escape_string(): This function is deprecated; use mysql_real_escape_string() instead. D:\phpStudy\WWW\internship_tp\ThinkPHP\Library\Think\Db\Driver\Mysql.class.php 第 330 行.
SQL: UPDATE `role` SET `rolename`='后台管理员啊大大' WHERE ( id=1 ) [ RunTime:0.000236s ]
INFO: [ app_end ] --START--
INFO: Run Behavior\ShowPageTrace [ RunTime:0.001311s ]
INFO: [ app_end ] --END-- [ RunTime:0.001387s ]

[ 2017-03-22T15:07:00+08:00 ] 127.0.0.1 /Admin/Access/update_role?action=ajax
INFO: [ app_begin ] --START--
INFO: Run Behavior\ReadHtmlCache [ RunTime:0.001540s ]
INFO: [ app_begin ] --END-- [ RunTime:0.003421s ]
NOTIC: [8] A session had already been started - ignoring session_start() D:\phpStudy\WWW\internship_tp\Application\Admin\Controller\InitializeController.class.php 第 6 行.
NOTIC: [8192] mysql_escape_string(): This function is deprecated; use mysql_real_escape_string() instead. D:\phpStudy\WWW\internship_tp\ThinkPHP\Library\Think\Db\Driver\Mysql.class.php 第 330 行.
NOTIC: [8192] mysql_escape_string(): This function is deprecated; use mysql_real_escape_string() instead. D:\phpStudy\WWW\internship_tp\ThinkPHP\Library\Think\Db\Driver\Mysql.class.php 第 330 行.
SQL: UPDATE `role` SET `rolename`='后台管理员啊大大' WHERE ( id=1 ) [ RunTime:0.000939s ]
INFO: [ app_end ] --START--
INFO: Run Behavior\ShowPageTrace [ RunTime:0.006766s ]
INFO: [ app_end ] --END-- [ RunTime:0.007048s ]

[ 2017-03-22T15:07:53+08:00 ] 127.0.0.1 /Admin/Access/update_role?action=ajax
INFO: [ app_begin ] --START--
INFO: Run Behavior\ReadHtmlCache [ RunTime:0.001150s ]
INFO: [ app_begin ] --END-- [ RunTime:0.001741s ]
NOTIC: [8] A session had already been started - ignoring session_start() D:\phpStudy\WWW\internship_tp\Application\Admin\Controller\InitializeController.class.php 第 6 行.
NOTIC: [8192] mysql_escape_string(): This function is deprecated; use mysql_real_escape_string() instead. D:\phpStudy\WWW\internship_tp\ThinkPHP\Library\Think\Db\Driver\Mysql.class.php 第 330 行.
NOTIC: [8192] mysql_escape_string(): This function is deprecated; use mysql_real_escape_string() instead. D:\phpStudy\WWW\internship_tp\ThinkPHP\Library\Think\Db\Driver\Mysql.class.php 第 330 行.
SQL: UPDATE `role` SET `rolename`='后台管理员啊大大' WHERE ( id=1 ) [ RunTime:0.000384s ]
INFO: [ app_end ] --START--
INFO: Run Behavior\ShowPageTrace [ RunTime:0.002041s ]
INFO: [ app_end ] --END-- [ RunTime:0.002147s ]

[ 2017-03-22T15:08:05+08:00 ] 127.0.0.1 /Admin/Access/update_role?action=ajax
INFO: [ app_begin ] --START--
INFO: Run Behavior\ReadHtmlCache [ RunTime:0.001141s ]
INFO: [ app_begin ] --END-- [ RunTime:0.001786s ]
NOTIC: [8] A session had already been started - ignoring session_start() D:\phpStudy\WWW\internship_tp\Application\Admin\Controller\InitializeController.class.php 第 6 行.
NOTIC: [8192] mysql_escape_string(): This function is deprecated; use mysql_real_escape_string() instead. D:\phpStudy\WWW\internship_tp\ThinkPHP\Library\Think\Db\Driver\Mysql.class.php 第 330 行.
NOTIC: [8192] mysql_escape_string(): This function is deprecated; use mysql_real_escape_string() instead. D:\phpStudy\WWW\internship_tp\ThinkPHP\Library\Think\Db\Driver\Mysql.class.php 第 330 行.
SQL: UPDATE `role` SET `rolename`='后台管理员啊大大1' WHERE ( id=1 ) [ RunTime:0.000888s ]
INFO: [ app_end ] --START--
INFO: Run Behavior\ShowPageTrace [ RunTime:0.005415s ]
INFO: [ app_end ] --END-- [ RunTime:0.005656s ]

[ 2017-03-22T15:08:25+08:00 ] 127.0.0.1 /Admin/Access/update_role?action=ajax
INFO: [ app_begin ] --START--
INFO: Run Behavior\ReadHtmlCache [ RunTime:0.003577s ]
INFO: [ app_begin ] --END-- [ RunTime:0.004530s ]
NOTIC: [8] A session had already been started - ignoring session_start() D:\phpStudy\WWW\internship_tp\Application\Admin\Controller\InitializeController.class.php 第 6 行.
NOTIC: [8192] mysql_escape_string(): This function is deprecated; use mysql_real_escape_string() instead. D:\phpStudy\WWW\internship_tp\ThinkPHP\Library\Think\Db\Driver\Mysql.class.php 第 330 行.
NOTIC: [8192] mysql_escape_string(): This function is deprecated; use mysql_real_escape_string() instead. D:\phpStudy\WWW\internship_tp\ThinkPHP\Library\Think\Db\Driver\Mysql.class.php 第 330 行.
SQL: UPDATE `role` SET `rolename`='后台管理员啊大大' WHERE ( id=1 ) [ RunTime:0.000767s ]
INFO: [ app_end ] --START--
INFO: Run Behavior\ShowPageTrace [ RunTime:0.004797s ]
INFO: [ app_end ] --END-- [ RunTime:0.005050s ]

[ 2017-03-22T15:08:29+08:00 ] 127.0.0.1 /Admin/Access/update_role?action=ajax
INFO: [ app_begin ] --START--
INFO: Run Behavior\ReadHtmlCache [ RunTime:0.003174s ]
INFO: [ app_begin ] --END-- [ RunTime:0.003998s ]
NOTIC: [8] A session had already been started - ignoring session_start() D:\phpStudy\WWW\internship_tp\Application\Admin\Controller\InitializeController.class.php 第 6 行.
NOTIC: [8192] mysql_escape_string(): This function is deprecated; use mysql_real_escape_string() instead. D:\phpStudy\WWW\internship_tp\ThinkPHP\Library\Think\Db\Driver\Mysql.class.php 第 330 行.
NOTIC: [8192] mysql_escape_string(): This function is deprecated; use mysql_real_escape_string() instead. D:\phpStudy\WWW\internship_tp\ThinkPHP\Library\Think\Db\Driver\Mysql.class.php 第 330 行.
SQL: UPDATE `role` SET `rolename`='后台管理员啊大大' WHERE ( id=1 ) [ RunTime:0.000643s ]
INFO: [ app_end ] --START--
INFO: Run Behavior\ShowPageTrace [ RunTime:0.003549s ]
INFO: [ app_end ] --END-- [ RunTime:0.003708s ]

[ 2017-03-22T15:09:01+08:00 ] 127.0.0.1 /Admin/Access/update_role?action=ajax
INFO: [ app_begin ] --START--
INFO: Run Behavior\ReadHtmlCache [ RunTime:0.003541s ]
INFO: [ app_begin ] --END-- [ RunTime:0.004245s ]
NOTIC: [8] A session had already been started - ignoring session_start() D:\phpStudy\WWW\internship_tp\Application\Admin\Controller\InitializeController.class.php 第 6 行.
NOTIC: [8192] mysql_escape_string(): This function is deprecated; use mysql_real_escape_string() instead. D:\phpStudy\WWW\internship_tp\ThinkPHP\Library\Think\Db\Driver\Mysql.class.php 第 330 行.
NOTIC: [8192] mysql_escape_string(): This function is deprecated; use mysql_real_escape_string() instead. D:\phpStudy\WWW\internship_tp\ThinkPHP\Library\Think\Db\Driver\Mysql.class.php 第 330 行.
SQL: UPDATE `role` SET `rolename`='后台管理员啊大大1' WHERE ( id=1 ) [ RunTime:0.000629s ]
INFO: [ app_end ] --START--
INFO: Run Behavior\ShowPageTrace [ RunTime:0.004372s ]
INFO: [ app_end ] --END-- [ RunTime:0.004546s ]

[ 2017-03-22T15:09:14+08:00 ] 127.0.0.1 /Admin/Access/update_role?action=ajax
INFO: [ app_begin ] --START--
INFO: Run Behavior\ReadHtmlCache [ RunTime:0.002792s ]
INFO: [ app_begin ] --END-- [ RunTime:0.004855s ]
NOTIC: [8] A session had already been started - ignoring session_start() D:\phpStudy\WWW\internship_tp\Application\Admin\Controller\InitializeController.class.php 第 6 行.
NOTIC: [8192] mysql_escape_string(): This function is deprecated; use mysql_real_escape_string() instead. D:\phpStudy\WWW\internship_tp\ThinkPHP\Library\Think\Db\Driver\Mysql.class.php 第 330 行.
NOTIC: [8192] mysql_escape_string(): This function is deprecated; use mysql_real_escape_string() instead. D:\phpStudy\WWW\internship_tp\ThinkPHP\Library\Think\Db\Driver\Mysql.class.php 第 330 行.
SQL: UPDATE `role` SET `rolename`='后台管理员啊大大' WHERE ( id=1 ) [ RunTime:0.000658s ]
INFO: [ app_end ] --START--
INFO: Run Behavior\ShowPageTrace [ RunTime:0.003913s ]
INFO: [ app_end ] --END-- [ RunTime:0.004192s ]

[ 2017-03-22T15:09:16+08:00 ] 127.0.0.1 /Admin/Access/update_role?action=ajax
INFO: [ app_begin ] --START--
INFO: Run Behavior\ReadHtmlCache [ RunTime:0.001044s ]
INFO: [ app_begin ] --END-- [ RunTime:0.001584s ]
NOTIC: [8] A session had already been started - ignoring session_start() D:\phpStudy\WWW\internship_tp\Application\Admin\Controller\InitializeController.class.php 第 6 行.
NOTIC: [8192] mysql_escape_string(): This function is deprecated; use mysql_real_escape_string() instead. D:\phpStudy\WWW\internship_tp\ThinkPHP\Library\Think\Db\Driver\Mysql.class.php 第 330 行.
NOTIC: [8192] mysql_escape_string(): This function is deprecated; use mysql_real_escape_string() instead. D:\phpStudy\WWW\internship_tp\ThinkPHP\Library\Think\Db\Driver\Mysql.class.php 第 330 行.
SQL: UPDATE `role` SET `rolename`='后台超级管理员' WHERE ( id=2 ) [ RunTime:0.000974s ]
INFO: [ app_end ] --START--
INFO: Run Behavior\ShowPageTrace [ RunTime:0.005236s ]
INFO: [ app_end ] --END-- [ RunTime:0.005518s ]

[ 2017-03-22T15:10:08+08:00 ] 127.0.0.1 /Admin/Access/update_role?action=ajax
INFO: [ app_begin ] --START--
INFO: Run Behavior\ReadHtmlCache [ RunTime:0.002019s ]
INFO: [ app_begin ] --END-- [ RunTime:0.003147s ]
NOTIC: [8] A session had already been started - ignoring session_start() D:\phpStudy\WWW\internship_tp\Application\Admin\Controller\InitializeController.class.php 第 6 行.
NOTIC: [8192] mysql_escape_string(): This function is deprecated; use mysql_real_escape_string() instead. D:\phpStudy\WWW\internship_tp\ThinkPHP\Library\Think\Db\Driver\Mysql.class.php 第 330 行.
NOTIC: [8192] mysql_escape_string(): This function is deprecated; use mysql_real_escape_string() instead. D:\phpStudy\WWW\internship_tp\ThinkPHP\Library\Think\Db\Driver\Mysql.class.php 第 330 行.
SQL: UPDATE `role` SET `rolename`='后台管理员啊大大' WHERE ( id=1 ) [ RunTime:0.000501s ]
INFO: [ app_end ] --START--
INFO: Run Behavior\ShowPageTrace [ RunTime:0.002092s ]
INFO: [ app_end ] --END-- [ RunTime:0.002208s ]

[ 2017-03-22T15:10:21+08:00 ] 127.0.0.1 /Admin/Access/update_role?action=ajax
INFO: [ app_begin ] --START--
INFO: Run Behavior\ReadHtmlCache [ RunTime:0.005038s ]
INFO: [ app_begin ] --END-- [ RunTime:0.005829s ]
NOTIC: [8] A session had already been started - ignoring session_start() D:\phpStudy\WWW\internship_tp\Application\Admin\Controller\InitializeController.class.php 第 6 行.
NOTIC: [8192] mysql_escape_string(): This function is deprecated; use mysql_real_escape_string() instead. D:\phpStudy\WWW\internship_tp\ThinkPHP\Library\Think\Db\Driver\Mysql.class.php 第 330 行.
NOTIC: [8192] mysql_escape_string(): This function is deprecated; use mysql_real_escape_string() instead. D:\phpStudy\WWW\internship_tp\ThinkPHP\Library\Think\Db\Driver\Mysql.class.php 第 330 行.
SQL: UPDATE `role` SET `rolename`='后台管理员啊大大1' WHERE ( id=1 ) [ RunTime:0.000421s ]
INFO: [ app_end ] --START--
INFO: Run Behavior\ShowPageTrace [ RunTime:0.002160s ]
INFO: [ app_end ] --END-- [ RunTime:0.002265s ]

[ 2017-03-22T15:10:26+08:00 ] 127.0.0.1 /Admin/Access/update_role?action=ajax
INFO: [ app_begin ] --START--
INFO: Run Behavior\ReadHtmlCache [ RunTime:0.001714s ]
INFO: [ app_begin ] --END-- [ RunTime:0.004982s ]
NOTIC: [8] A session had already been started - ignoring session_start() D:\phpStudy\WWW\internship_tp\Application\Admin\Controller\InitializeController.class.php 第 6 行.
NOTIC: [8192] mysql_escape_string(): This function is deprecated; use mysql_real_escape_string() instead. D:\phpStudy\WWW\internship_tp\ThinkPHP\Library\Think\Db\Driver\Mysql.class.php 第 330 行.
NOTIC: [8192] mysql_escape_string(): This function is deprecated; use mysql_real_escape_string() instead. D:\phpStudy\WWW\internship_tp\ThinkPHP\Library\Think\Db\Driver\Mysql.class.php 第 330 行.
SQL: UPDATE `role` SET `rolename`='后台超级管理员' WHERE ( id=2 ) [ RunTime:0.000298s ]
INFO: [ app_end ] --START--
INFO: Run Behavior\ShowPageTrace [ RunTime:0.001879s ]
INFO: [ app_end ] --END-- [ RunTime:0.001984s ]

[ 2017-03-22T15:10:45+08:00 ] 127.0.0.1 /Admin/Access/update_role?action=ajax
INFO: [ app_begin ] --START--
INFO: Run Behavior\ReadHtmlCache [ RunTime:0.002209s ]
INFO: [ app_begin ] --END-- [ RunTime:0.003464s ]
NOTIC: [8] A session had already been started - ignoring session_start() D:\phpStudy\WWW\internship_tp\Application\Admin\Controller\InitializeController.class.php 第 6 行.
NOTIC: [8192] mysql_escape_string(): This function is deprecated; use mysql_real_escape_string() instead. D:\phpStudy\WWW\internship_tp\ThinkPHP\Library\Think\Db\Driver\Mysql.class.php 第 330 行.
NOTIC: [8192] mysql_escape_string(): This function is deprecated; use mysql_real_escape_string() instead. D:\phpStudy\WWW\internship_tp\ThinkPHP\Library\Think\Db\Driver\Mysql.class.php 第 330 行.
SQL: UPDATE `role` SET `rolename`='后台超级管理员' WHERE ( id=2 ) [ RunTime:0.000567s ]
INFO: [ app_end ] --START--
INFO: Run Behavior\ShowPageTrace [ RunTime:0.003381s ]
INFO: [ app_end ] --END-- [ RunTime:0.003545s ]

[ 2017-03-22T15:11:04+08:00 ] 127.0.0.1 /Admin/Access/update_role?action=ajax
INFO: [ app_begin ] --START--
INFO: Run Behavior\ReadHtmlCache [ RunTime:0.002291s ]
INFO: [ app_begin ] --END-- [ RunTime:0.003784s ]
NOTIC: [8] A session had already been started - ignoring session_start() D:\phpStudy\WWW\internship_tp\Application\Admin\Controller\InitializeController.class.php 第 6 行.
NOTIC: [8192] mysql_escape_string(): This function is deprecated; use mysql_real_escape_string() instead. D:\phpStudy\WWW\internship_tp\ThinkPHP\Library\Think\Db\Driver\Mysql.class.php 第 330 行.
NOTIC: [8192] mysql_escape_string(): This function is deprecated; use mysql_real_escape_string() instead. D:\phpStudy\WWW\internship_tp\ThinkPHP\Library\Think\Db\Driver\Mysql.class.php 第 330 行.
SQL: UPDATE `role` SET `rolename`='后台超级管理员' WHERE ( id=2 ) [ RunTime:0.000246s ]
INFO: [ app_end ] --START--
INFO: Run Behavior\ShowPageTrace [ RunTime:0.001732s ]
INFO: [ app_end ] --END-- [ RunTime:0.001837s ]

[ 2017-03-22T15:11:31+08:00 ] 127.0.0.1 /Admin/Access/update_role?action=ajax
INFO: [ app_begin ] --START--
INFO: Run Behavior\ReadHtmlCache [ RunTime:0.003650s ]
INFO: [ app_begin ] --END-- [ RunTime:0.006798s ]
NOTIC: [8] A session had already been started - ignoring session_start() D:\phpStudy\WWW\internship_tp\Application\Admin\Controller\InitializeController.class.php 第 6 行.
NOTIC: [8192] mysql_escape_string(): This function is deprecated; use mysql_real_escape_string() instead. D:\phpStudy\WWW\internship_tp\ThinkPHP\Library\Think\Db\Driver\Mysql.class.php 第 330 行.
NOTIC: [8192] mysql_escape_string(): This function is deprecated; use mysql_real_escape_string() instead. D:\phpStudy\WWW\internship_tp\ThinkPHP\Library\Think\Db\Driver\Mysql.class.php 第 330 行.
SQL: UPDATE `role` SET `rolename`='后台管理员啊大大' WHERE ( id=1 ) [ RunTime:0.000326s ]
INFO: [ app_end ] --START--
INFO: Run Behavior\ShowPageTrace [ RunTime:0.001190s ]
INFO: [ app_end ] --END-- [ RunTime:0.001254s ]

[ 2017-03-22T15:11:47+08:00 ] 127.0.0.1 /Admin/Access/update_role?action=ajax
INFO: [ app_begin ] --START--
INFO: Run Behavior\ReadHtmlCache [ RunTime:0.002737s ]
INFO: [ app_begin ] --END-- [ RunTime:0.003990s ]
NOTIC: [8] A session had already been started - ignoring session_start() D:\phpStudy\WWW\internship_tp\Application\Admin\Controller\InitializeController.class.php 第 6 行.
NOTIC: [8192] mysql_escape_string(): This function is deprecated; use mysql_real_escape_string() instead. D:\phpStudy\WWW\internship_tp\ThinkPHP\Library\Think\Db\Driver\Mysql.class.php 第 330 行.
NOTIC: [8192] mysql_escape_string(): This function is deprecated; use mysql_real_escape_string() instead. D:\phpStudy\WWW\internship_tp\ThinkPHP\Library\Think\Db\Driver\Mysql.class.php 第 330 行.
SQL: UPDATE `role` SET `rolename`='后台管理员啊大大1' WHERE ( id=1 ) [ RunTime:0.000338s ]
INFO: [ app_end ] --START--
INFO: Run Behavior\ShowPageTrace [ RunTime:0.001702s ]
INFO: [ app_end ] --END-- [ RunTime:0.001781s ]

[ 2017-03-22T15:11:50+08:00 ] 127.0.0.1 /Admin/Access/update_role?action=ajax
INFO: [ app_begin ] --START--
INFO: Run Behavior\ReadHtmlCache [ RunTime:0.002079s ]
INFO: [ app_begin ] --END-- [ RunTime:0.003291s ]
NOTIC: [8] A session had already been started - ignoring session_start() D:\phpStudy\WWW\internship_tp\Application\Admin\Controller\InitializeController.class.php 第 6 行.
NOTIC: [8192] mysql_escape_string(): This function is deprecated; use mysql_real_escape_string() instead. D:\phpStudy\WWW\internship_tp\ThinkPHP\Library\Think\Db\Driver\Mysql.class.php 第 330 行.
NOTIC: [8192] mysql_escape_string(): This function is deprecated; use mysql_real_escape_string() instead. D:\phpStudy\WWW\internship_tp\ThinkPHP\Library\Think\Db\Driver\Mysql.class.php 第 330 行.
SQL: UPDATE `role` SET `rolename`='后台超级管理员' WHERE ( id=2 ) [ RunTime:0.000526s ]
INFO: [ app_end ] --START--
INFO: Run Behavior\ShowPageTrace [ RunTime:0.003711s ]
INFO: [ app_end ] --END-- [ RunTime:0.003872s ]

[ 2017-03-22T15:12:40+08:00 ] 127.0.0.1 /Admin/Access/update_role?action=ajax
INFO: [ app_begin ] --START--
INFO: Run Behavior\ReadHtmlCache [ RunTime:0.002393s ]
INFO: [ app_begin ] --END-- [ RunTime:0.003333s ]
NOTIC: [8] A session had already been started - ignoring session_start() D:\phpStudy\WWW\internship_tp\Application\Admin\Controller\InitializeController.class.php 第 6 行.
NOTIC: [8192] mysql_escape_string(): This function is deprecated; use mysql_real_escape_string() instead. D:\phpStudy\WWW\internship_tp\ThinkPHP\Library\Think\Db\Driver\Mysql.class.php 第 330 行.
NOTIC: [8192] mysql_escape_string(): This function is deprecated; use mysql_real_escape_string() instead. D:\phpStudy\WWW\internship_tp\ThinkPHP\Library\Think\Db\Driver\Mysql.class.php 第 330 行.
SQL: UPDATE `role` SET `rolename`='后台管理员啊大大' WHERE ( id=1 ) [ RunTime:0.000370s ]
INFO: [ app_end ] --START--
INFO: Run Behavior\ShowPageTrace [ RunTime:0.001869s ]
INFO: [ app_end ] --END-- [ RunTime:0.001966s ]

[ 2017-03-22T15:12:42+08:00 ] 127.0.0.1 /Admin/Access/update_role?action=ajax
INFO: [ app_begin ] --START--
INFO: Run Behavior\ReadHtmlCache [ RunTime:0.002096s ]
INFO: [ app_begin ] --END-- [ RunTime:0.003217s ]
NOTIC: [8] A session had already been started - ignoring session_start() D:\phpStudy\WWW\internship_tp\Application\Admin\Controller\InitializeController.class.php 第 6 行.
NOTIC: [8192] mysql_escape_string(): This function is deprecated; use mysql_real_escape_string() instead. D:\phpStudy\WWW\internship_tp\ThinkPHP\Library\Think\Db\Driver\Mysql.class.php 第 330 行.
NOTIC: [8192] mysql_escape_string(): This function is deprecated; use mysql_real_escape_string() instead. D:\phpStudy\WWW\internship_tp\ThinkPHP\Library\Think\Db\Driver\Mysql.class.php 第 330 行.
SQL: UPDATE `role` SET `rolename`='后台超级管理员' WHERE ( id=2 ) [ RunTime:0.000594s ]
INFO: [ app_end ] --START--
INFO: Run Behavior\ShowPageTrace [ RunTime:0.005392s ]
INFO: [ app_end ] --END-- [ RunTime:0.005802s ]

[ 2017-03-22T15:12:46+08:00 ] 127.0.0.1 /Admin/Access/update_role?action=ajax
INFO: [ app_begin ] --START--
INFO: Run Behavior\ReadHtmlCache [ RunTime:0.001837s ]
INFO: [ app_begin ] --END-- [ RunTime:0.002883s ]
NOTIC: [8] A session had already been started - ignoring session_start() D:\phpStudy\WWW\internship_tp\Application\Admin\Controller\InitializeController.class.php 第 6 行.
NOTIC: [8192] mysql_escape_string(): This function is deprecated; use mysql_real_escape_string() instead. D:\phpStudy\WWW\internship_tp\ThinkPHP\Library\Think\Db\Driver\Mysql.class.php 第 330 行.
NOTIC: [8192] mysql_escape_string(): This function is deprecated; use mysql_real_escape_string() instead. D:\phpStudy\WWW\internship_tp\ThinkPHP\Library\Think\Db\Driver\Mysql.class.php 第 330 行.
SQL: UPDATE `role` SET `rolename`='商城用户' WHERE ( id=3 ) [ RunTime:0.000249s ]
INFO: [ app_end ] --START--
INFO: Run Behavior\ShowPageTrace [ RunTime:0.001293s ]
INFO: [ app_end ] --END-- [ RunTime:0.001372s ]

[ 2017-03-22T15:20:20+08:00 ] 127.0.0.1 /Admin/Access/update_role?action=ajax
INFO: [ app_begin ] --START--
INFO: Run Behavior\ReadHtmlCache [ RunTime:0.001077s ]
INFO: [ app_begin ] --END-- [ RunTime:0.001747s ]
NOTIC: [8] A session had already been started - ignoring session_start() D:\phpStudy\WWW\internship_tp\Application\Admin\Controller\InitializeController.class.php 第 6 行.
NOTIC: [8192] mysql_escape_string(): This function is deprecated; use mysql_real_escape_string() instead. D:\phpStudy\WWW\internship_tp\ThinkPHP\Library\Think\Db\Driver\Mysql.class.php 第 330 行.
NOTIC: [8192] mysql_escape_string(): This function is deprecated; use mysql_real_escape_string() instead. D:\phpStudy\WWW\internship_tp\ThinkPHP\Library\Think\Db\Driver\Mysql.class.php 第 330 行.
SQL: UPDATE `role` SET `rolename`='后台管理员啊大大12' WHERE ( id=1 ) [ RunTime:0.000760s ]
INFO: [ app_end ] --START--
INFO: Run Behavior\ShowPageTrace [ RunTime:0.004572s ]
INFO: [ app_end ] --END-- [ RunTime:0.004785s ]

[ 2017-03-22T15:20:51+08:00 ] 127.0.0.1 /Admin/Access/update_role?action=ajax
INFO: [ app_begin ] --START--
INFO: Run Behavior\ReadHtmlCache [ RunTime:0.001312s ]
INFO: [ app_begin ] --END-- [ RunTime:0.001853s ]
NOTIC: [8] A session had already been started - ignoring session_start() D:\phpStudy\WWW\internship_tp\Application\Admin\Controller\InitializeController.class.php 第 6 行.
NOTIC: [8192] mysql_escape_string(): This function is deprecated; use mysql_real_escape_string() instead. D:\phpStudy\WWW\internship_tp\ThinkPHP\Library\Think\Db\Driver\Mysql.class.php 第 330 行.
NOTIC: [8192] mysql_escape_string(): This function is deprecated; use mysql_real_escape_string() instead. D:\phpStudy\WWW\internship_tp\ThinkPHP\Library\Think\Db\Driver\Mysql.class.php 第 330 行.
SQL: UPDATE `role` SET `rolename`='后台管理员啊大大aa' WHERE ( id=1 ) [ RunTime:0.000606s ]
INFO: [ app_end ] --START--
INFO: Run Behavior\ShowPageTrace [ RunTime:0.004567s ]
INFO: [ app_end ] --END-- [ RunTime:0.004734s ]

[ 2017-03-22T15:20:57+08:00 ] 127.0.0.1 /Admin/Access/update_role?action=ajax
INFO: [ app_begin ] --START--
INFO: Run Behavior\ReadHtmlCache [ RunTime:0.001379s ]
INFO: [ app_begin ] --END-- [ RunTime:0.001996s ]
NOTIC: [8] A session had already been started - ignoring session_start() D:\phpStudy\WWW\internship_tp\Application\Admin\Controller\InitializeController.class.php 第 6 行.
NOTIC: [8192] mysql_escape_string(): This function is deprecated; use mysql_real_escape_string() instead. D:\phpStudy\WWW\internship_tp\ThinkPHP\Library\Think\Db\Driver\Mysql.class.php 第 330 行.
NOTIC: [8192] mysql_escape_string(): This function is deprecated; use mysql_real_escape_string() instead. D:\phpStudy\WWW\internship_tp\ThinkPHP\Library\Think\Db\Driver\Mysql.class.php 第 330 行.
SQL: UPDATE `role` SET `rolename`='后台管理员啊大大' WHERE ( id=1 ) [ RunTime:0.001162s ]
INFO: [ app_end ] --START--
INFO: Run Behavior\ShowPageTrace [ RunTime:0.005101s ]
INFO: [ app_end ] --END-- [ RunTime:0.005276s ]

[ 2017-03-22T15:21:01+08:00 ] 127.0.0.1 /Admin/Access/update_role?action=ajax
INFO: [ app_begin ] --START--
INFO: Run Behavior\ReadHtmlCache [ RunTime:0.001412s ]
INFO: [ app_begin ] --END-- [ RunTime:0.001954s ]
NOTIC: [8] A session had already been started - ignoring session_start() D:\phpStudy\WWW\internship_tp\Application\Admin\Controller\InitializeController.class.php 第 6 行.
NOTIC: [8192] mysql_escape_string(): This function is deprecated; use mysql_real_escape_string() instead. D:\phpStudy\WWW\internship_tp\ThinkPHP\Library\Think\Db\Driver\Mysql.class.php 第 330 行.
NOTIC: [8192] mysql_escape_string(): This function is deprecated; use mysql_real_escape_string() instead. D:\phpStudy\WWW\internship_tp\ThinkPHP\Library\Think\Db\Driver\Mysql.class.php 第 330 行.
SQL: UPDATE `role` SET `rolename`='后台超级管理员1' WHERE ( id=2 ) [ RunTime:0.001048s ]
INFO: [ app_end ] --START--
INFO: Run Behavior\ShowPageTrace [ RunTime:0.007842s ]
INFO: [ app_end ] --END-- [ RunTime:0.008364s ]

[ 2017-03-22T15:21:04+08:00 ] 127.0.0.1 /Admin/Access/update_role?action=ajax
INFO: [ app_begin ] --START--
INFO: Run Behavior\ReadHtmlCache [ RunTime:0.002002s ]
INFO: [ app_begin ] --END-- [ RunTime:0.002638s ]
NOTIC: [8] A session had already been started - ignoring session_start() D:\phpStudy\WWW\internship_tp\Application\Admin\Controller\InitializeController.class.php 第 6 行.
NOTIC: [8192] mysql_escape_string(): This function is deprecated; use mysql_real_escape_string() instead. D:\phpStudy\WWW\internship_tp\ThinkPHP\Library\Think\Db\Driver\Mysql.class.php 第 330 行.
NOTIC: [8192] mysql_escape_string(): This function is deprecated; use mysql_real_escape_string() instead. D:\phpStudy\WWW\internship_tp\ThinkPHP\Library\Think\Db\Driver\Mysql.class.php 第 330 行.
SQL: UPDATE `role` SET `rolename`='商城用户2' WHERE ( id=3 ) [ RunTime:0.000474s ]
INFO: [ app_end ] --START--
INFO: Run Behavior\ShowPageTrace [ RunTime:0.004909s ]
INFO: [ app_end ] --END-- [ RunTime:0.005085s ]

[ 2017-03-22T15:21:06+08:00 ] 127.0.0.1 /Admin/Access/update_role?action=ajax
INFO: [ app_begin ] --START--
INFO: Run Behavior\ReadHtmlCache [ RunTime:0.001355s ]
INFO: [ app_begin ] --END-- [ RunTime:0.001949s ]
NOTIC: [8] A session had already been started - ignoring session_start() D:\phpStudy\WWW\internship_tp\Application\Admin\Controller\InitializeController.class.php 第 6 行.
NOTIC: [8192] mysql_escape_string(): This function is deprecated; use mysql_real_escape_string() instead. D:\phpStudy\WWW\internship_tp\ThinkPHP\Library\Think\Db\Driver\Mysql.class.php 第 330 行.
NOTIC: [8192] mysql_escape_string(): This function is deprecated; use mysql_real_escape_string() instead. D:\phpStudy\WWW\internship_tp\ThinkPHP\Library\Think\Db\Driver\Mysql.class.php 第 330 行.
SQL: UPDATE `role` SET `rolename`='前端商城超管3' WHERE ( id=4 ) [ RunTime:0.000619s ]
INFO: [ app_end ] --START--
INFO: Run Behavior\ShowPageTrace [ RunTime:0.005112s ]
INFO: [ app_end ] --END-- [ RunTime:0.005302s ]

[ 2017-03-22T15:21:08+08:00 ] 127.0.0.1 /Admin/Access/update_role?action=ajax
INFO: [ app_begin ] --START--
INFO: Run Behavior\ReadHtmlCache [ RunTime:0.001298s ]
INFO: [ app_begin ] --END-- [ RunTime:0.001818s ]
NOTIC: [8] A session had already been started - ignoring session_start() D:\phpStudy\WWW\internship_tp\Application\Admin\Controller\InitializeController.class.php 第 6 行.
NOTIC: [8192] mysql_escape_string(): This function is deprecated; use mysql_real_escape_string() instead. D:\phpStudy\WWW\internship_tp\ThinkPHP\Library\Think\Db\Driver\Mysql.class.php 第 330 行.
NOTIC: [8192] mysql_escape_string(): This function is deprecated; use mysql_real_escape_string() instead. D:\phpStudy\WWW\internship_tp\ThinkPHP\Library\Think\Db\Driver\Mysql.class.php 第 330 行.
SQL: UPDATE `role` SET `rolename`='终极管理员4' WHERE ( id=6 ) [ RunTime:0.000302s ]
INFO: [ app_end ] --START--
INFO: Run Behavior\ShowPageTrace [ RunTime:0.001958s ]
INFO: [ app_end ] --END-- [ RunTime:0.002030s ]

[ 2017-03-22T15:21:11+08:00 ] 127.0.0.1 /Admin/Access/update_role?action=ajax
INFO: [ app_begin ] --START--
INFO: Run Behavior\ReadHtmlCache [ RunTime:0.001458s ]
INFO: [ app_begin ] --END-- [ RunTime:0.002046s ]
NOTIC: [8] A session had already been started - ignoring session_start() D:\phpStudy\WWW\internship_tp\Application\Admin\Controller\InitializeController.class.php 第 6 行.
NOTIC: [8192] mysql_escape_string(): This function is deprecated; use mysql_real_escape_string() instead. D:\phpStudy\WWW\internship_tp\ThinkPHP\Library\Think\Db\Driver\Mysql.class.php 第 330 行.
NOTIC: [8192] mysql_escape_string(): This function is deprecated; use mysql_real_escape_string() instead. D:\phpStudy\WWW\internship_tp\ThinkPHP\Library\Think\Db\Driver\Mysql.class.php 第 330 行.
SQL: UPDATE `role` SET `rolename`='前端终极管理员5' WHERE ( id=8 ) [ RunTime:0.000630s ]
INFO: [ app_end ] --START--
INFO: Run Behavior\ShowPageTrace [ RunTime:0.004690s ]
INFO: [ app_end ] --END-- [ RunTime:0.004870s ]

[ 2017-03-22T15:23:48+08:00 ] 127.0.0.1 /Admin/Access/update_role?action=ajax
INFO: [ app_begin ] --START--
INFO: Run Behavior\ReadHtmlCache [ RunTime:0.001353s ]
INFO: [ app_begin ] --END-- [ RunTime:0.002022s ]
NOTIC: [8] A session had already been started - ignoring session_start() D:\phpStudy\WWW\internship_tp\Application\Admin\Controller\InitializeController.class.php 第 6 行.
NOTIC: [8192] mysql_escape_string(): This function is deprecated; use mysql_real_escape_string() instead. D:\phpStudy\WWW\internship_tp\ThinkPHP\Library\Think\Db\Driver\Mysql.class.php 第 330 行.
NOTIC: [8192] mysql_escape_string(): This function is deprecated; use mysql_real_escape_string() instead. D:\phpStudy\WWW\internship_tp\ThinkPHP\Library\Think\Db\Driver\Mysql.class.php 第 330 行.
SQL: UPDATE `role` SET `rolename`='后台超级管理员12' WHERE ( id=2 ) [ RunTime:0.000776s ]
INFO: [ app_end ] --START--
INFO: Run Behavior\ShowPageTrace [ RunTime:0.005327s ]
INFO: [ app_end ] --END-- [ RunTime:0.005520s ]

[ 2017-03-22T15:23:59+08:00 ] 127.0.0.1 /Admin/Access/update_role?action=ajax
INFO: [ app_begin ] --START--
INFO: Run Behavior\ReadHtmlCache [ RunTime:0.001323s ]
INFO: [ app_begin ] --END-- [ RunTime:0.002038s ]
NOTIC: [8] A session had already been started - ignoring session_start() D:\phpStudy\WWW\internship_tp\Application\Admin\Controller\InitializeController.class.php 第 6 行.
NOTIC: [8192] mysql_escape_string(): This function is deprecated; use mysql_real_escape_string() instead. D:\phpStudy\WWW\internship_tp\ThinkPHP\Library\Think\Db\Driver\Mysql.class.php 第 330 行.
NOTIC: [8192] mysql_escape_string(): This function is deprecated; use mysql_real_escape_string() instead. D:\phpStudy\WWW\internship_tp\ThinkPHP\Library\Think\Db\Driver\Mysql.class.php 第 330 行.
SQL: UPDATE `role` SET `rolename`='后台管理员' WHERE ( id=1 ) [ RunTime:0.000601s ]
INFO: [ app_end ] --START--
INFO: Run Behavior\ShowPageTrace [ RunTime:0.002458s ]
INFO: [ app_end ] --END-- [ RunTime:0.002582s ]

[ 2017-03-22T15:24:02+08:00 ] 127.0.0.1 /Admin/Access/update_role?action=ajax
INFO: [ app_begin ] --START--
INFO: Run Behavior\ReadHtmlCache [ RunTime:0.003561s ]
INFO: [ app_begin ] --END-- [ RunTime:0.005080s ]
NOTIC: [8] A session had already been started - ignoring session_start() D:\phpStudy\WWW\internship_tp\Application\Admin\Controller\InitializeController.class.php 第 6 行.
NOTIC: [8192] mysql_escape_string(): This function is deprecated; use mysql_real_escape_string() instead. D:\phpStudy\WWW\internship_tp\ThinkPHP\Library\Think\Db\Driver\Mysql.class.php 第 330 行.
NOTIC: [8192] mysql_escape_string(): This function is deprecated; use mysql_real_escape_string() instead. D:\phpStudy\WWW\internship_tp\ThinkPHP\Library\Think\Db\Driver\Mysql.class.php 第 330 行.
SQL: UPDATE `role` SET `rolename`='后台超级管理员' WHERE ( id=2 ) [ RunTime:0.000344s ]
INFO: [ app_end ] --START--
INFO: Run Behavior\ShowPageTrace [ RunTime:0.001423s ]
INFO: [ app_end ] --END-- [ RunTime:0.001484s ]

[ 2017-03-22T15:24:05+08:00 ] 127.0.0.1 /Admin/Access/update_role?action=ajax
INFO: [ app_begin ] --START--
INFO: Run Behavior\ReadHtmlCache [ RunTime:0.002867s ]
INFO: [ app_begin ] --END-- [ RunTime:0.003971s ]
NOTIC: [8] A session had already been started - ignoring session_start() D:\phpStudy\WWW\internship_tp\Application\Admin\Controller\InitializeController.class.php 第 6 行.
NOTIC: [8192] mysql_escape_string(): This function is deprecated; use mysql_real_escape_string() instead. D:\phpStudy\WWW\internship_tp\ThinkPHP\Library\Think\Db\Driver\Mysql.class.php 第 330 行.
NOTIC: [8192] mysql_escape_string(): This function is deprecated; use mysql_real_escape_string() instead. D:\phpStudy\WWW\internship_tp\ThinkPHP\Library\Think\Db\Driver\Mysql.class.php 第 330 行.
SQL: UPDATE `role` SET `rolename`='商城用户' WHERE ( id=3 ) [ RunTime:0.000286s ]
INFO: [ app_end ] --START--
INFO: Run Behavior\ShowPageTrace [ RunTime:0.001726s ]
INFO: [ app_end ] --END-- [ RunTime:0.001840s ]

[ 2017-03-22T15:24:08+08:00 ] 127.0.0.1 /Admin/Access/update_role?action=ajax
INFO: [ app_begin ] --START--
INFO: Run Behavior\ReadHtmlCache [ RunTime:0.001012s ]
INFO: [ app_begin ] --END-- [ RunTime:0.001640s ]
NOTIC: [8] A session had already been started - ignoring session_start() D:\phpStudy\WWW\internship_tp\Application\Admin\Controller\InitializeController.class.php 第 6 行.
NOTIC: [8192] mysql_escape_string(): This function is deprecated; use mysql_real_escape_string() instead. D:\phpStudy\WWW\internship_tp\ThinkPHP\Library\Think\Db\Driver\Mysql.class.php 第 330 行.
NOTIC: [8192] mysql_escape_string(): This function is deprecated; use mysql_real_escape_string() instead. D:\phpStudy\WWW\internship_tp\ThinkPHP\Library\Think\Db\Driver\Mysql.class.php 第 330 行.
SQL: UPDATE `role` SET `rolename`='前端商城超管' WHERE ( id=4 ) [ RunTime:0.000889s ]
INFO: [ app_end ] --START--
INFO: Run Behavior\ShowPageTrace [ RunTime:0.003163s ]
INFO: [ app_end ] --END-- [ RunTime:0.003399s ]

[ 2017-03-22T15:24:11+08:00 ] 127.0.0.1 /Admin/Access/update_role?action=ajax
INFO: [ app_begin ] --START--
INFO: Run Behavior\ReadHtmlCache [ RunTime:0.002978s ]
INFO: [ app_begin ] --END-- [ RunTime:0.003658s ]
NOTIC: [8] A session had already been started - ignoring session_start() D:\phpStudy\WWW\internship_tp\Application\Admin\Controller\InitializeController.class.php 第 6 行.
NOTIC: [8192] mysql_escape_string(): This function is deprecated; use mysql_real_escape_string() instead. D:\phpStudy\WWW\internship_tp\ThinkPHP\Library\Think\Db\Driver\Mysql.class.php 第 330 行.
NOTIC: [8192] mysql_escape_string(): This function is deprecated; use mysql_real_escape_string() instead. D:\phpStudy\WWW\internship_tp\ThinkPHP\Library\Think\Db\Driver\Mysql.class.php 第 330 行.
SQL: UPDATE `role` SET `rolename`='终极管理员' WHERE ( id=6 ) [ RunTime:0.000967s ]
INFO: [ app_end ] --START--
INFO: Run Behavior\ShowPageTrace [ RunTime:0.005432s ]
INFO: [ app_end ] --END-- [ RunTime:0.005703s ]

[ 2017-03-22T15:24:14+08:00 ] 127.0.0.1 /Admin/Access/update_role?action=ajax
INFO: [ app_begin ] --START--
INFO: Run Behavior\ReadHtmlCache [ RunTime:0.000963s ]
INFO: [ app_begin ] --END-- [ RunTime:0.001518s ]
NOTIC: [8] A session had already been started - ignoring session_start() D:\phpStudy\WWW\internship_tp\Application\Admin\Controller\InitializeController.class.php 第 6 行.
NOTIC: [8192] mysql_escape_string(): This function is deprecated; use mysql_real_escape_string() instead. D:\phpStudy\WWW\internship_tp\ThinkPHP\Library\Think\Db\Driver\Mysql.class.php 第 330 行.
NOTIC: [8192] mysql_escape_string(): This function is deprecated; use mysql_real_escape_string() instead. D:\phpStudy\WWW\internship_tp\ThinkPHP\Library\Think\Db\Driver\Mysql.class.php 第 330 行.
SQL: UPDATE `role` SET `rolename`='前端终极管理员' WHERE ( id=8 ) [ RunTime:0.000613s ]
INFO: [ app_end ] --START--
INFO: Run Behavior\ShowPageTrace [ RunTime:0.003950s ]
INFO: [ app_end ] --END-- [ RunTime:0.004119s ]

[ 2017-03-22T15:37:38+08:00 ] 127.0.0.1 /Admin/Access/update_perm?action=ajax
INFO: [ app_begin ] --START--
INFO: Run Behavior\ReadHtmlCache [ RunTime:0.001374s ]
INFO: [ app_begin ] --END-- [ RunTime:0.002100s ]
NOTIC: [8] A session had already been started - ignoring session_start() D:\phpStudy\WWW\internship_tp\Application\Admin\Controller\InitializeController.class.php 第 6 行.
NOTIC: [8192] mysql_escape_string(): This function is deprecated; use mysql_real_escape_string() instead. D:\phpStudy\WWW\internship_tp\ThinkPHP\Library\Think\Db\Driver\Mysql.class.php 第 330 行.
NOTIC: [8192] mysql_escape_string(): This function is deprecated; use mysql_real_escape_string() instead. D:\phpStudy\WWW\internship_tp\ThinkPHP\Library\Think\Db\Driver\Mysql.class.php 第 330 行.
SQL: UPDATE `permission` SET `permname`='' WHERE ( id=1 ) [ RunTime:0.000441s ]
INFO: [ app_end ] --START--
INFO: Run Behavior\ShowPageTrace [ RunTime:0.002282s ]
INFO: [ app_end ] --END-- [ RunTime:0.002415s ]

[ 2017-03-22T15:39:02+08:00 ] 127.0.0.1 /Admin/Access/update_perm?action=ajax
INFO: [ app_begin ] --START--
INFO: Run Behavior\ReadHtmlCache [ RunTime:0.002029s ]
INFO: [ app_begin ] --END-- [ RunTime:0.002566s ]
NOTIC: [8] A session had already been started - ignoring session_start() D:\phpStudy\WWW\internship_tp\Application\Admin\Controller\InitializeController.class.php 第 6 行.
NOTIC: [8192] mysql_escape_string(): This function is deprecated; use mysql_real_escape_string() instead. D:\phpStudy\WWW\internship_tp\ThinkPHP\Library\Think\Db\Driver\Mysql.class.php 第 330 行.
NOTIC: [8192] mysql_escape_string(): This function is deprecated; use mysql_real_escape_string() instead. D:\phpStudy\WWW\internship_tp\ThinkPHP\Library\Think\Db\Driver\Mysql.class.php 第 330 行.
SQL: UPDATE `permission` SET `permname`='' WHERE ( id=1 ) [ RunTime:0.000779s ]
INFO: [ app_end ] --START--
INFO: Run Behavior\ShowPageTrace [ RunTime:0.003859s ]
INFO: [ app_end ] --END-- [ RunTime:0.004052s ]

[ 2017-03-22T15:39:04+08:00 ] 127.0.0.1 /Admin/Access/update_perm?action=ajax
INFO: [ app_begin ] --START--
INFO: Run Behavior\ReadHtmlCache [ RunTime:0.003311s ]
INFO: [ app_begin ] --END-- [ RunTime:0.006789s ]
NOTIC: [8] A session had already been started - ignoring session_start() D:\phpStudy\WWW\internship_tp\Application\Admin\Controller\InitializeController.class.php 第 6 行.
NOTIC: [8192] mysql_escape_string(): This function is deprecated; use mysql_real_escape_string() instead. D:\phpStudy\WWW\internship_tp\ThinkPHP\Library\Think\Db\Driver\Mysql.class.php 第 330 行.
NOTIC: [8192] mysql_escape_string(): This function is deprecated; use mysql_real_escape_string() instead. D:\phpStudy\WWW\internship_tp\ThinkPHP\Library\Think\Db\Driver\Mysql.class.php 第 330 行.
SQL: UPDATE `permission` SET `permname`='' WHERE ( id=1 ) [ RunTime:0.000401s ]
INFO: [ app_end ] --START--
INFO: Run Behavior\ShowPageTrace [ RunTime:0.001919s ]
INFO: [ app_end ] --END-- [ RunTime:0.002014s ]

[ 2017-03-22T15:39:50+08:00 ] 127.0.0.1 /Admin/Access/update_perm?action=ajax
INFO: [ app_begin ] --START--
INFO: Run Behavior\ReadHtmlCache [ RunTime:0.000932s ]
INFO: [ app_begin ] --END-- [ RunTime:0.001481s ]
NOTIC: [8] A session had already been started - ignoring session_start() D:\phpStudy\WWW\internship_tp\Application\Admin\Controller\InitializeController.class.php 第 6 行.
NOTIC: [8192] mysql_escape_string(): This function is deprecated; use mysql_real_escape_string() instead. D:\phpStudy\WWW\internship_tp\ThinkPHP\Library\Think\Db\Driver\Mysql.class.php 第 330 行.
NOTIC: [8192] mysql_escape_string(): This function is deprecated; use mysql_real_escape_string() instead. D:\phpStudy\WWW\internship_tp\ThinkPHP\Library\Think\Db\Driver\Mysql.class.php 第 330 行.
SQL: UPDATE `permission` SET `permname`='前端商城登录' WHERE ( id=1 ) [ RunTime:0.000704s ]
INFO: [ app_end ] --START--
INFO: Run Behavior\ShowPageTrace [ RunTime:0.005103s ]
INFO: [ app_end ] --END-- [ RunTime:0.005372s ]

[ 2017-03-22T15:49:27+08:00 ] 127.0.0.1 /Admin/Access/update_perm?action=ajax
INFO: [ app_begin ] --START--
INFO: Run Behavior\ReadHtmlCache [ RunTime:0.002013s ]
INFO: [ app_begin ] --END-- [ RunTime:0.003032s ]
NOTIC: [8] A session had already been started - ignoring session_start() D:\phpStudy\WWW\internship_tp\Application\Admin\Controller\InitializeController.class.php 第 6 行.
NOTIC: [8192] mysql_escape_string(): This function is deprecated; use mysql_real_escape_string() instead. D:\phpStudy\WWW\internship_tp\ThinkPHP\Library\Think\Db\Driver\Mysql.class.php 第 330 行.
NOTIC: [8192] mysql_escape_string(): This function is deprecated; use mysql_real_escape_string() instead. D:\phpStudy\WWW\internship_tp\ThinkPHP\Library\Think\Db\Driver\Mysql.class.php 第 330 行.
SQL: UPDATE `permission` SET `permname`='登录后台' WHERE ( id=2 ) [ RunTime:0.000691s ]
INFO: [ app_end ] --START--
INFO: Run Behavior\ShowPageTrace [ RunTime:0.004058s ]
INFO: [ app_end ] --END-- [ RunTime:0.004254s ]

[ 2017-03-22T16:01:19+08:00 ] 127.0.0.1 /Admin/Access/update_perm?action=ajax
INFO: [ app_begin ] --START--
INFO: Run Behavior\ReadHtmlCache [ RunTime:0.001265s ]
INFO: [ app_begin ] --END-- [ RunTime:0.002104s ]
NOTIC: [8] A session had already been started - ignoring session_start() D:\phpStudy\WWW\internship_tp\Application\Admin\Controller\InitializeController.class.php 第 6 行.
NOTIC: [8192] mysql_escape_string(): This function is deprecated; use mysql_real_escape_string() instead. D:\phpStudy\WWW\internship_tp\ThinkPHP\Library\Think\Db\Driver\Mysql.class.php 第 330 行.
NOTIC: [8192] mysql_escape_string(): This function is deprecated; use mysql_real_escape_string() instead. D:\phpStudy\WWW\internship_tp\ThinkPHP\Library\Think\Db\Driver\Mysql.class.php 第 330 行.
SQL: UPDATE `permission` SET `permname`='前端商城登录1' WHERE ( id=1 ) [ RunTime:0.000356s ]
INFO: [ app_end ] --START--
INFO: Run Behavior\ShowPageTrace [ RunTime:0.001366s ]
INFO: [ app_end ] --END-- [ RunTime:0.001439s ]

[ 2017-03-22T16:01:31+08:00 ] 127.0.0.1 /Admin/Access/update_perm?action=ajax
INFO: [ app_begin ] --START--
INFO: Run Behavior\ReadHtmlCache [ RunTime:0.001191s ]
INFO: [ app_begin ] --END-- [ RunTime:0.002069s ]
NOTIC: [8] A session had already been started - ignoring session_start() D:\phpStudy\WWW\internship_tp\Application\Admin\Controller\InitializeController.class.php 第 6 行.
NOTIC: [8192] mysql_escape_string(): This function is deprecated; use mysql_real_escape_string() instead. D:\phpStudy\WWW\internship_tp\ThinkPHP\Library\Think\Db\Driver\Mysql.class.php 第 330 行.
NOTIC: [8192] mysql_escape_string(): This function is deprecated; use mysql_real_escape_string() instead. D:\phpStudy\WWW\internship_tp\ThinkPHP\Library\Think\Db\Driver\Mysql.class.php 第 330 行.
SQL: UPDATE `permission` SET `permname`='前端商城登录' WHERE ( id=1 ) [ RunTime:0.000369s ]
INFO: [ app_end ] --START--
INFO: Run Behavior\ShowPageTrace [ RunTime:0.003114s ]
INFO: [ app_end ] --END-- [ RunTime:0.003260s ]

[ 2017-03-22T16:02:55+08:00 ] 127.0.0.1 /Admin/Access/update_perm?action=ajax
INFO: [ app_begin ] --START--
INFO: Run Behavior\ReadHtmlCache [ RunTime:0.001096s ]
INFO: [ app_begin ] --END-- [ RunTime:0.001743s ]
NOTIC: [8] A session had already been started - ignoring session_start() D:\phpStudy\WWW\internship_tp\Application\Admin\Controller\InitializeController.class.php 第 6 行.
NOTIC: [8192] mysql_escape_string(): This function is deprecated; use mysql_real_escape_string() instead. D:\phpStudy\WWW\internship_tp\ThinkPHP\Library\Think\Db\Driver\Mysql.class.php 第 330 行.
NOTIC: [8192] mysql_escape_string(): This function is deprecated; use mysql_real_escape_string() instead. D:\phpStudy\WWW\internship_tp\ThinkPHP\Library\Think\Db\Driver\Mysql.class.php 第 330 行.
SQL: UPDATE `permission` SET `permname`='登录后台2' WHERE ( id=2 ) [ RunTime:0.000803s ]
INFO: [ app_end ] --START--
INFO: Run Behavior\ShowPageTrace [ RunTime:0.004668s ]
INFO: [ app_end ] --END-- [ RunTime:0.004878s ]

[ 2017-03-22T16:05:14+08:00 ] 127.0.0.1 /Admin/Access/update_perm?action=ajax
INFO: [ app_begin ] --START--
INFO: Run Behavior\ReadHtmlCache [ RunTime:0.002029s ]
INFO: [ app_begin ] --END-- [ RunTime:0.003123s ]
NOTIC: [8] A session had already been started - ignoring session_start() D:\phpStudy\WWW\internship_tp\Application\Admin\Controller\InitializeController.class.php 第 6 行.
NOTIC: [8192] mysql_escape_string(): This function is deprecated; use mysql_real_escape_string() instead. D:\phpStudy\WWW\internship_tp\ThinkPHP\Library\Think\Db\Driver\Mysql.class.php 第 330 行.
NOTIC: [8192] mysql_escape_string(): This function is deprecated; use mysql_real_escape_string() instead. D:\phpStudy\WWW\internship_tp\ThinkPHP\Library\Think\Db\Driver\Mysql.class.php 第 330 行.
SQL: UPDATE `permission` SET `permname`='登录后台' WHERE ( id=2 ) [ RunTime:0.000617s ]
INFO: [ app_end ] --START--
INFO: Run Behavior\ShowPageTrace [ RunTime:0.004501s ]
INFO: [ app_end ] --END-- [ RunTime:0.004700s ]

[ 2017-03-22T16:16:48+08:00 ] 127.0.0.1 /Admin/Access/update_perm?action=ajax
INFO: [ app_begin ] --START--
INFO: Run Behavior\ReadHtmlCache [ RunTime:0.001075s ]
INFO: [ app_begin ] --END-- [ RunTime:0.001735s ]
NOTIC: [8] A session had already been started - ignoring session_start() D:\phpStudy\WWW\internship_tp\Application\Admin\Controller\InitializeController.class.php 第 6 行.
NOTIC: [8192] mysql_escape_string(): This function is deprecated; use mysql_real_escape_string() instead. D:\phpStudy\WWW\internship_tp\ThinkPHP\Library\Think\Db\Driver\Mysql.class.php 第 330 行.
NOTIC: [8192] mysql_escape_string(): This function is deprecated; use mysql_real_escape_string() instead. D:\phpStudy\WWW\internship_tp\ThinkPHP\Library\Think\Db\Driver\Mysql.class.php 第 330 行.
SQL: UPDATE `permission` SET `permname`='前端商城登录2' WHERE ( id=1 ) [ RunTime:0.000713s ]
INFO: [ app_end ] --START--
INFO: Run Behavior\ShowPageTrace [ RunTime:0.003960s ]
INFO: [ app_end ] --END-- [ RunTime:0.004139s ]

[ 2017-03-22T16:16:51+08:00 ] 127.0.0.1 /Admin/Access/update_perm?action=ajax
INFO: [ app_begin ] --START--
INFO: Run Behavior\ReadHtmlCache [ RunTime:0.001814s ]
INFO: [ app_begin ] --END-- [ RunTime:0.002550s ]
NOTIC: [8] A session had already been started - ignoring session_start() D:\phpStudy\WWW\internship_tp\Application\Admin\Controller\InitializeController.class.php 第 6 行.
NOTIC: [8192] mysql_escape_string(): This function is deprecated; use mysql_real_escape_string() instead. D:\phpStudy\WWW\internship_tp\ThinkPHP\Library\Think\Db\Driver\Mysql.class.php 第 330 行.
NOTIC: [8192] mysql_escape_string(): This function is deprecated; use mysql_real_escape_string() instead. D:\phpStudy\WWW\internship_tp\ThinkPHP\Library\Think\Db\Driver\Mysql.class.php 第 330 行.
SQL: UPDATE `permission` SET `permname`='登录后台2' WHERE ( id=2 ) [ RunTime:0.000472s ]
INFO: [ app_end ] --START--
INFO: Run Behavior\ShowPageTrace [ RunTime:0.002107s ]
INFO: [ app_end ] --END-- [ RunTime:0.002213s ]

[ 2017-03-22T16:16:53+08:00 ] 127.0.0.1 /Admin/Access/update_perm?action=ajax
INFO: [ app_begin ] --START--
INFO: Run Behavior\ReadHtmlCache [ RunTime:0.001519s ]
INFO: [ app_begin ] --END-- [ RunTime:0.002785s ]
NOTIC: [8] A session had already been started - ignoring session_start() D:\phpStudy\WWW\internship_tp\Application\Admin\Controller\InitializeController.class.php 第 6 行.
NOTIC: [8192] mysql_escape_string(): This function is deprecated; use mysql_real_escape_string() instead. D:\phpStudy\WWW\internship_tp\ThinkPHP\Library\Think\Db\Driver\Mysql.class.php 第 330 行.
NOTIC: [8192] mysql_escape_string(): This function is deprecated; use mysql_real_escape_string() instead. D:\phpStudy\WWW\internship_tp\ThinkPHP\Library\Think\Db\Driver\Mysql.class.php 第 330 行.
SQL: UPDATE `permission` SET `permname`='登录后台及管理所有功能2' WHERE ( id=3 ) [ RunTime:0.000334s ]
INFO: [ app_end ] --START--
INFO: Run Behavior\ShowPageTrace [ RunTime:0.001708s ]
INFO: [ app_end ] --END-- [ RunTime:0.001781s ]

[ 2017-03-22T16:16:55+08:00 ] 127.0.0.1 /Admin/Access/update_perm?action=ajax
INFO: [ app_begin ] --START--
INFO: Run Behavior\ReadHtmlCache [ RunTime:0.001134s ]
INFO: [ app_begin ] --END-- [ RunTime:0.001912s ]
NOTIC: [8] A session had already been started - ignoring session_start() D:\phpStudy\WWW\internship_tp\Application\Admin\Controller\InitializeController.class.php 第 6 行.
NOTIC: [8192] mysql_escape_string(): This function is deprecated; use mysql_real_escape_string() instead. D:\phpStudy\WWW\internship_tp\ThinkPHP\Library\Think\Db\Driver\Mysql.class.php 第 330 行.
NOTIC: [8192] mysql_escape_string(): This function is deprecated; use mysql_real_escape_string() instead. D:\phpStudy\WWW\internship_tp\ThinkPHP\Library\Think\Db\Driver\Mysql.class.php 第 330 行.
SQL: UPDATE `permission` SET `permname`='前端所有功能的操作2' WHERE ( id=4 ) [ RunTime:0.000477s ]
INFO: [ app_end ] --START--
INFO: Run Behavior\ShowPageTrace [ RunTime:0.002127s ]
INFO: [ app_end ] --END-- [ RunTime:0.002238s ]

[ 2017-03-22T16:17:00+08:00 ] 127.0.0.1 /Admin/Access/update_perm?action=ajax
INFO: [ app_begin ] --START--
INFO: Run Behavior\ReadHtmlCache [ RunTime:0.001301s ]
INFO: [ app_begin ] --END-- [ RunTime:0.002485s ]
NOTIC: [8] A session had already been started - ignoring session_start() D:\phpStudy\WWW\internship_tp\Application\Admin\Controller\InitializeController.class.php 第 6 行.
NOTIC: [8192] mysql_escape_string(): This function is deprecated; use mysql_real_escape_string() instead. D:\phpStudy\WWW\internship_tp\ThinkPHP\Library\Think\Db\Driver\Mysql.class.php 第 330 行.
NOTIC: [8192] mysql_escape_string(): This function is deprecated; use mysql_real_escape_string() instead. D:\phpStudy\WWW\internship_tp\ThinkPHP\Library\Think\Db\Driver\Mysql.class.php 第 330 行.
SQL: UPDATE `permission` SET `permname`='前端商城登录' WHERE ( id=1 ) [ RunTime:0.001109s ]
INFO: [ app_end ] --START--
INFO: Run Behavior\ShowPageTrace [ RunTime:0.005942s ]
INFO: [ app_end ] --END-- [ RunTime:0.006205s ]

[ 2017-03-22T16:17:03+08:00 ] 127.0.0.1 /Admin/Access/update_perm?action=ajax
INFO: [ app_begin ] --START--
INFO: Run Behavior\ReadHtmlCache [ RunTime:0.002612s ]
INFO: [ app_begin ] --END-- [ RunTime:0.005023s ]
NOTIC: [8] A session had already been started - ignoring session_start() D:\phpStudy\WWW\internship_tp\Application\Admin\Controller\InitializeController.class.php 第 6 行.
NOTIC: [8192] mysql_escape_string(): This function is deprecated; use mysql_real_escape_string() instead. D:\phpStudy\WWW\internship_tp\ThinkPHP\Library\Think\Db\Driver\Mysql.class.php 第 330 行.
NOTIC: [8192] mysql_escape_string(): This function is deprecated; use mysql_real_escape_string() instead. D:\phpStudy\WWW\internship_tp\ThinkPHP\Library\Think\Db\Driver\Mysql.class.php 第 330 行.
SQL: UPDATE `permission` SET `permname`='登录后台' WHERE ( id=2 ) [ RunTime:0.000576s ]
INFO: [ app_end ] --START--
INFO: Run Behavior\ShowPageTrace [ RunTime:0.004039s ]
INFO: [ app_end ] --END-- [ RunTime:0.004374s ]

[ 2017-03-22T16:17:05+08:00 ] 127.0.0.1 /Admin/Access/update_perm?action=ajax
INFO: [ app_begin ] --START--
INFO: Run Behavior\ReadHtmlCache [ RunTime:0.001698s ]
INFO: [ app_begin ] --END-- [ RunTime:0.003777s ]
NOTIC: [8] A session had already been started - ignoring session_start() D:\phpStudy\WWW\internship_tp\Application\Admin\Controller\InitializeController.class.php 第 6 行.
NOTIC: [8192] mysql_escape_string(): This function is deprecated; use mysql_real_escape_string() instead. D:\phpStudy\WWW\internship_tp\ThinkPHP\Library\Think\Db\Driver\Mysql.class.php 第 330 行.
NOTIC: [8192] mysql_escape_string(): This function is deprecated; use mysql_real_escape_string() instead. D:\phpStudy\WWW\internship_tp\ThinkPHP\Library\Think\Db\Driver\Mysql.class.php 第 330 行.
SQL: UPDATE `permission` SET `permname`='登录后台及管理所有功能' WHERE ( id=3 ) [ RunTime:0.000531s ]
INFO: [ app_end ] --START--
INFO: Run Behavior\ShowPageTrace [ RunTime:0.003550s ]
INFO: [ app_end ] --END-- [ RunTime:0.003706s ]

[ 2017-03-22T16:17:06+08:00 ] 127.0.0.1 /Admin/Access/update_perm?action=ajax
INFO: [ app_begin ] --START--
INFO: Run Behavior\ReadHtmlCache [ RunTime:0.001130s ]
INFO: [ app_begin ] --END-- [ RunTime:0.001837s ]
NOTIC: [8] A session had already been started - ignoring session_start() D:\phpStudy\WWW\internship_tp\Application\Admin\Controller\InitializeController.class.php 第 6 行.
NOTIC: [8192] mysql_escape_string(): This function is deprecated; use mysql_real_escape_string() instead. D:\phpStudy\WWW\internship_tp\ThinkPHP\Library\Think\Db\Driver\Mysql.class.php 第 330 行.
NOTIC: [8192] mysql_escape_string(): This function is deprecated; use mysql_real_escape_string() instead. D:\phpStudy\WWW\internship_tp\ThinkPHP\Library\Think\Db\Driver\Mysql.class.php 第 330 行.
SQL: UPDATE `permission` SET `permname`='前端所有功能的操作' WHERE ( id=4 ) [ RunTime:0.000929s ]
INFO: [ app_end ] --START--
INFO: Run Behavior\ShowPageTrace [ RunTime:0.005644s ]
INFO: [ app_end ] --END-- [ RunTime:0.005901s ]

[ 2017-03-22T16:46:24+08:00 ] 127.0.0.1 /Admin/Access/update_perm?action=ajax
INFO: [ app_begin ] --START--
INFO: Run Behavior\ReadHtmlCache [ RunTime:0.001029s ]
INFO: [ app_begin ] --END-- [ RunTime:0.001673s ]
NOTIC: [8] A session had already been started - ignoring session_start() D:\phpStudy\WWW\internship_tp\Application\Admin\Controller\InitializeController.class.php 第 6 行.
NOTIC: [8192] mysql_escape_string(): This function is deprecated; use mysql_real_escape_string() instead. D:\phpStudy\WWW\internship_tp\ThinkPHP\Library\Think\Db\Driver\Mysql.class.php 第 330 行.
NOTIC: [8192] mysql_escape_string(): This function is deprecated; use mysql_real_escape_string() instead. D:\phpStudy\WWW\internship_tp\ThinkPHP\Library\Think\Db\Driver\Mysql.class.php 第 330 行.
SQL: UPDATE `permission` SET `permname`='前端商城登录2' WHERE ( id=1 ) [ RunTime:0.001051s ]
INFO: [ app_end ] --START--
INFO: Run Behavior\ShowPageTrace [ RunTime:0.004918s ]
INFO: [ app_end ] --END-- [ RunTime:0.005186s ]

[ 2017-03-22T16:46:43+08:00 ] 127.0.0.1 /Admin/Access/update_perm?action=ajax
INFO: [ app_begin ] --START--
INFO: Run Behavior\ReadHtmlCache [ RunTime:0.001030s ]
INFO: [ app_begin ] --END-- [ RunTime:0.001658s ]
NOTIC: [8] A session had already been started - ignoring session_start() D:\phpStudy\WWW\internship_tp\Application\Admin\Controller\InitializeController.class.php 第 6 行.
NOTIC: [8192] mysql_escape_string(): This function is deprecated; use mysql_real_escape_string() instead. D:\phpStudy\WWW\internship_tp\ThinkPHP\Library\Think\Db\Driver\Mysql.class.php 第 330 行.
NOTIC: [8192] mysql_escape_string(): This function is deprecated; use mysql_real_escape_string() instead. D:\phpStudy\WWW\internship_tp\ThinkPHP\Library\Think\Db\Driver\Mysql.class.php 第 330 行.
SQL: UPDATE `permission` SET `permname`='前端商城登录' WHERE ( id=1 ) [ RunTime:0.000933s ]
INFO: [ app_end ] --START--
INFO: Run Behavior\ShowPageTrace [ RunTime:0.005564s ]
INFO: [ app_end ] --END-- [ RunTime:0.005787s ]

[ 2017-03-22T16:47:08+08:00 ] 127.0.0.1 /Admin/Access/update_perm?action=ajax
INFO: [ app_begin ] --START--
INFO: Run Behavior\ReadHtmlCache [ RunTime:0.001158s ]
INFO: [ app_begin ] --END-- [ RunTime:0.002169s ]
NOTIC: [8] A session had already been started - ignoring session_start() D:\phpStudy\WWW\internship_tp\Application\Admin\Controller\InitializeController.class.php 第 6 行.
NOTIC: [8192] mysql_escape_string(): This function is deprecated; use mysql_real_escape_string() instead. D:\phpStudy\WWW\internship_tp\ThinkPHP\Library\Think\Db\Driver\Mysql.class.php 第 330 行.
NOTIC: [8192] mysql_escape_string(): This function is deprecated; use mysql_real_escape_string() instead. D:\phpStudy\WWW\internship_tp\ThinkPHP\Library\Think\Db\Driver\Mysql.class.php 第 330 行.
SQL: UPDATE `permission` SET `permname`='前端商城登录1' WHERE ( id=1 ) [ RunTime:0.000856s ]
INFO: [ app_end ] --START--
INFO: Run Behavior\ShowPageTrace [ RunTime:0.005860s ]
INFO: [ app_end ] --END-- [ RunTime:0.006121s ]

[ 2017-03-22T16:47:11+08:00 ] 127.0.0.1 /Admin/Access/update_perm?action=ajax
INFO: [ app_begin ] --START--
INFO: Run Behavior\ReadHtmlCache [ RunTime:0.001039s ]
INFO: [ app_begin ] --END-- [ RunTime:0.001715s ]
NOTIC: [8] A session had already been started - ignoring session_start() D:\phpStudy\WWW\internship_tp\Application\Admin\Controller\InitializeController.class.php 第 6 行.
NOTIC: [8192] mysql_escape_string(): This function is deprecated; use mysql_real_escape_string() instead. D:\phpStudy\WWW\internship_tp\ThinkPHP\Library\Think\Db\Driver\Mysql.class.php 第 330 行.
NOTIC: [8192] mysql_escape_string(): This function is deprecated; use mysql_real_escape_string() instead. D:\phpStudy\WWW\internship_tp\ThinkPHP\Library\Think\Db\Driver\Mysql.class.php 第 330 行.
SQL: UPDATE `permission` SET `permname`='前端商城登录' WHERE ( id=1 ) [ RunTime:0.000304s ]
INFO: [ app_end ] --START--
INFO: Run Behavior\ShowPageTrace [ RunTime:0.001450s ]
INFO: [ app_end ] --END-- [ RunTime:0.001507s ]

[ 2017-03-22T16:47:32+08:00 ] 127.0.0.1 /Admin/Access/update_perm?action=ajax
INFO: [ app_begin ] --START--
INFO: Run Behavior\ReadHtmlCache [ RunTime:0.001017s ]
INFO: [ app_begin ] --END-- [ RunTime:0.001715s ]
NOTIC: [8] A session had already been started - ignoring session_start() D:\phpStudy\WWW\internship_tp\Application\Admin\Controller\InitializeController.class.php 第 6 行.
NOTIC: [8192] mysql_escape_string(): This function is deprecated; use mysql_real_escape_string() instead. D:\phpStudy\WWW\internship_tp\ThinkPHP\Library\Think\Db\Driver\Mysql.class.php 第 330 行.
NOTIC: [8192] mysql_escape_string(): This function is deprecated; use mysql_real_escape_string() instead. D:\phpStudy\WWW\internship_tp\ThinkPHP\Library\Think\Db\Driver\Mysql.class.php 第 330 行.
SQL: UPDATE `permission` SET `permname`='前端商城登录1' WHERE ( id=1 ) [ RunTime:0.000282s ]
INFO: [ app_end ] --START--
INFO: Run Behavior\ShowPageTrace [ RunTime:0.001706s ]
INFO: [ app_end ] --END-- [ RunTime:0.001785s ]

[ 2017-03-22T16:48:23+08:00 ] 127.0.0.1 /Admin/Access/update_perm?action=ajax
INFO: [ app_begin ] --START--
INFO: Run Behavior\ReadHtmlCache [ RunTime:0.001129s ]
INFO: [ app_begin ] --END-- [ RunTime:0.001820s ]
NOTIC: [8] A session had already been started - ignoring session_start() D:\phpStudy\WWW\internship_tp\Application\Admin\Controller\InitializeController.class.php 第 6 行.
NOTIC: [8192] mysql_escape_string(): This function is deprecated; use mysql_real_escape_string() instead. D:\phpStudy\WWW\internship_tp\ThinkPHP\Library\Think\Db\Driver\Mysql.class.php 第 330 行.
NOTIC: [8192] mysql_escape_string(): This function is deprecated; use mysql_real_escape_string() instead. D:\phpStudy\WWW\internship_tp\ThinkPHP\Library\Think\Db\Driver\Mysql.class.php 第 330 行.
SQL: UPDATE `permission` SET `permname`='前端商城登录' WHERE ( id=1 ) [ RunTime:0.000912s ]
INFO: [ app_end ] --START--
INFO: Run Behavior\ShowPageTrace [ RunTime:0.005400s ]
INFO: [ app_end ] --END-- [ RunTime:0.005710s ]

[ 2017-03-22T16:48:33+08:00 ] 127.0.0.1 /Admin/Access/update_perm?action=ajax
INFO: [ app_begin ] --START--
INFO: Run Behavior\ReadHtmlCache [ RunTime:0.001176s ]
INFO: [ app_begin ] --END-- [ RunTime:0.001928s ]
NOTIC: [8] A session had already been started - ignoring session_start() D:\phpStudy\WWW\internship_tp\Application\Admin\Controller\InitializeController.class.php 第 6 行.
NOTIC: [8192] mysql_escape_string(): This function is deprecated; use mysql_real_escape_string() instead. D:\phpStudy\WWW\internship_tp\ThinkPHP\Library\Think\Db\Driver\Mysql.class.php 第 330 行.
NOTIC: [8192] mysql_escape_string(): This function is deprecated; use mysql_real_escape_string() instead. D:\phpStudy\WWW\internship_tp\ThinkPHP\Library\Think\Db\Driver\Mysql.class.php 第 330 行.
SQL: UPDATE `permission` SET `permname`='前端商城登录1' WHERE ( id=1 ) [ RunTime:0.000872s ]
INFO: [ app_end ] --START--
INFO: Run Behavior\ShowPageTrace [ RunTime:0.005476s ]
INFO: [ app_end ] --END-- [ RunTime:0.005688s ]

[ 2017-03-22T16:48:38+08:00 ] 127.0.0.1 /Admin/Access/update_perm?action=ajax
INFO: [ app_begin ] --START--
INFO: Run Behavior\ReadHtmlCache [ RunTime:0.001103s ]
INFO: [ app_begin ] --END-- [ RunTime:0.001791s ]
NOTIC: [8] A session had already been started - ignoring session_start() D:\phpStudy\WWW\internship_tp\Application\Admin\Controller\InitializeController.class.php 第 6 行.
NOTIC: [8192] mysql_escape_string(): This function is deprecated; use mysql_real_escape_string() instead. D:\phpStudy\WWW\internship_tp\ThinkPHP\Library\Think\Db\Driver\Mysql.class.php 第 330 行.
NOTIC: [8192] mysql_escape_string(): This function is deprecated; use mysql_real_escape_string() instead. D:\phpStudy\WWW\internship_tp\ThinkPHP\Library\Think\Db\Driver\Mysql.class.php 第 330 行.
SQL: UPDATE `permission` SET `permname`='前端商城登录' WHERE ( id=1 ) [ RunTime:0.000975s ]
INFO: [ app_end ] --START--
INFO: Run Behavior\ShowPageTrace [ RunTime:0.004878s ]
INFO: [ app_end ] --END-- [ RunTime:0.005113s ]

